<?xml version="1.0" encoding="utf-8"?>
<log version="1.0" tool="runtool">

<msg id="1" tool="runtool">
  <type>log-start</type>
  <arg>2023/03/07 19:02:57</arg>
</msg>
<msg id="2" tool="runtool">
  <type>bandwidth-measurement-starts</type>
</msg>
<msg id="3" tool="runtool">
  <type>bandwidth-measurement-done</type>
</msg>
<msg id="4" tool="runtool">
  <type>collector-starts</type>
</msg>
<msg id="5" tool="runtool">
  <type>marker-file</type>
  <arg>/user/home/rk19763/advanced-hpc-lbm/advi_results1/e000/trc000/trc000.advixe</arg>
</msg>
<msg id="6" tool="trc">
  <type>PROCESS_START</type>
  <arg>/user/home/rk19763/advanced-hpc-lbm/d2q9-bgk</arg>
  <arg>3270</arg>
  <severity>INFO</severity>
  <timestamp>Tue Mar  7 19:03:13 2023</timestamp>
</msg>
<msg id="7" tool="trc">
  <type>PROCESS_ANALYSIS_MODE</type>
  <arg>full</arg>
  <severity>INFO</severity>
  <timestamp>Tue Mar  7 19:03:13 2023</timestamp>
</msg>
<msg id="8" tool="trc">
  <type>LOAD_MODULE</type>
  <arg>/user/home/rk19763/advanced-hpc-lbm/d2q9-bgk</arg>
  <arg>0x400000</arg>
  <arg>0x60f47f</arg>
  <arg>yes</arg>
  <severity>INFO</severity>
  <timestamp>Tue Mar  7 19:03:13 2023</timestamp>
</msg>
<msg id="9" tool="trc">
  <type>LOAD_MODULE</type>
  <arg>/lib64/ld-linux-x86-64.so.2</arg>
  <arg>0x2b28404eb000</arg>
  <arg>0x2b284070e14f</arg>
  <arg>yes</arg>
  <severity>INFO</severity>
  <timestamp>Tue Mar  7 19:03:13 2023</timestamp>
</msg>
<msg id="10" tool="trc">
  <type>LOAD_MODULE</type>
  <arg>[vdso]</arg>
  <arg>0x7ffc3e1f4000</arg>
  <arg>0x7ffc3e1f4e6c</arg>
  <arg>no</arg>
  <severity>INFO</severity>
  <timestamp>Tue Mar  7 19:03:13 2023</timestamp>
</msg>
<msg id="11" tool="trc">
  <type>LOAD_MODULE</type>
  <arg>/lib64/libm.so.6</arg>
  <arg>0x2b2855fa1000</arg>
  <arg>0x2b28562a2137</arg>
  <arg>yes</arg>
  <severity>INFO</severity>
  <timestamp>Tue Mar  7 19:03:13 2023</timestamp>
</msg>
<msg id="12" tool="trc">
  <type>LOAD_MODULE</type>
  <arg>/mnt/storage/software/languages/gcc-10.4.0/lib64/libgcc_s.so.1</arg>
  <arg>0x2b28562c5000</arg>
  <arg>0x2b28564dc447</arg>
  <arg>yes</arg>
  <severity>INFO</severity>
  <timestamp>Tue Mar  7 19:03:13 2023</timestamp>
</msg>
<msg id="13" tool="trc">
  <type>LOAD_MODULE</type>
  <arg>/lib64/libc.so.6</arg>
  <arg>0x2b28564e1000</arg>
  <arg>0x2b28568ae1ff</arg>
  <arg>yes</arg>
  <severity>INFO</severity>
  <timestamp>Tue Mar  7 19:03:13 2023</timestamp>
</msg>
<msg id="14" tool="trc">
  <type>LOAD_MODULE</type>
  <arg>/lib64/libdl.so.2</arg>
  <arg>0x2b28568af000</arg>
  <arg>0x2b2856ab212f</arg>
  <arg>yes</arg>
  <severity>INFO</severity>
  <timestamp>Tue Mar  7 19:03:13 2023</timestamp>
</msg>
<msg id="15" tool="trc">
  <type>UNLOAD_MODULE</type>
  <arg>/user/home/rk19763/advanced-hpc-lbm/d2q9-bgk</arg>
  <severity>INFO</severity>
  <timestamp>Tue Mar  7 19:04:32 2023</timestamp>
</msg>
<msg id="16" tool="trc">
  <type>UNLOAD_MODULE</type>
  <arg>/lib64/ld-linux-x86-64.so.2</arg>
  <severity>INFO</severity>
  <timestamp>Tue Mar  7 19:04:32 2023</timestamp>
</msg>
<msg id="17" tool="trc">
  <type>UNLOAD_MODULE</type>
  <arg>[vdso]</arg>
  <severity>INFO</severity>
  <timestamp>Tue Mar  7 19:04:32 2023</timestamp>
</msg>
<msg id="18" tool="trc">
  <type>UNLOAD_MODULE</type>
  <arg>/lib64/libm.so.6</arg>
  <severity>INFO</severity>
  <timestamp>Tue Mar  7 19:04:32 2023</timestamp>
</msg>
<msg id="19" tool="trc">
  <type>UNLOAD_MODULE</type>
  <arg>/mnt/storage/software/languages/gcc-10.4.0/lib64/libgcc_s.so.1</arg>
  <severity>INFO</severity>
  <timestamp>Tue Mar  7 19:04:32 2023</timestamp>
</msg>
<msg id="20" tool="trc">
  <type>UNLOAD_MODULE</type>
  <arg>/lib64/libc.so.6</arg>
  <severity>INFO</severity>
  <timestamp>Tue Mar  7 19:04:32 2023</timestamp>
</msg>
<msg id="21" tool="trc">
  <type>UNLOAD_MODULE</type>
  <arg>/lib64/libdl.so.2</arg>
  <severity>INFO</severity>
  <timestamp>Tue Mar  7 19:04:32 2023</timestamp>
</msg>
<msg id="22" tool="trc">
  <type>PROCESS_FINISH</type>
  <arg>/user/home/rk19763/advanced-hpc-lbm/d2q9-bgk</arg>
  <arg>3270</arg>
  <arg>0x0</arg>
  <severity>INFO</severity>
  <timestamp>Tue Mar  7 19:04:32 2023</timestamp>
</msg>
<msg id="23" tool="runtool">
  <type>app-exit-code</type>
  <arg>0</arg>
</msg>
<msg id="24" tool="runtool">
  <type>marker-file</type>
  <arg>/user/home/rk19763/advanced-hpc-lbm/advi_results1/e000/trc000/trc000.advixe</arg>
</msg>
<msg id="25" tool="runtool">
  <type>collector-done</type>
</msg>
<msg id="26" tool="runtool">
  <type>log-end</type>
  <arg>2023/03/07 19:04:36</arg>
</msg>

</log>

