<?xml version="1.0" encoding="utf-8" ?>
<!-- DO NOT EDIT THIS FILE -->

<log version='2.0' source='trc'>
	<msg id='1' display='false' source='trc'>
		<type>PROCESS_START</type>
		<severity>INFO</severity>
		<timestamp>Tue May  2 14:37:40 2023</timestamp>
		<arg name='process'>/mnt/storage/software/languages/intel/intel-parallel_studio_xe_2020_u4/compilers_and_libraries_2020.4.304/linux/bin/intel64/mcpcom</arg>
		<arg name='pid'>2815</arg>
	</msg>
	<!-- Instrumentation filter's state:
    Patterns applicability:
        Generic loop pattern.....................: enabled
        Generic loop pattern (with dynamic jumps): enabled
        Known trip value loop pattern............: enabled
        Runtime final value loop pattern.........: enabled
        No initial IV loop pattern...............: enabled
        IV step only loop pattern................: enabled
        No entry loop pattern....................: enabled
    Clustered memory model (CMM) applicability:
        Generic loop pattern.....................: enabled
        Generic loop pattern (with dynamic jumps): enabled
        Known trip value loop pattern............: enabled
        Runtime final value loop pattern.........: enabled
        No initial IV loop pattern...............: enabled
        IV step only loop pattern................: enabled
        No entry loop pattern....................: disabled
 -->
	<msg id='2' display='false' source='trc'>
		<type>FAIL_OPEN_FILE</type>
		<severity>ERROR</severity>
		<timestamp>Tue May  2 14:37:40 2023</timestamp>
		<arg name='filename'></arg>
	</msg>
	<!-- Callstack mode:
    filter modules.........: true
    filter routines........: true
    count loops............: false
    count flops............: false
    trace..................: false
    extended trace.........: false
    omp trace..............: false
    jit trace..............: false
    failures trace.........: false
    dump raw...............: false
    dump final.............: false
    dump all...............: false
    stack stitching........: true
    stl profiling..........: true
    aggressive frame switch: true
    unwind frame exit......: true
    analyze child loops....: true
 -->
	<!-- Managed application profiling: -->
	<!-- 	State...................: enabled -->
	<!-- Gpu Profiling: -->
	<!-- 	State: disabled -->
	<msg id='3' display='false' source='trc'>
		<type>PROCESS_ANALYSIS_MODE</type>
		<severity>INFO</severity>
		<timestamp>Tue May  2 14:37:40 2023</timestamp>
		<arg name='mode'>full</arg>
	</msg>
	<msg id='4' display='false' source='trc'>
		<type>LOAD_MODULE</type>
		<severity>INFO</severity>
		<timestamp>Tue May  2 14:37:40 2023</timestamp>
		<arg name='module'>/mnt/storage/software/languages/intel/intel-parallel_studio_xe_2020_u4/compilers_and_libraries_2020.4.304/linux/bin/intel64/mcpcom</arg>
		<arg name='basement'>0x400000</arg>
		<arg name='ceiling'>0x3cac2af</arg>
		<arg name='symtab'>no</arg>
	</msg>
	<!-- Instrumentation of /mnt/storage/software/languages/intel/intel-parallel_studio_xe_2020_u4/compilers_and_libraries_2020.4.304/linux/bin/intel64/mcpcom image skipped because of no symbols and stripped binaries profiling is disabled. -->
	<msg id='5' display='false' source='trc'>
		<type>LOAD_MODULE</type>
		<severity>INFO</severity>
		<timestamp>Tue May  2 14:37:40 2023</timestamp>
		<arg name='module'>/lib64/ld-linux-x86-64.so.2</arg>
		<arg name='basement'>0x2ac404280000</arg>
		<arg name='ceiling'>0x2ac4044a314f</arg>
		<arg name='symtab'>yes</arg>
	</msg>
	<!-- Instrumentation of /lib64/ld-linux-x86-64.so.2 image skipped because of filter conditions. -->
	<msg id='6' display='false' source='trc'>
		<type>LOAD_MODULE</type>
		<severity>INFO</severity>
		<timestamp>Tue May  2 14:37:40 2023</timestamp>
		<arg name='module'>[vdso]</arg>
		<arg name='basement'>0x7ffe22785000</arg>
		<arg name='ceiling'>0x7ffe22785e6c</arg>
		<arg name='symtab'>no</arg>
	</msg>
	<!-- Instrumentation of [vdso] image skipped because of no symbols and stripped binaries profiling is disabled. -->
	<msg id='7' display='false' source='trc'>
		<type>LOAD_MODULE</type>
		<severity>INFO</severity>
		<timestamp>Tue May  2 14:37:40 2023</timestamp>
		<arg name='module'>/lib64/libdl.so.2</arg>
		<arg name='basement'>0x2ac419ba6000</arg>
		<arg name='ceiling'>0x2ac419da912f</arg>
		<arg name='symtab'>yes</arg>
	</msg>
	<!-- Instrumentation of /lib64/libdl.so.2 image skipped because of filter conditions. -->
	<msg id='8' display='false' source='trc'>
		<type>LOAD_MODULE</type>
		<severity>INFO</severity>
		<timestamp>Tue May  2 14:37:40 2023</timestamp>
		<arg name='module'>/lib64/libpthread.so.0</arg>
		<arg name='basement'>0x2ac419dc5000</arg>
		<arg name='ceiling'>0x2ac419fe0487</arg>
		<arg name='symtab'>yes</arg>
	</msg>
	<!-- Instrumentation of /lib64/libpthread.so.0 image skipped because of filter conditions. -->
	<msg id='9' display='false' source='trc'>
		<type>LOAD_MODULE</type>
		<severity>INFO</severity>
		<timestamp>Tue May  2 14:37:41 2023</timestamp>
		<arg name='module'>/mnt/storage/software/languages/gcc-10.4.0/lib64/libstdc++.so.6</arg>
		<arg name='basement'>0x2ac419fee000</arg>
		<arg name='ceiling'>0x2ac41a3bb8ff</arg>
		<arg name='symtab'>yes</arg>
	</msg>
	<!-- Instrumentation of /mnt/storage/software/languages/gcc-10.4.0/lib64/libstdc++.so.6 image skipped because of filter conditions. -->
	<msg id='10' display='false' source='trc'>
		<type>LOAD_MODULE</type>
		<severity>INFO</severity>
		<timestamp>Tue May  2 14:37:41 2023</timestamp>
		<arg name='module'>/lib64/libm.so.6</arg>
		<arg name='basement'>0x2ac41a3bc000</arg>
		<arg name='ceiling'>0x2ac41a6bd137</arg>
		<arg name='symtab'>yes</arg>
	</msg>
	<!-- Instrumenting image: id = 7, name = /lib64/libm.so.6 -->
	<!-- Instrumenting loops in routine "atan2Mp.constprop.0" -->
	<!-- Instrumenting loops in routine "__fmod_finite" -->
	<!-- Instrumenting loops in routine "__jn_finite" -->
	<!-- Instrumenting loops in routine "__yn_finite" -->
	<!-- Instrumenting loops in routine "__lgamma_r_finite" with dynamic jumps -->
	<!-- Instrumenting loops in routine "__ieee754_log_sse2" -->
	<!-- Instrumenting loops in routine "__remainder_finite" -->
	<!-- Instrumenting loops in routine "__ieee754_ilogb" -->
	<!-- Instrumenting loops in routine "__kernel_rem_pio2" -->
	<!-- Instrumenting loops in routine "atanMp.constprop.0" -->
	<!-- Instrumenting loops in routine "__x2y2m1" -->
	<!-- Instrumenting loops in routine "__fmodf_finite" -->
	<!-- Instrumenting loops in routine "__jnf_finite" -->
	<!-- Instrumenting loops in routine "__ynf_finite" -->
	<!-- Instrumenting loops in routine "__lgammaf_r_finite" with dynamic jumps -->
	<!-- Instrumenting loops in routine "__ieee754_ilogbf" -->
	<!-- Instrumenting loops in routine "__kernel_rem_pio2f" -->
	<!-- Instrumenting loops in routine "__fmodl_finite" -->
	<!-- Instrumenting loops in routine "__jnl_finite" -->
	<!-- Instrumenting loops in routine "__ynl_finite" -->
	<!-- Instrumenting loops in routine "__lgammal_r_finite" with dynamic jumps -->
	<!-- Instrumenting loops in routine "__powl_finite" -->
	<!-- Instrumenting loops in routine "__remainderl_finite" -->
	<!-- Instrumenting loops in routine "__x2y2m1l" -->
	<!-- Instrumenting loops in routine "__halfulp" -->
	<!-- Instrumenting loops in routine "__acr" -->
	<!-- Instrumenting loops in routine "__cpy" -->
	<!-- Instrumenting loops in routine "sub_magnitudes" -->
	<!-- Instrumenting loops in routine "__mp_dbl" -->
	<!-- Instrumenting loops in routine "__dbl_mp" -->
	<!-- Instrumenting loops in routine "__add" -->
	<!-- Instrumenting loops in routine "__sub" -->
	<!-- Instrumenting loops in routine "__mul" -->
	<!-- Instrumenting loops in routine "__sqr" -->
	<!-- Instrumenting loops in routine "__dvd" -->
	<!-- Instrumenting loops in routine "__mpatan" -->
	<!-- Instrumenting loops in routine "__mpexp" -->
	<!-- Instrumenting loops in routine "__mplog" -->
	<!-- Instrumenting loops in routine "__mpsqrt" -->
	<!-- Instrumenting loops in routine "__c32" -->
	<!-- Instrumenting loops in routine "__mpranred" -->
	<!-- Instrumenting loops in routine "__ieee754_log_fma4" -->
	<!-- Instrumenting loops in routine "atanMp.constprop.0" -->
	<!-- Instrumenting loops in routine "atan2Mp.constprop.0" -->
	<!-- Instrumenting loops in routine "__mplog_fma4" -->
	<!-- Instrumenting loops in routine "sub_magnitudes" -->
	<!-- Instrumenting loops in routine "__dbl_mp_fma4" -->
	<!-- Instrumenting loops in routine "__add_fma4" -->
	<!-- Instrumenting loops in routine "__sub_fma4" -->
	<!-- Instrumenting loops in routine "__mul_fma4" -->
	<!-- Instrumenting loops in routine "__sqr_fma4" -->
	<!-- Instrumenting loops in routine "__dvd_fma4" -->
	<!-- Instrumenting loops in routine "__c32_fma4" -->
	<!-- Instrumenting loops in routine "__mpranred_fma4" -->
	<!-- Instrumenting loops in routine "__halfulp_fma4" -->
	<!-- Instrumenting loops in routine "__mpexp_fma4" -->
	<!-- Instrumenting loops in routine "__mpatan_fma4" -->
	<!-- Instrumenting loops in routine "__mpsqrt_fma4" -->
	<!-- Instrumenting loops in routine "__ieee754_log_avx" -->
	<!-- Instrumenting loops in routine "atanMp.constprop.0" -->
	<!-- Instrumenting loops in routine "atan2Mp.constprop.0" -->
	<!-- Instrumenting loops in routine "__mplog_avx" -->
	<!-- Instrumenting loops in routine "sub_magnitudes" -->
	<!-- Instrumenting loops in routine "__dbl_mp_avx" -->
	<!-- Instrumenting loops in routine "__add_avx" -->
	<!-- Instrumenting loops in routine "__sub_avx" -->
	<!-- Instrumenting loops in routine "__mul_avx" -->
	<!-- Instrumenting loops in routine "__sqr_avx" -->
	<!-- Instrumenting loops in routine "__dvd_avx" -->
	<!-- Instrumenting loops in routine "__mpexp_avx" -->
	<msg id='11' display='false' source='trc'>
		<type>LOAD_MODULE</type>
		<severity>INFO</severity>
		<timestamp>Tue May  2 14:37:41 2023</timestamp>
		<arg name='module'>/mnt/storage/software/languages/gcc-10.4.0/lib64/libgcc_s.so.1</arg>
		<arg name='basement'>0x2ac41a6be000</arg>
		<arg name='ceiling'>0x2ac41a8d5447</arg>
		<arg name='symtab'>yes</arg>
	</msg>
	<!-- Instrumentation of /mnt/storage/software/languages/gcc-10.4.0/lib64/libgcc_s.so.1 image skipped because of filter conditions. -->
	<msg id='12' display='false' source='trc'>
		<type>LOAD_MODULE</type>
		<severity>INFO</severity>
		<timestamp>Tue May  2 14:37:41 2023</timestamp>
		<arg name='module'>/lib64/libc.so.6</arg>
		<arg name='basement'>0x2ac41a8d6000</arg>
		<arg name='ceiling'>0x2ac41aca31ff</arg>
		<arg name='symtab'>yes</arg>
	</msg>
	<!-- Instrumentation of /lib64/libc.so.6 image skipped because of filter conditions. -->
	<msg id='13' display='false' source='trc'>
		<type>UNLOAD_MODULE</type>
		<severity>INFO</severity>
		<timestamp>Tue May  2 14:38:41 2023</timestamp>
		<arg name='module'>/mnt/storage/software/languages/intel/intel-parallel_studio_xe_2020_u4/compilers_and_libraries_2020.4.304/linux/bin/intel64/mcpcom</arg>
	</msg>
	<msg id='14' display='false' source='trc'>
		<type>UNLOAD_MODULE</type>
		<severity>INFO</severity>
		<timestamp>Tue May  2 14:38:41 2023</timestamp>
		<arg name='module'>/lib64/ld-linux-x86-64.so.2</arg>
	</msg>
	<msg id='15' display='false' source='trc'>
		<type>UNLOAD_MODULE</type>
		<severity>INFO</severity>
		<timestamp>Tue May  2 14:38:41 2023</timestamp>
		<arg name='module'>[vdso]</arg>
	</msg>
	<msg id='16' display='false' source='trc'>
		<type>UNLOAD_MODULE</type>
		<severity>INFO</severity>
		<timestamp>Tue May  2 14:38:42 2023</timestamp>
		<arg name='module'>/lib64/libdl.so.2</arg>
	</msg>
	<msg id='17' display='false' source='trc'>
		<type>UNLOAD_MODULE</type>
		<severity>INFO</severity>
		<timestamp>Tue May  2 14:38:42 2023</timestamp>
		<arg name='module'>/lib64/libpthread.so.0</arg>
	</msg>
	<msg id='18' display='false' source='trc'>
		<type>UNLOAD_MODULE</type>
		<severity>INFO</severity>
		<timestamp>Tue May  2 14:38:42 2023</timestamp>
		<arg name='module'>/mnt/storage/software/languages/gcc-10.4.0/lib64/libstdc++.so.6</arg>
	</msg>
	<msg id='19' display='false' source='trc'>
		<type>UNLOAD_MODULE</type>
		<severity>INFO</severity>
		<timestamp>Tue May  2 14:38:42 2023</timestamp>
		<arg name='module'>/lib64/libm.so.6</arg>
	</msg>
	<msg id='20' display='false' source='trc'>
		<type>UNLOAD_MODULE</type>
		<severity>INFO</severity>
		<timestamp>Tue May  2 14:38:42 2023</timestamp>
		<arg name='module'>/mnt/storage/software/languages/gcc-10.4.0/lib64/libgcc_s.so.1</arg>
	</msg>
	<msg id='21' display='false' source='trc'>
		<type>UNLOAD_MODULE</type>
		<severity>INFO</severity>
		<timestamp>Tue May  2 14:38:42 2023</timestamp>
		<arg name='module'>/lib64/libc.so.6</arg>
	</msg>
	<msg id='22' display='false' source='trc'>
		<type>PROCESS_FINISH</type>
		<severity>INFO</severity>
		<timestamp>Tue May  2 14:38:42 2023</timestamp>
		<arg name='process'>/mnt/storage/software/languages/intel/intel-parallel_studio_xe_2020_u4/compilers_and_libraries_2020.4.304/linux/bin/intel64/mcpcom</arg>
		<arg name='pid'>2815</arg>
		<arg name='exitcode'>0x0</arg>
	</msg>
	<!-- Application exited with code 0 -->
</log>