<?xml version="1.0" encoding="utf-8" ?>
<!-- DO NOT EDIT THIS FILE -->

<log version='2.0' source='trc'>
	<msg id='1' display='false' source='trc'>
		<type>PROCESS_START</type>
		<severity>INFO</severity>
		<timestamp>Tue May  2 14:37:23 2023</timestamp>
		<arg name='process'>/mnt/storage/software/languages/intel/intel-parallel_studio_xe_2020_u4/compilers_and_libraries_2020.4.304/linux/bin/intel64/icc</arg>
		<arg name='pid'>1368</arg>
	</msg>
	<!-- Instrumentation filter's state:
    Patterns applicability:
        Generic loop pattern.....................: enabled
        Generic loop pattern (with dynamic jumps): enabled
        Known trip value loop pattern............: enabled
        Runtime final value loop pattern.........: enabled
        No initial IV loop pattern...............: enabled
        IV step only loop pattern................: enabled
        No entry loop pattern....................: enabled
    Clustered memory model (CMM) applicability:
        Generic loop pattern.....................: enabled
        Generic loop pattern (with dynamic jumps): enabled
        Known trip value loop pattern............: enabled
        Runtime final value loop pattern.........: enabled
        No initial IV loop pattern...............: enabled
        IV step only loop pattern................: enabled
        No entry loop pattern....................: disabled
 -->
	<msg id='2' display='false' source='trc'>
		<type>FAIL_OPEN_FILE</type>
		<severity>ERROR</severity>
		<timestamp>Tue May  2 14:37:23 2023</timestamp>
		<arg name='filename'></arg>
	</msg>
	<!-- Callstack mode:
    filter modules.........: true
    filter routines........: true
    count loops............: false
    count flops............: false
    trace..................: false
    extended trace.........: false
    omp trace..............: false
    jit trace..............: false
    failures trace.........: false
    dump raw...............: false
    dump final.............: false
    dump all...............: false
    stack stitching........: true
    stl profiling..........: true
    aggressive frame switch: true
    unwind frame exit......: true
    analyze child loops....: true
 -->
	<!-- Managed application profiling: -->
	<!-- 	State...................: enabled -->
	<!-- Gpu Profiling: -->
	<!-- 	State: disabled -->
	<msg id='3' display='false' source='trc'>
		<type>PROCESS_ANALYSIS_MODE</type>
		<severity>INFO</severity>
		<timestamp>Tue May  2 14:37:23 2023</timestamp>
		<arg name='mode'>full</arg>
	</msg>
	<msg id='4' display='false' source='trc'>
		<type>LOAD_MODULE</type>
		<severity>INFO</severity>
		<timestamp>Tue May  2 14:37:23 2023</timestamp>
		<arg name='module'>/mnt/storage/software/languages/intel/intel-parallel_studio_xe_2020_u4/compilers_and_libraries_2020.4.304/linux/bin/intel64/icc</arg>
		<arg name='basement'>0x400000</arg>
		<arg name='ceiling'>0x81ed27</arg>
		<arg name='symtab'>no</arg>
	</msg>
	<!-- Instrumentation of /mnt/storage/software/languages/intel/intel-parallel_studio_xe_2020_u4/compilers_and_libraries_2020.4.304/linux/bin/intel64/icc image skipped because of no symbols and stripped binaries profiling is disabled. -->
	<msg id='5' display='false' source='trc'>
		<type>LOAD_MODULE</type>
		<severity>INFO</severity>
		<timestamp>Tue May  2 14:37:23 2023</timestamp>
		<arg name='module'>/lib64/ld-linux-x86-64.so.2</arg>
		<arg name='basement'>0x2b085b3e9000</arg>
		<arg name='ceiling'>0x2b085b60c14f</arg>
		<arg name='symtab'>yes</arg>
	</msg>
	<!-- Instrumentation of /lib64/ld-linux-x86-64.so.2 image skipped because of filter conditions. -->
	<msg id='6' display='false' source='trc'>
		<type>LOAD_MODULE</type>
		<severity>INFO</severity>
		<timestamp>Tue May  2 14:37:23 2023</timestamp>
		<arg name='module'>[vdso]</arg>
		<arg name='basement'>0x7ffd0b9c9000</arg>
		<arg name='ceiling'>0x7ffd0b9c9e6c</arg>
		<arg name='symtab'>no</arg>
	</msg>
	<!-- Instrumentation of [vdso] image skipped because of no symbols and stripped binaries profiling is disabled. -->
	<msg id='7' display='false' source='trc'>
		<type>LOAD_MODULE</type>
		<severity>INFO</severity>
		<timestamp>Tue May  2 14:37:23 2023</timestamp>
		<arg name='module'>/lib64/libdl.so.2</arg>
		<arg name='basement'>0x2b087113a000</arg>
		<arg name='ceiling'>0x2b087133d12f</arg>
		<arg name='symtab'>yes</arg>
	</msg>
	<!-- Instrumentation of /lib64/libdl.so.2 image skipped because of filter conditions. -->
	<msg id='8' display='false' source='trc'>
		<type>LOAD_MODULE</type>
		<severity>INFO</severity>
		<timestamp>Tue May  2 14:37:23 2023</timestamp>
		<arg name='module'>/lib64/libpthread.so.0</arg>
		<arg name='basement'>0x2b0871359000</arg>
		<arg name='ceiling'>0x2b0871574487</arg>
		<arg name='symtab'>yes</arg>
	</msg>
	<!-- Instrumentation of /lib64/libpthread.so.0 image skipped because of filter conditions. -->
	<msg id='9' display='false' source='trc'>
		<type>LOAD_MODULE</type>
		<severity>INFO</severity>
		<timestamp>Tue May  2 14:37:24 2023</timestamp>
		<arg name='module'>/mnt/storage/software/languages/gcc-10.4.0/lib64/libstdc++.so.6</arg>
		<arg name='basement'>0x2b0871584000</arg>
		<arg name='ceiling'>0x2b08719518ff</arg>
		<arg name='symtab'>yes</arg>
	</msg>
	<!-- Instrumentation of /mnt/storage/software/languages/gcc-10.4.0/lib64/libstdc++.so.6 image skipped because of filter conditions. -->
	<msg id='10' display='false' source='trc'>
		<type>LOAD_MODULE</type>
		<severity>INFO</severity>
		<timestamp>Tue May  2 14:37:24 2023</timestamp>
		<arg name='module'>/lib64/libm.so.6</arg>
		<arg name='basement'>0x2b0871952000</arg>
		<arg name='ceiling'>0x2b0871c53137</arg>
		<arg name='symtab'>yes</arg>
	</msg>
	<!-- Instrumenting image: id = 7, name = /lib64/libm.so.6 -->
	<!-- Instrumenting loops in routine "atan2Mp.constprop.0" -->
	<!-- Instrumenting loops in routine "__fmod_finite" -->
	<!-- Instrumenting loops in routine "__jn_finite" -->
	<!-- Instrumenting loops in routine "__yn_finite" -->
	<!-- Instrumenting loops in routine "__lgamma_r_finite" with dynamic jumps -->
	<!-- Instrumenting loops in routine "__ieee754_log_sse2" -->
	<!-- Instrumenting loops in routine "__remainder_finite" -->
	<!-- Instrumenting loops in routine "__ieee754_ilogb" -->
	<!-- Instrumenting loops in routine "__kernel_rem_pio2" -->
	<!-- Instrumenting loops in routine "atanMp.constprop.0" -->
	<!-- Instrumenting loops in routine "__x2y2m1" -->
	<!-- Instrumenting loops in routine "__fmodf_finite" -->
	<!-- Instrumenting loops in routine "__jnf_finite" -->
	<!-- Instrumenting loops in routine "__ynf_finite" -->
	<!-- Instrumenting loops in routine "__lgammaf_r_finite" with dynamic jumps -->
	<!-- Instrumenting loops in routine "__ieee754_ilogbf" -->
	<!-- Instrumenting loops in routine "__kernel_rem_pio2f" -->
	<!-- Instrumenting loops in routine "__fmodl_finite" -->
	<!-- Instrumenting loops in routine "__jnl_finite" -->
	<!-- Instrumenting loops in routine "__ynl_finite" -->
	<!-- Instrumenting loops in routine "__lgammal_r_finite" with dynamic jumps -->
	<!-- Instrumenting loops in routine "__powl_finite" -->
	<!-- Instrumenting loops in routine "__remainderl_finite" -->
	<!-- Instrumenting loops in routine "__x2y2m1l" -->
	<!-- Instrumenting loops in routine "__halfulp" -->
	<!-- Instrumenting loops in routine "__acr" -->
	<!-- Instrumenting loops in routine "__cpy" -->
	<!-- Instrumenting loops in routine "sub_magnitudes" -->
	<!-- Instrumenting loops in routine "__mp_dbl" -->
	<!-- Instrumenting loops in routine "__dbl_mp" -->
	<!-- Instrumenting loops in routine "__add" -->
	<!-- Instrumenting loops in routine "__sub" -->
	<!-- Instrumenting loops in routine "__mul" -->
	<!-- Instrumenting loops in routine "__sqr" -->
	<!-- Instrumenting loops in routine "__dvd" -->
	<!-- Instrumenting loops in routine "__mpatan" -->
	<!-- Instrumenting loops in routine "__mpexp" -->
	<!-- Instrumenting loops in routine "__mplog" -->
	<!-- Instrumenting loops in routine "__mpsqrt" -->
	<!-- Instrumenting loops in routine "__c32" -->
	<!-- Instrumenting loops in routine "__mpranred" -->
	<!-- Instrumenting loops in routine "__ieee754_log_fma4" -->
	<!-- Instrumenting loops in routine "atanMp.constprop.0" -->
	<!-- Instrumenting loops in routine "atan2Mp.constprop.0" -->
	<!-- Instrumenting loops in routine "__mplog_fma4" -->
	<!-- Instrumenting loops in routine "sub_magnitudes" -->
	<!-- Instrumenting loops in routine "__dbl_mp_fma4" -->
	<!-- Instrumenting loops in routine "__add_fma4" -->
	<!-- Instrumenting loops in routine "__sub_fma4" -->
	<!-- Instrumenting loops in routine "__mul_fma4" -->
	<!-- Instrumenting loops in routine "__sqr_fma4" -->
	<!-- Instrumenting loops in routine "__dvd_fma4" -->
	<!-- Instrumenting loops in routine "__c32_fma4" -->
	<!-- Instrumenting loops in routine "__mpranred_fma4" -->
	<!-- Instrumenting loops in routine "__halfulp_fma4" -->
	<!-- Instrumenting loops in routine "__mpexp_fma4" -->
	<!-- Instrumenting loops in routine "__mpatan_fma4" -->
	<!-- Instrumenting loops in routine "__mpsqrt_fma4" -->
	<!-- Instrumenting loops in routine "__ieee754_log_avx" -->
	<!-- Instrumenting loops in routine "atanMp.constprop.0" -->
	<!-- Instrumenting loops in routine "atan2Mp.constprop.0" -->
	<!-- Instrumenting loops in routine "__mplog_avx" -->
	<!-- Instrumenting loops in routine "sub_magnitudes" -->
	<!-- Instrumenting loops in routine "__dbl_mp_avx" -->
	<!-- Instrumenting loops in routine "__add_avx" -->
	<!-- Instrumenting loops in routine "__sub_avx" -->
	<!-- Instrumenting loops in routine "__mul_avx" -->
	<!-- Instrumenting loops in routine "__sqr_avx" -->
	<!-- Instrumenting loops in routine "__dvd_avx" -->
	<!-- Instrumenting loops in routine "__mpexp_avx" -->
	<msg id='11' display='false' source='trc'>
		<type>LOAD_MODULE</type>
		<severity>INFO</severity>
		<timestamp>Tue May  2 14:37:24 2023</timestamp>
		<arg name='module'>/mnt/storage/software/languages/gcc-10.4.0/lib64/libgcc_s.so.1</arg>
		<arg name='basement'>0x2b0871c54000</arg>
		<arg name='ceiling'>0x2b0871e6b447</arg>
		<arg name='symtab'>yes</arg>
	</msg>
	<!-- Instrumentation of /mnt/storage/software/languages/gcc-10.4.0/lib64/libgcc_s.so.1 image skipped because of filter conditions. -->
	<msg id='12' display='false' source='trc'>
		<type>LOAD_MODULE</type>
		<severity>INFO</severity>
		<timestamp>Tue May  2 14:37:24 2023</timestamp>
		<arg name='module'>/lib64/libc.so.6</arg>
		<arg name='basement'>0x2b0871e6c000</arg>
		<arg name='ceiling'>0x2b08722391ff</arg>
		<arg name='symtab'>yes</arg>
	</msg>
	<!-- Instrumentation of /lib64/libc.so.6 image skipped because of filter conditions. -->
</log>
	<msg id='13' display='false' source='trc'>
		<type>LOAD_MODULE</type>
		<severity>INFO</severity>
		<timestamp>Tue May  2 14:37:30 2023</timestamp>
		<arg name='module'>/lib64/libnss_files.so.2</arg>
		<arg name='basement'>0x2b087bc80000</arg>
		<arg name='ceiling'>0x2b087be92877</arg>
		<arg name='symtab'>yes</arg>
	</msg>
	<!-- Instrumenting image: id = 10, name = /lib64/libnss_files.so.2 -->
	<!-- Instrumenting loops in routine "_nss_files_parse_protoent" -->
	<!-- Instrumenting loops in routine "internal_getent" -->
	<!-- Instrumenting loops in routine "_nss_files_getprotobyname_r" -->
	<!-- Instrumenting loops in routine "_nss_files_getprotobynumber_r" -->
	<!-- Instrumenting loops in routine "_nss_files_parse_servent" -->
	<!-- Instrumenting loops in routine "internal_getent" -->
	<!-- Instrumenting loops in routine "_nss_files_getservbyname_r" -->
	<!-- Instrumenting loops in routine "_nss_files_getservbyport_r" -->
	<!-- Instrumenting loops in routine "internal_getent" -->
	<!-- Instrumenting loops in routine "_nss_files_gethostbyaddr_r" -->
	<!-- Instrumenting loops in routine "_nss_files_gethostbyname3_r" -->
	<!-- Instrumenting loops in routine "_nss_files_gethostbyname4_r" -->
	<!-- Instrumenting loops in routine "_nss_files_parse_netent" -->
	<!-- Instrumenting loops in routine "internal_getent" -->
	<!-- Instrumenting loops in routine "_nss_files_getnetbyname_r" -->
	<!-- Instrumenting loops in routine "_nss_files_getnetbyaddr_r" -->
	<!-- Instrumenting loops in routine "internal_getent" -->
	<!-- Instrumenting loops in routine "_nss_files_getgrnam_r" -->
	<!-- Instrumenting loops in routine "_nss_files_getgrgid_r" -->
	<!-- Instrumenting loops in routine "internal_getent" -->
	<!-- Instrumenting loops in routine "_nss_files_getpwnam_r" -->
	<!-- Instrumenting loops in routine "_nss_files_getpwuid_r" -->
	<!-- Instrumenting loops in routine "_nss_files_parse_rpcent" -->
	<!-- Instrumenting loops in routine "internal_getent" -->
	<!-- Instrumenting loops in routine "_nss_files_getrpcbyname_r" -->
	<!-- Instrumenting loops in routine "_nss_files_getrpcbynumber_r" -->
	<!-- Instrumenting loops in routine "_nss_files_parse_etherent" -->
	<!-- Instrumenting loops in routine "internal_getent" -->
	<!-- Instrumenting loops in routine "_nss_files_gethostton_r" -->
	<!-- Instrumenting loops in routine "_nss_files_getntohost_r" -->
	<!-- Instrumenting loops in routine "internal_getent" -->
	<!-- Instrumenting loops in routine "_nss_files_getspnam_r" -->
	<!-- Instrumenting loops in routine "_nss_files_setnetgrent" -->
	<!-- Instrumenting loops in routine "_nss_netgroup_parseline" -->
	<!-- Instrumenting loops in routine "search" -->
	<!-- Instrumenting loops in routine "get_next_alias" -->
	<!-- Instrumenting loops in routine "_nss_files_getaliasent_r" -->
	<!-- Instrumenting loops in routine "_nss_files_getaliasbyname_r" -->
	<!-- Instrumenting loops in routine "internal_getent" -->
	<!-- Instrumenting loops in routine "_nss_files_getsgnam_r" -->
	<!-- Instrumenting loops in routine "_nss_files_initgroups_dyn" -->
	<msg id='14' display='false' source='trc'>
		<type>LOAD_MODULE</type>
		<severity>INFO</severity>
		<timestamp>Tue May  2 14:37:31 2023</timestamp>
		<arg name='module'>/lib64/libnss_sss.so.2</arg>
		<arg name='basement'>0x2b087be93000</arg>
		<arg name='ceiling'>0x2b087c09d4d7</arg>
		<arg name='symtab'>no</arg>
	</msg>
	<!-- Instrumentation of /lib64/libnss_sss.so.2 image skipped because of no symbols and stripped binaries profiling is disabled. -->
	<msg id='15' display='false' source='trc'>
		<type>LOAD_MODULE</type>
		<severity>INFO</severity>
		<timestamp>Tue May  2 14:37:31 2023</timestamp>
		<arg name='module'>/lib64/libnss_dns.so.2</arg>
		<arg name='basement'>0x2b087c972000</arg>
		<arg name='ceiling'>0x2b087cb780ff</arg>
		<arg name='symtab'>yes</arg>
	</msg>
	<!-- Instrumenting image: id = 12, name = /lib64/libnss_dns.so.2 -->
	<!-- Instrumenting loops in routine "getanswer_r" -->
	<!-- Instrumenting loops in routine "gethostbyname3_context" -->
	<!-- Instrumenting loops in routine "gaih_getanswer_slice.isra.0" -->
	<!-- Instrumenting loops in routine "_nss_dns_gethostbyname4_r" -->
	<!-- Instrumenting loops in routine "_nss_dns_gethostbyaddr2_r" -->
	<!-- Instrumenting loops in routine "getanswer_r" -->
	<!-- Instrumenting loops in routine "_nss_dns_getnetbyname_r" -->
	<!-- Instrumenting loops in routine "_nss_dns_getnetbyaddr_r" -->
	<!-- Instrumenting loops in routine "_nss_dns_getcanonname_r" -->
	<msg id='16' display='false' source='trc'>
		<type>LOAD_MODULE</type>
		<severity>INFO</severity>
		<timestamp>Tue May  2 14:37:31 2023</timestamp>
		<arg name='module'>/lib64/libresolv.so.2</arg>
		<arg name='basement'>0x2b087cb79000</arg>
		<arg name='ceiling'>0x2b087cd929ff</arg>
		<arg name='symtab'>yes</arg>
	</msg>
	<!-- Instrumenting image: id = 13, name = /lib64/libresolv.so.2 -->
	<!-- Instrumenting loops in routine "__res_hnok" -->
	<!-- Instrumenting loops in routine "__res_ownok" -->
	<!-- Instrumenting loops in routine "__res_mailok" -->
	<!-- Instrumenting loops in routine "__res_dnok" -->
	<!-- Instrumenting loops in routine "latlon2ul" -->
	<!-- Instrumenting loops in routine "precsize_aton" -->
	<!-- Instrumenting loops in routine "__GI___sym_ntos.constprop.5" -->
	<!-- Instrumenting loops in routine "do_section.constprop.4" -->
	<!-- Instrumenting loops in routine "do_section.constprop.3" -->
	<!-- Instrumenting loops in routine "do_section.constprop.2" -->
	<!-- Instrumenting loops in routine "do_section.constprop.1" -->
	<!-- Instrumenting loops in routine "__fp_resstat" -->
	<!-- Instrumenting loops in routine "__fp_nquery" -->
	<!-- Instrumenting loops in routine "__p_fqname" -->
	<!-- Instrumenting loops in routine "__sym_ston" -->
	<!-- Instrumenting loops in routine "__sym_ntos" -->
	<!-- Instrumenting loops in routine "__sym_ntop" -->
	<!-- Instrumenting loops in routine "__p_type" -->
	<!-- Instrumenting loops in routine "__p_class" -->
	<!-- Instrumenting loops in routine "__p_rcode" -->
	<!-- Instrumenting loops in routine "__loc_aton" -->
	<!-- Instrumenting loops in routine "__dn_count_labels" -->
	<!-- Instrumenting loops in routine "__res_context_query" with dynamic jumps -->
	<!-- Instrumenting loops in routine "__res_context_hostalias" -->
	<!-- Instrumenting loops in routine "__res_context_search" -->
	<!-- Instrumenting loops in routine "send_vc" -->
	<!-- Instrumenting loops in routine "__res_nameinquery" -->
	<!-- Instrumenting loops in routine "__res_queriesmatch" -->
	<!-- Instrumenting loops in routine "__res_context_send" -->
	<!-- Instrumenting loops in routine "inet_net_ntop" -->
	<!-- Instrumenting loops in routine "inet_net_pton" -->
	<!-- Instrumenting loops in routine "inet_neta" -->
	<!-- Instrumenting loops in routine "__b64_ntop" -->
	<!-- Instrumenting loops in routine "__b64_pton" -->
	<!-- Instrumenting loops in routine "ns_skiprr" -->
	<!-- Instrumenting loops in routine "ns_initparse" -->
	<!-- Instrumenting loops in routine "ns_parserr" -->
	<!-- Instrumenting loops in routine "__ns_name_ntop" -->
	<!-- Instrumenting loops in routine "ns_name_pton" -->
	<!-- Instrumenting loops in routine "ns_name_ntol" -->
	<!-- Instrumenting loops in routine "ns_name_unpack" -->
	<!-- Instrumenting loops in routine "ns_name_pack" -->
	<!-- Instrumenting loops in routine "ns_name_uncompress" -->
	<!-- Instrumenting loops in routine "ns_name_rollback" -->
	<!-- Instrumenting loops in routine "ns_name_skip" -->
	<!-- Instrumenting loops in routine "ns_format_ttl" -->
	<!-- Instrumenting loops in routine "ns_parse_ttl" with dynamic jumps -->
	<!-- Instrumenting loops in routine "addname" -->
	<!-- Instrumenting loops in routine "charstr" -->
	<!-- Instrumenting loops in routine "ns_sprintrrf" with dynamic jumps -->
	<!-- Instrumenting loops in routine "ns_samedomain" -->
	<!-- Instrumenting loops in routine "ns_makecanon" -->
	<!-- Instrumenting loops in routine "ns_samename" -->
	<!-- Instrumenting loops in routine "ns_subdomain" -->
	<!-- Instrumenting loops in routine "ns_datetosecs" -->
	<!-- Instrumenting loops in routine "_gethtent" -->
	<!-- Instrumenting loops in routine "_gethtbyname2" -->
	<!-- Instrumenting loops in routine "_gethtbyaddr" -->
	<!-- Instrumenting loops in routine "addrsort" -->
	<!-- Instrumenting loops in routine "getanswer" -->
	<!-- Instrumenting loops in routine "res_gethostbyname2_context" -->
	<!-- Instrumenting loops in routine "res_gethostbyaddr_context" -->
</log>
</log>
</log>
</log>
</log>
	<msg id='17' display='false' source='trc'>
		<type>UNLOAD_MODULE</type>
		<severity>INFO</severity>
		<timestamp>Tue May  2 14:38:46 2023</timestamp>
		<arg name='module'>/mnt/storage/software/languages/intel/intel-parallel_studio_xe_2020_u4/compilers_and_libraries_2020.4.304/linux/bin/intel64/icc</arg>
	</msg>
	<msg id='18' display='false' source='trc'>
		<type>UNLOAD_MODULE</type>
		<severity>INFO</severity>
		<timestamp>Tue May  2 14:38:46 2023</timestamp>
		<arg name='module'>/lib64/ld-linux-x86-64.so.2</arg>
	</msg>
	<msg id='19' display='false' source='trc'>
		<type>UNLOAD_MODULE</type>
		<severity>INFO</severity>
		<timestamp>Tue May  2 14:38:46 2023</timestamp>
		<arg name='module'>[vdso]</arg>
	</msg>
	<msg id='20' display='false' source='trc'>
		<type>UNLOAD_MODULE</type>
		<severity>INFO</severity>
		<timestamp>Tue May  2 14:38:46 2023</timestamp>
		<arg name='module'>/lib64/libdl.so.2</arg>
	</msg>
	<msg id='21' display='false' source='trc'>
		<type>UNLOAD_MODULE</type>
		<severity>INFO</severity>
		<timestamp>Tue May  2 14:38:46 2023</timestamp>
		<arg name='module'>/lib64/libpthread.so.0</arg>
	</msg>
	<msg id='22' display='false' source='trc'>
		<type>UNLOAD_MODULE</type>
		<severity>INFO</severity>
		<timestamp>Tue May  2 14:38:46 2023</timestamp>
		<arg name='module'>/mnt/storage/software/languages/gcc-10.4.0/lib64/libstdc++.so.6</arg>
	</msg>
	<msg id='23' display='false' source='trc'>
		<type>UNLOAD_MODULE</type>
		<severity>INFO</severity>
		<timestamp>Tue May  2 14:38:46 2023</timestamp>
		<arg name='module'>/lib64/libm.so.6</arg>
	</msg>
	<msg id='24' display='false' source='trc'>
		<type>UNLOAD_MODULE</type>
		<severity>INFO</severity>
		<timestamp>Tue May  2 14:38:46 2023</timestamp>
		<arg name='module'>/mnt/storage/software/languages/gcc-10.4.0/lib64/libgcc_s.so.1</arg>
	</msg>
	<msg id='25' display='false' source='trc'>
		<type>UNLOAD_MODULE</type>
		<severity>INFO</severity>
		<timestamp>Tue May  2 14:38:46 2023</timestamp>
		<arg name='module'>/lib64/libc.so.6</arg>
	</msg>
	<msg id='26' display='false' source='trc'>
		<type>UNLOAD_MODULE</type>
		<severity>INFO</severity>
		<timestamp>Tue May  2 14:38:46 2023</timestamp>
		<arg name='module'>/lib64/libnss_files.so.2</arg>
	</msg>
	<msg id='27' display='false' source='trc'>
		<type>UNLOAD_MODULE</type>
		<severity>INFO</severity>
		<timestamp>Tue May  2 14:38:46 2023</timestamp>
		<arg name='module'>/lib64/libnss_sss.so.2</arg>
	</msg>
	<msg id='28' display='false' source='trc'>
		<type>UNLOAD_MODULE</type>
		<severity>INFO</severity>
		<timestamp>Tue May  2 14:38:46 2023</timestamp>
		<arg name='module'>/lib64/libnss_dns.so.2</arg>
	</msg>
	<msg id='29' display='false' source='trc'>
		<type>UNLOAD_MODULE</type>
		<severity>INFO</severity>
		<timestamp>Tue May  2 14:38:46 2023</timestamp>
		<arg name='module'>/lib64/libresolv.so.2</arg>
	</msg>
	<msg id='30' display='false' source='trc'>
		<type>PROCESS_FINISH</type>
		<severity>INFO</severity>
		<timestamp>Tue May  2 14:38:46 2023</timestamp>
		<arg name='process'>/mnt/storage/software/languages/intel/intel-parallel_studio_xe_2020_u4/compilers_and_libraries_2020.4.304/linux/bin/intel64/icc</arg>
		<arg name='pid'>1368</arg>
		<arg name='exitcode'>0x0</arg>
	</msg>
	<!-- Application exited with code 0 -->
</log>