<?xml version="1.0" encoding="utf-8" ?>
<!-- DO NOT EDIT THIS FILE -->

<log version='2.0' source='trc'>
	<msg id='1' display='false' source='trc'>
		<type>PROCESS_START</type>
		<severity>INFO</severity>
		<timestamp>Tue May  2 14:37:34 2023</timestamp>
		<arg name='process'>/mnt/storage/software/languages/gcc-10.4.0/bin/gcc</arg>
		<arg name='pid'>1491</arg>
	</msg>
	<!-- Instrumentation filter's state:
    Patterns applicability:
        Generic loop pattern.....................: enabled
        Generic loop pattern (with dynamic jumps): enabled
        Known trip value loop pattern............: enabled
        Runtime final value loop pattern.........: enabled
        No initial IV loop pattern...............: enabled
        IV step only loop pattern................: enabled
        No entry loop pattern....................: enabled
    Clustered memory model (CMM) applicability:
        Generic loop pattern.....................: enabled
        Generic loop pattern (with dynamic jumps): enabled
        Known trip value loop pattern............: enabled
        Runtime final value loop pattern.........: enabled
        No initial IV loop pattern...............: enabled
        IV step only loop pattern................: enabled
        No entry loop pattern....................: disabled
 -->
	<msg id='2' display='false' source='trc'>
		<type>FAIL_OPEN_FILE</type>
		<severity>ERROR</severity>
		<timestamp>Tue May  2 14:37:34 2023</timestamp>
		<arg name='filename'></arg>
	</msg>
	<!-- Callstack mode:
    filter modules.........: true
    filter routines........: true
    count loops............: false
    count flops............: false
    trace..................: false
    extended trace.........: false
    omp trace..............: false
    jit trace..............: false
    failures trace.........: false
    dump raw...............: false
    dump final.............: false
    dump all...............: false
    stack stitching........: true
    stl profiling..........: true
    aggressive frame switch: true
    unwind frame exit......: true
    analyze child loops....: true
 -->
	<!-- Managed application profiling: -->
	<!-- 	State...................: enabled -->
	<!-- Gpu Profiling: -->
	<!-- 	State: disabled -->
	<msg id='3' display='false' source='trc'>
		<type>PROCESS_ANALYSIS_MODE</type>
		<severity>INFO</severity>
		<timestamp>Tue May  2 14:37:34 2023</timestamp>
		<arg name='mode'>full</arg>
	</msg>
	<msg id='4' display='false' source='trc'>
		<type>LOAD_MODULE</type>
		<severity>INFO</severity>
		<timestamp>Tue May  2 14:37:34 2023</timestamp>
		<arg name='module'>/mnt/storage/software/languages/gcc-10.4.0/bin/gcc</arg>
		<arg name='basement'>0x400000</arg>
		<arg name='ceiling'>0x72dbbf</arg>
		<arg name='symtab'>yes</arg>
	</msg>
	<!-- Instrumenting image: id = 1, name = /mnt/storage/software/languages/gcc-10.4.0/bin/gcc -->
	<!-- Instrumenting loops in routine "__cxa_call_unexpected.cold" -->
	<!-- Instrumenting loops in routine "__gnu_cxx::__verbose_terminate_handler() " -->
	<!-- Instrumenting loops in routine "driver::main" -->
	<!-- Instrumenting loops in routine "skip_whitespace" -->
	<!-- Instrumenting loops in routine "remove_outfile_spec_function" -->
	<!-- Instrumenting loops in routine "replace_outfile_spec_function" -->
	<!-- Instrumenting loops in routine "convert_white_space" -->
	<!-- Instrumenting loops in routine "check_live_switch" -->
	<!-- Instrumenting loops in routine "print_configuration" -->
	<!-- Instrumenting loops in routine "validate_switches" -->
	<!-- Instrumenting loops in routine "for_each_path" -->
	<!-- Instrumenting loops in routine "pass_through_libs_spec_func" -->
	<!-- Instrumenting loops in routine "set_spec" -->
	<!-- Instrumenting loops in routine "lookup_compiler" -->
	<!-- Instrumenting loops in routine "replace_extension_spec_func" -->
	<!-- Instrumenting loops in routine "add_prefix" -->
	<!-- Instrumenting loops in routine "version_compare_spec_function" -->
	<!-- Instrumenting loops in routine "files_equal_p" -->
	<!-- Instrumenting loops in routine "try_generate_repro" -->
	<!-- Instrumenting loops in routine "delete_temp_files" -->
	<!-- Instrumenting loops in routine "init_spec() " -->
	<!-- Instrumenting loops in routine "fatal_signal" -->
	<!-- Instrumenting loops in routine "read_specs" -->
	<!-- Instrumenting loops in routine "find_fortran_preinclude_file" -->
	<!-- Instrumenting loops in routine "execute" -->
	<!-- Instrumenting loops in routine "getenv_spec_function" -->
	<!-- Instrumenting loops in routine "add_preprocessor_option" -->
	<!-- Instrumenting loops in routine "add_linker_option" -->
	<!-- Instrumenting loops in routine "add_assembler_option" -->
	<!-- Instrumenting loops in routine "driver_handle_option" with dynamic jumps -->
	<!-- Instrumenting loops in routine "env_manager::xput" -->
	<!-- Instrumenting loops in routine "set_collect_gcc_options" -->
	<!-- Instrumenting loops in routine "process_command" -->
	<!-- Instrumenting loops in routine "env_manager::restore" -->
	<!-- Instrumenting loops in routine "record_temp_file" -->
	<!-- Instrumenting loops in routine "store_arg" -->
	<!-- Instrumenting loops in routine "close_at_file" -->
	<!-- Instrumenting loops in routine "do_spec_1" with dynamic jumps -->
	<!-- Instrumenting loops in routine "give_switch" -->
	<!-- Instrumenting loops in routine "handle_spec_function" -->
	<!-- Instrumenting loops in routine "handle_braces" -->
	<!-- Instrumenting loops in routine "do_self_spec" -->
	<!-- Instrumenting loops in routine "do_option_spec" -->
	<!-- Instrumenting loops in routine "set_input" -->
	<!-- Instrumenting loops in routine "driver::set_progname" -->
	<!-- Instrumenting loops in routine "driver::build_multilib_strings" -->
	<!-- Instrumenting loops in routine "driver::handle_unrecognized_options" -->
	<!-- Instrumenting loops in routine "driver::maybe_print_and_exit" -->
	<!-- Instrumenting loops in routine "driver::prepare_infiles" -->
	<!-- Instrumenting loops in routine "driver::do_spec_on_infiles" -->
	<!-- Instrumenting loops in routine "driver::final_actions" -->
	<!-- Instrumenting loops in routine "driver::maybe_run_linker" -->
	<!-- Instrumenting loops in routine "used_arg_t::operator()" -->
	<!-- Instrumenting loops in routine "driver::set_up_specs" -->
	<!-- Instrumenting loops in routine "driver::finalize" -->
	<!-- Instrumenting loops in routine "driver_get_configure_time_options" -->
	<!-- Instrumenting loops in routine "lang_specific_driver" -->
	<!-- Instrumenting loops in routine "host_detect_local_cpu" with dynamic jumps -->
	<!-- Instrumenting loops in routine "translate_name" -->
	<!-- Instrumenting loops in routine "update_path" -->
	<!-- Instrumenting loops in routine "print_filtered_help" -->
	<!-- Instrumenting loops in routine "print_specific_help" -->
	<!-- Instrumenting loops in routine "add_comma_separated_to_vector" -->
	<!-- Instrumenting loops in routine "set_struct_debug_option" -->
	<!-- Instrumenting loops in routine "strip_off_ending" -->
	<!-- Instrumenting loops in routine "base_of_path" -->
	<!-- Instrumenting loops in routine "default_options_optimization" -->
	<!-- Instrumenting loops in routine "finish_options" -->
	<!-- Instrumenting loops in routine "parse_sanitizer_options" -->
	<!-- Instrumenting loops in routine "parse_no_sanitize_attribute" -->
	<!-- Instrumenting loops in routine "parse_and_check_align_values" -->
	<!-- Instrumenting loops in routine "print_help" -->
	<!-- Instrumenting loops in routine "common_handle_option" with dynamic jumps -->
	<!-- Instrumenting loops in routine "enum_arg_to_value" -->
	<!-- Instrumenting loops in routine "find_opt" -->
	<!-- Instrumenting loops in routine "enum_value_to_arg" -->
	<!-- Instrumenting loops in routine "add_misspelling_candidates" -->
	<!-- Instrumenting loops in routine "opts_concat" -->
	<!-- Instrumenting loops in routine "decode_cmdline_options_to_array" -->
	<!-- Instrumenting loops in routine "candidates_list_and_hint" -->
	<!-- Instrumenting loops in routine "cmdline_handle_error" -->
	<!-- Instrumenting loops in routine "set_option" with dynamic jumps -->
	<!-- Instrumenting loops in routine "handle_option" -->
	<!-- Instrumenting loops in routine "parse_options_from_collect_gcc_options" -->
	<!-- Instrumenting loops in routine "prepend_xassembler_to_collect_as_options" -->
	<!-- Instrumenting loops in routine "vec_prefix::register_overhead" -->
	<!-- Instrumenting loops in routine "vec_prefix::release_overhead" -->
	<!-- Instrumenting loops in routine "mem_alloc_description<vec_usage>::~mem_alloc_description" -->
	<!-- Instrumenting loops in routine "vec_usage::dump" -->
	<!-- Instrumenting loops in routine "mem_alloc_description<vec_usage>::dump" -->
	<!-- Instrumenting loops in routine "hash_table<hash_map<mem_alloc_description<vec_usage>::mem_location_hash, vec_usage*, simple_hashmap_traits<default_hash_traits<mem_alloc_description<vec_usage>::mem_location_hash>, vec_usage*> >::hash_entry, false, xcallocator>::find_with_hash" -->
	<!-- Instrumenting loops in routine "hash_table<hash_map<mem_alloc_description<vec_usage>::mem_location_hash, vec_usage*, simple_hashmap_traits<default_hash_traits<mem_alloc_description<vec_usage>::mem_location_hash>, vec_usage*> >::hash_entry, false, xcallocator>::expand" -->
	<!-- Instrumenting loops in routine "hash_table<hash_map<mem_alloc_description<vec_usage>::mem_location_hash, vec_usage*, simple_hashmap_traits<default_hash_traits<mem_alloc_description<vec_usage>::mem_location_hash>, vec_usage*> >::hash_entry, false, xcallocator>::find_slot_with_hash" -->
	<!-- Instrumenting loops in routine "hash_table<hash_map<void const*, mem_usage_pair<vec_usage>, simple_hashmap_traits<default_hash_traits<void const*>, mem_usage_pair<vec_usage> > >::hash_entry, false, xcallocator>::expand" -->
	<!-- Instrumenting loops in routine "hash_table<hash_map<void const*, mem_usage_pair<vec_usage>, simple_hashmap_traits<default_hash_traits<void const*>, mem_usage_pair<vec_usage> > >::hash_entry, false, xcallocator>::find_slot_with_hash" -->
	<!-- Instrumenting loops in routine "hash_table_higher_prime_index" -->
	<!-- Instrumenting loops in routine "mem_alloc_description<mem_usage>::~mem_alloc_description" -->
	<!-- Instrumenting loops in routine "get_edit_distance(char const*, int, char const*, int) " -->
	<!-- Instrumenting loops in routine "find_closest_string" -->
	<!-- Instrumenting loops in routine "option_proposer::~option_proposer" -->
	<!-- Instrumenting loops in routine "option_proposer::build_option_suggestions" -->
	<!-- Instrumenting loops in routine "option_proposer::get_completions" -->
	<!-- Instrumenting loops in routine "option_proposer::suggest_completion" -->
	<!-- Instrumenting loops in routine "ix86_get_valid_option_values" -->
	<!-- Instrumenting loops in routine "bt_callback" -->
	<!-- Instrumenting loops in routine "diagnostic_report_current_module" -->
	<!-- Instrumenting loops in routine "diagnostic_path::interprocedural_p" -->
	<!-- Instrumenting loops in routine "diagnostic_classify_diagnostic" -->
	<!-- Instrumenting loops in routine "trim_filename" -->
	<!-- Instrumenting loops in routine "simple_diagnostic_path::add_event" -->
	<!-- Instrumenting loops in routine "diagnostic_check_max_errors" -->
	<!-- Instrumenting loops in routine "diagnostic_report_diagnostic" -->
	<!-- Instrumenting loops in routine "diagnostic_action_after_output" with dynamic jumps -->
	<!-- Instrumenting loops in routine "print_escaped_string" -->
	<!-- Instrumenting loops in routine "num_digits" -->
	<!-- Instrumenting loops in routine "simple_diagnostic_path::~simple_diagnostic_path" -->
	<!-- Instrumenting loops in routine "simple_diagnostic_path::~simple_diagnostic_path" -->
	<!-- Instrumenting loops in routine "typed_splay_tree<char const*, edited_file*>::splay_tree_delete_helper" -->
	<!-- Instrumenting loops in routine "parse_gcc_colors" -->
	<!-- Instrumenting loops in routine "colorize_start" -->
	<!-- Instrumenting loops in routine "(anonymous namespace)::get_line_bytes_without_trailing_whitespace" -->
	<!-- Instrumenting loops in routine "(anonymous namespace)::layout::get_state_at_point" -->
	<!-- Instrumenting loops in routine "(anonymous namespace)::compatible_locations_p" -->
	<!-- Instrumenting loops in routine "(anonymous namespace)::layout::start_annotation_line" -->
	<!-- Instrumenting loops in routine "(anonymous namespace)::colorizer::set_state" with dynamic jumps -->
	<!-- Instrumenting loops in routine "(anonymous namespace)::layout::move_to_column" -->
	<!-- Instrumenting loops in routine "(anonymous namespace)::layout::maybe_add_location_range" -->
	<!-- Instrumenting loops in routine "(anonymous namespace)::layout::layout" -->
	<!-- Instrumenting loops in routine "diagnostic_show_locus" -->
	<!-- Instrumenting loops in routine "json_end_diagnostic" -->
	<!-- Instrumenting loops in routine "json::array::~array" -->
	<!-- Instrumenting loops in routine "json::string::print" with dynamic jumps -->
	<!-- Instrumenting loops in routine "json::array::print" -->
	<!-- Instrumenting loops in routine "json::object::print" -->
	<!-- Instrumenting loops in routine "json::object::~object" -->
	<!-- Instrumenting loops in routine "json::array::append" -->
	<!-- Instrumenting loops in routine "json::object::set" -->
	<!-- Instrumenting loops in routine "hash_table<hash_map<char*, json::value*, simple_hashmap_traits<nofree_string_hash, json::value*> >::hash_entry, false, xcallocator>::find_with_hash" -->
	<!-- Instrumenting loops in routine "hash_table<hash_map<char*, json::value*, simple_hashmap_traits<nofree_string_hash, json::value*> >::hash_entry, false, xcallocator>::expand" -->
	<!-- Instrumenting loops in routine "edited_file::get_num_lines" -->
	<!-- Instrumenting loops in routine "edited_line::~edited_line" -->
	<!-- Instrumenting loops in routine "edited_line::get_effective_column" -->
	<!-- Instrumenting loops in routine "edited_line::apply_fixit" -->
	<!-- Instrumenting loops in routine "edited_line::print_content" -->
	<!-- Instrumenting loops in routine "edited_line::print_diff_lines" -->
	<!-- Instrumenting loops in routine "edit_context::get_effective_column" -->
	<!-- Instrumenting loops in routine "edited_file::get_effective_line_count" -->
	<!-- Instrumenting loops in routine "edited_file::print_content" -->
	<!-- Instrumenting loops in routine "edited_file::print_run_of_changed_lines" -->
	<!-- Instrumenting loops in routine "edited_file::print_diff_hunk" -->
	<!-- Instrumenting loops in routine "edited_file::print_diff" -->
	<!-- Instrumenting loops in routine "edit_context::print_diff" -->
	<!-- Instrumenting loops in routine "edited_file::get_effective_column" -->
	<!-- Instrumenting loops in routine "edit_context::add_fixits" -->
	<!-- Instrumenting loops in routine "edit_context::generate_diff" -->
	<!-- Instrumenting loops in routine "typed_splay_tree<int, edited_line*>::splay_tree_delete_helper" -->
	<!-- Instrumenting loops in routine "typed_splay_tree<char const*, edited_file*>::splay_tree_splay" -->
	<!-- Instrumenting loops in routine "typed_splay_tree<int, edited_line*>::splay_tree_splay" -->
	<!-- Instrumenting loops in routine "typed_splay_tree<int, edited_line*>::splay_tree_successor" -->
	<!-- Instrumenting loops in routine "decode_utf8_char" -->
	<!-- Instrumenting loops in routine "pp_write_text_as_dot_label_to_stream" -->
	<!-- Instrumenting loops in routine "pp_write_text_as_html_like_dot_to_stream" -->
	<!-- Instrumenting loops in routine "pp_indent" -->
	<!-- Instrumenting loops in routine "pp_emit_prefix" -->
	<!-- Instrumenting loops in routine "pp_append_text" -->
	<!-- Instrumenting loops in routine "pp_wrap_text" -->
	<!-- Instrumenting loops in routine "pp_quoted_string" -->
	<!-- Instrumenting loops in routine "pp_output_formatted_text" -->
	<!-- Instrumenting loops in routine "pp_newline_and_indent" -->
	<!-- Instrumenting loops in routine "identifier_to_locale" -->
	<!-- Instrumenting loops in routine "pp_format" with dynamic jumps -->
	<!-- Instrumenting loops in routine "write_digit_row" -->
	<!-- Instrumenting loops in routine "diagnostic_file_cache_init() " -->
	<!-- Instrumenting loops in routine "lookup_file_in_cache_tab" -->
	<!-- Instrumenting loops in routine "add_file_to_cache_tab" -->
	<!-- Instrumenting loops in routine "get_next_line" -->
	<!-- Instrumenting loops in routine "diagnostic_file_cache_fini" -->
	<!-- Instrumenting loops in routine "location_get_source_line" -->
	<!-- Instrumenting loops in routine "dump_location_info" -->
	<!-- Instrumenting loops in routine "string_concat_db::get_string_concatenation" -->
	<!-- Instrumenting loops in routine "get_location_within_string" -->
	<!-- Instrumenting loops in routine "string_concat_db::record_string_concatenation" -->
	<!-- Instrumenting loops in routine "hash_table<hash_map<location_hash, string_concat*, simple_hashmap_traits<default_hash_traits<location_hash>, string_concat*> >::hash_entry, false, xcallocator>::expand" -->
	<!-- Instrumenting loops in routine "memory_block_pool::reduce_free_list" -->
	<!-- Instrumenting loops in routine "memory_block_pool::trim" -->
	<!-- Instrumenting loops in routine "mergesort<sort_r_ctx>" -->
	<!-- Instrumenting loops in routine "mergesort<sort_ctx>" -->
	<!-- Instrumenting loops in routine "init_iconv_desc" -->
	<!-- Instrumenting loops in routine "convert_using_iconv" -->
	<!-- Instrumenting loops in routine "ucn_valid_in_identifier(cpp_reader*, unsigned int, normalize_state*) " with dynamic jumps -->
	<!-- Instrumenting loops in routine "emit_numeric_escape(cpp_reader*, unsigned int, _cpp_strbuf*, cset_converter) " -->
	<!-- Instrumenting loops in routine "convert_utf32_utf8" -->
	<!-- Instrumenting loops in routine "convert_utf16_utf8" -->
	<!-- Instrumenting loops in routine "convert_utf8_utf16" -->
	<!-- Instrumenting loops in routine "convert_utf8_utf32" -->
	<!-- Instrumenting loops in routine "cpp_substring_ranges::add_n_ranges" -->
	<!-- Instrumenting loops in routine "_cpp_valid_ucn" -->
	<!-- Instrumenting loops in routine "cpp_interpret_string_1" with dynamic jumps -->
	<!-- Instrumenting loops in routine "_cpp_valid_utf8" -->
	<!-- Instrumenting loops in routine "cpp_interpret_charconst" -->
	<!-- Instrumenting loops in routine "_cpp_interpret_identifier" -->
	<!-- Instrumenting loops in routine "cpp_byte_column_to_display_column" -->
	<!-- Instrumenting loops in routine "cpp_display_column_to_byte_column" -->
	<!-- Instrumenting loops in routine "cpp_wcwidth" -->
	<!-- Instrumenting loops in routine "do_pragma_poison" -->
	<!-- Instrumenting loops in routine "find_answer" -->
	<!-- Instrumenting loops in routine "glue_header_name" -->
	<!-- Instrumenting loops in routine "do_pragma" -->
	<!-- Instrumenting loops in routine "restore_registered_pragmas" -->
	<!-- Instrumenting loops in routine "save_registered_pragmas" -->
	<!-- Instrumenting loops in routine "get__Pragma_string(cpp_reader*) " -->
	<!-- Instrumenting loops in routine "parse_include" -->
	<!-- Instrumenting loops in routine "parse_assertion" -->
	<!-- Instrumenting loops in routine "register_pragma_1" -->
	<!-- Instrumenting loops in routine "count_registered_pragmas" -->
	<!-- Instrumenting loops in routine "do_pragma_system_header" -->
	<!-- Instrumenting loops in routine "do_pragma_push_macro" -->
	<!-- Instrumenting loops in routine "do_include_common" -->
	<!-- Instrumenting loops in routine "end_directive" -->
	<!-- Instrumenting loops in routine "do_linemarker" -->
	<!-- Instrumenting loops in routine "do_line" -->
	<!-- Instrumenting loops in routine "_cpp_save_pragma_names" -->
	<!-- Instrumenting loops in routine "_cpp_pop_buffer" -->
	<!-- Instrumenting loops in routine "do_pragma_pop_macro" -->
	<!-- Instrumenting loops in routine "destringize_and_run" -->
	<!-- Instrumenting loops in routine "_cpp_do__Pragma" -->
	<!-- Instrumenting loops in routine "_cpp_init_directives" -->
	<!-- Instrumenting loops in routine "interpret_float_suffix" with dynamic jumps -->
	<!-- Instrumenting loops in routine "interpret_int_suffix" with dynamic jumps -->
	<!-- Instrumenting loops in routine "cpp_get_userdef_suffix" -->
	<!-- Instrumenting loops in routine "cpp_classify_number" -->
	<!-- Instrumenting loops in routine "cpp_interpret_integer" -->
	<!-- Instrumenting loops in routine "_cpp_parse_expr" with dynamic jumps -->
	<!-- Instrumenting loops in routine "read_filename_string" -->
	<!-- Instrumenting loops in routine "read_name_map" -->
	<!-- Instrumenting loops in routine "validate_pch" -->
	<!-- Instrumenting loops in routine "read_file(cpp_reader*, _cpp_file*, unsigned int) " -->
	<!-- Instrumenting loops in routine "make_cpp_dir" -->
	<!-- Instrumenting loops in routine "_cpp_find_file" -->
	<!-- Instrumenting loops in routine "_cpp_stack_file" -->
	<!-- Instrumenting loops in routine "cpp_included" -->
	<!-- Instrumenting loops in routine "cpp_included_before" -->
	<!-- Instrumenting loops in routine "_cpp_cleanup_files" -->
	<!-- Instrumenting loops in routine "_cpp_report_missing_guards" -->
	<!-- Instrumenting loops in routine "cpp_set_include_chains" -->
	<!-- Instrumenting loops in routine "_cpp_save_file_entries" -->
	<!-- Instrumenting loops in routine "cpp_destroy" -->
	<!-- Instrumenting loops in routine "cpp_named_operator2name" -->
	<!-- Instrumenting loops in routine "cpp_init_special_builtins" -->
	<!-- Instrumenting loops in routine "_cpp_restore_special_builtin" -->
	<!-- Instrumenting loops in routine "cpp_post_options" -->
	<!-- Instrumenting loops in routine "cpp_finish" -->
	<!-- Instrumenting loops in routine "search_line_sse2" -->
	<!-- Instrumenting loops in routine "search_line_sse42" -->
	<!-- Instrumenting loops in routine "utf8_to_ucn" -->
	<!-- Instrumenting loops in routine "is_macro" -->
	<!-- Instrumenting loops in routine "lex_identifier" -->
	<!-- Instrumenting loops in routine "_cpp_clean_line" -->
	<!-- Instrumenting loops in routine "_cpp_get_fresh_line.part.0" -->
	<!-- Instrumenting loops in routine "_cpp_process_line_notes" -->
	<!-- Instrumenting loops in routine "_cpp_skip_block_comment" -->
	<!-- Instrumenting loops in routine "_cpp_lex_identifier" -->
	<!-- Instrumenting loops in routine "_cpp_spell_ident_ucns" -->
	<!-- Instrumenting loops in routine "cpp_spell_token" -->
	<!-- Instrumenting loops in routine "cpp_output_token" -->
	<!-- Instrumenting loops in routine "cpp_avoid_paste" with dynamic jumps -->
	<!-- Instrumenting loops in routine "cpp_output_line" -->
	<!-- Instrumenting loops in routine "cpp_output_line_to_string" -->
	<!-- Instrumenting loops in routine "_cpp_release_buff" -->
	<!-- Instrumenting loops in routine "_cpp_get_buff" -->
	<!-- Instrumenting loops in routine "lex_number(cpp_reader*, cpp_string*, normalize_state*) " -->
	<!-- Instrumenting loops in routine "lex_string" with dynamic jumps -->
	<!-- Instrumenting loops in routine "_cpp_lex_direct" with dynamic jumps -->
	<!-- Instrumenting loops in routine "_cpp_lex_token" -->
	<!-- Instrumenting loops in routine "cpp_peek_token" -->
	<!-- Instrumenting loops in routine "_cpp_free_buff" -->
	<!-- Instrumenting loops in routine "linemap_ordinary_map_lookup" -->
	<!-- Instrumenting loops in routine "rebuild_location_adhoc_htab" -->
	<!-- Instrumenting loops in routine "linemap_check_files_exited" -->
	<!-- Instrumenting loops in routine "linemap_add" -->
	<!-- Instrumenting loops in routine "linemap_line_start" -->
	<!-- Instrumenting loops in routine "linemap_lookup" -->
	<!-- Instrumenting loops in routine "linemap_get_expansion_line" -->
	<!-- Instrumenting loops in routine "linemap_get_expansion_filename" -->
	<!-- Instrumenting loops in routine "linemap_location_in_system_header_p" -->
	<!-- Instrumenting loops in routine "linemap_resolve_location" -->
	<!-- Instrumenting loops in routine "linemap_position_for_loc_and_offset" -->
	<!-- Instrumenting loops in routine "linemap_compare_locations" -->
	<!-- Instrumenting loops in routine "linemap_location_from_macro_definition_p" -->
	<!-- Instrumenting loops in routine "linemap_unwind_to_first_non_reserved_loc" -->
	<!-- Instrumenting loops in routine "linemap_get_file_highest_location" -->
	<!-- Instrumenting loops in routine "linemap_get_statistics" -->
	<!-- Instrumenting loops in routine "line_table_dump" -->
	<!-- Instrumenting loops in routine "rich_location::~rich_location" -->
	<!-- Instrumenting loops in routine "rich_location::stop_supporting_fixits" -->
	<!-- Instrumenting loops in routine "cpp_quote_string" -->
	<!-- Instrumenting loops in routine "_cpp_backup_tokens_direct" -->
	<!-- Instrumenting loops in routine "_cpp_backup_tokens" -->
	<!-- Instrumenting loops in routine "_cpp_unsave_parameters" -->
	<!-- Instrumenting loops in routine "_cpp_notify_macro_use" with dynamic jumps -->
	<!-- Instrumenting loops in routine "enter_macro_context" -->
	<!-- Instrumenting loops in routine "cpp_get_token_1" -->
	<!-- Instrumenting loops in routine "cpp_scan_nooutput" -->
	<!-- Instrumenting loops in routine "expand_arg" -->
	<!-- Instrumenting loops in routine "_cpp_create_definition" -->
	<!-- Instrumenting loops in routine "_cpp_builtin_macro_text" with dynamic jumps -->
	<!-- Instrumenting loops in routine "cpp_macro_definition" -->
	<!-- Instrumenting loops in routine "apply_vpath" -->
	<!-- Instrumenting loops in routine "munge(char const*, char const*, ...) " -->
	<!-- Instrumenting loops in routine "make_write_vec(mkdeps::vec<char const*> const&, _IO_FILE*, unsigned int, unsigned int, unsigned int, char const*) " -->
	<!-- Instrumenting loops in routine "deps_free" -->
	<!-- Instrumenting loops in routine "deps_add_vpath" -->
	<!-- Instrumenting loops in routine "deps_write" -->
	<!-- Instrumenting loops in routine "deps_save" -->
	<!-- Instrumenting loops in routine "deps_restore" -->
	<!-- Instrumenting loops in routine "ht_lookup_with_hash" -->
	<!-- Instrumenting loops in routine "ht_lookup" -->
	<!-- Instrumenting loops in routine "ht_forall" -->
	<!-- Instrumenting loops in routine "ht_purge" -->
	<!-- Instrumenting loops in routine "ht_dump_statistics" -->
	<!-- Instrumenting loops in routine "canonicalize_text" -->
	<!-- Instrumenting loops in routine "lex_identifier" -->
	<!-- Instrumenting loops in routine "copy_comment" -->
	<!-- Instrumenting loops in routine "skip_whitespace" -->
	<!-- Instrumenting loops in routine "recursive_macro" -->
	<!-- Instrumenting loops in routine "_cpp_scan_out_logical_line" with dynamic jumps -->
	<!-- Instrumenting loops in routine "_cpp_read_logical_line_trad" -->
	<!-- Instrumenting loops in routine "_cpp_replacement_text_len" -->
	<!-- Instrumenting loops in routine "_cpp_copy_replacement_text" -->
	<!-- Instrumenting loops in routine "_cpp_create_trad_definition" -->
	<!-- Instrumenting loops in routine "_cpp_expansions_different_trad" -->
	<!-- Instrumenting loops in routine "backtrace_free_locked.part.0" -->
	<!-- Instrumenting loops in routine "backtrace_alloc" -->
	<!-- Instrumenting loops in routine "fileline_initialize" -->
	<!-- Instrumenting loops in routine "elf_zlib_verify_checksum" -->
	<!-- Instrumenting loops in routine "elf_zlib_inflate_table" -->
	<!-- Instrumenting loops in routine "elf_syminfo" -->
	<!-- Instrumenting loops in routine "elf_find_debugfile_by_debuglink" -->
	<!-- Instrumenting loops in routine "elf_zlib_inflate" with dynamic jumps -->
	<!-- Instrumenting loops in routine "elf_uncompress_zdebug.part.0" -->
	<!-- Instrumenting loops in routine "elf_add" -->
	<!-- Instrumenting loops in routine "report_inlined_functions" -->
	<!-- Instrumenting loops in routine "free_abbrevs" -->
	<!-- Instrumenting loops in routine "read_uleb128" -->
	<!-- Instrumenting loops in routine "read_sleb128" -->
	<!-- Instrumenting loops in routine "add_ranges_from_rnglists.isra.0" with dynamic jumps -->
	<!-- Instrumenting loops in routine "add_ranges" -->
	<!-- Instrumenting loops in routine "read_line_header_format_entries" -->
	<!-- Instrumenting loops in routine "read_referenced_name" -->
	<!-- Instrumenting loops in routine "find_address_ranges" -->
	<!-- Instrumenting loops in routine "read_function_entry" with dynamic jumps -->
	<!-- Instrumenting loops in routine "dwarf_lookup_pc" with dynamic jumps -->
	<!-- Instrumenting loops in routine "dwarf_fileline" -->
	<!-- Instrumenting loops in routine "backtrace_dwarf_add" -->
	<!-- Instrumenting loops in routine "backtrace_qsort" -->
	<!-- Instrumenting loops in routine "byte_compile_range" -->
	<!-- Instrumenting loops in routine "byte_alt_match_null_string_p" -->
	<!-- Instrumenting loops in routine "byte_group_match_null_string_p" -->
	<!-- Instrumenting loops in routine "byte_re_compile_fastmap" with dynamic jumps -->
	<!-- Instrumenting loops in routine "byte_re_match_2_internal" with dynamic jumps -->
	<!-- Instrumenting loops in routine "byte_re_search_2" -->
	<!-- Instrumenting loops in routine "byte_regex_compile" with dynamic jumps -->
	<!-- Instrumenting loops in routine "xregcomp" -->
	<!-- Instrumenting loops in routine "xregexec" -->
	<!-- Instrumenting loops in routine "d_number" -->
	<!-- Instrumenting loops in routine "d_count_templates_scopes" with dynamic jumps -->
	<!-- Instrumenting loops in routine "d_pack_length" -->
	<!-- Instrumenting loops in routine "d_index_template_argument.part.0" -->
	<!-- Instrumenting loops in routine "d_growable_string_callback_adapter" -->
	<!-- Instrumenting loops in routine "d_lookup_template_argument" -->
	<!-- Instrumenting loops in routine "d_append_string" -->
	<!-- Instrumenting loops in routine "d_find_pack" with dynamic jumps -->
	<!-- Instrumenting loops in routine "d_append_num" -->
	<!-- Instrumenting loops in routine "d_substitution" -->
	<!-- Instrumenting loops in routine "d_print_java_identifier" -->
	<!-- Instrumenting loops in routine "d_print_comp_inner" with dynamic jumps -->
	<!-- Instrumenting loops in routine "d_print_mod" with dynamic jumps -->
	<!-- Instrumenting loops in routine "d_print_function_type" with dynamic jumps -->
	<!-- Instrumenting loops in routine "d_print_mod_list" -->
	<!-- Instrumenting loops in routine "d_print_array_type" -->
	<!-- Instrumenting loops in routine "d_print_expr_op" -->
	<!-- Instrumenting loops in routine "d_maybe_print_fold_expression" -->
	<!-- Instrumenting loops in routine "cplus_demangle_type" with dynamic jumps -->
	<!-- Instrumenting loops in routine "d_parmlist" -->
	<!-- Instrumenting loops in routine "d_operator_name" -->
	<!-- Instrumenting loops in routine "d_unqualified_name" with dynamic jumps -->
	<!-- Instrumenting loops in routine "d_name" -->
	<!-- Instrumenting loops in routine "d_encoding.part.0" -->
	<!-- Instrumenting loops in routine "d_special_name" with dynamic jumps -->
	<!-- Instrumenting loops in routine "cplus_demangle_mangled_name" -->
	<!-- Instrumenting loops in routine "d_expr_primary" -->
	<!-- Instrumenting loops in routine "d_exprlist" -->
	<!-- Instrumenting loops in routine "d_cv_qualifiers" -->
	<!-- Instrumenting loops in routine "d_template_args_1" -->
	<!-- Instrumenting loops in routine "is_ctor_or_dtor" -->
	<!-- Instrumenting loops in routine "cplus_demangle_print" -->
	<!-- Instrumenting loops in routine "md5_process_block" -->
	<!-- Instrumenting loops in routine "md5_process_bytes" -->
	<!-- Instrumenting loops in routine "md5_stream" -->
	<!-- Instrumenting loops in routine "md5_buffer" -->
	<!-- Instrumenting loops in routine "dupargv" -->
	<!-- Instrumenting loops in routine "freeargv" -->
	<!-- Instrumenting loops in routine "buildargv" -->
	<!-- Instrumenting loops in routine "writeargv" -->
	<!-- Instrumenting loops in routine "expandargv" -->
	<!-- Instrumenting loops in routine "countargv" -->
	<!-- Instrumenting loops in routine "concat_length" -->
	<!-- Instrumenting loops in routine "concat_copy" -->
	<!-- Instrumenting loops in routine "concat_copy2" -->
	<!-- Instrumenting loops in routine "concat" -->
	<!-- Instrumenting loops in routine "reconcat" -->
	<!-- Instrumenting loops in routine "filename_hash" -->
	<!-- Instrumenting loops in routine "higher_prime_index" -->
	<!-- Instrumenting loops in routine "htab_expand" -->
	<!-- Instrumenting loops in routine "htab_delete" with dynamic jumps -->
	<!-- Instrumenting loops in routine "htab_empty" -->
	<!-- Instrumenting loops in routine "htab_find_with_hash" -->
	<!-- Instrumenting loops in routine "htab_find_slot_with_hash" -->
	<!-- Instrumenting loops in routine "htab_traverse_noresize" -->
	<!-- Instrumenting loops in routine "htab_traverse" -->
	<!-- Instrumenting loops in routine "htab_hash_string" -->
	<!-- Instrumenting loops in routine "iterative_hash" with dynamic jumps -->
	<!-- Instrumenting loops in routine "unix_lbasename" -->
	<!-- Instrumenting loops in routine "dos_lbasename" -->
	<!-- Instrumenting loops in routine "lbasename" -->
	<!-- Instrumenting loops in routine "split_directories.part.0" -->
	<!-- Instrumenting loops in routine "make_relative_prefix_1" -->
	<!-- Instrumenting loops in routine "_obstack_allocated_p" -->
	<!-- Instrumenting loops in routine "_obstack_free" -->
	<!-- Instrumenting loops in routine "_obstack_memory_used" -->
	<!-- Instrumenting loops in routine "pex_get_status_and_time" -->
	<!-- Instrumenting loops in routine "pex_free" -->
	<!-- Instrumenting loops in routine "pex_unix_exec_child" -->
	<!-- Instrumenting loops in routine "xmalloc_failed" -->
	<!-- Instrumenting loops in routine "libiberty_vprintf_buffer_size" with dynamic jumps -->
	<!-- Instrumenting loops in routine "__cxa_guard_acquire" -->
	<!-- Instrumenting loops in routine "operator new" -->
	<!-- Instrumenting loops in routine "__cxxabiv1::__si_class_type_info::__do_dyncast" with dynamic jumps -->
	<!-- Instrumenting loops in routine "__cxxabiv1::__si_class_type_info::__do_find_public_src" with dynamic jumps -->
	<!-- Instrumenting loops in routine "(anonymous namespace)::pool::free(void*) " -->
	<!-- Instrumenting loops in routine "(anonymous namespace)::pool::allocate(unsigned long) " -->
	<!-- Instrumenting loops in routine "read_encoded_value_with_base" with dynamic jumps -->
	<!-- Instrumenting loops in routine "check_exception_spec" -->
	<!-- Instrumenting loops in routine "parse_lsda_header" -->
	<!-- Instrumenting loops in routine "__gxx_personality_v0" -->
	<!-- Instrumenting loops in routine "__cxa_rethrow" -->
	<!-- Instrumenting loops in routine "d_number" -->
	<!-- Instrumenting loops in routine "d_count_templates_scopes" with dynamic jumps -->
	<!-- Instrumenting loops in routine "d_pack_length" -->
	<!-- Instrumenting loops in routine "d_index_template_argument.part.0" -->
	<!-- Instrumenting loops in routine "d_growable_string_callback_adapter" -->
	<!-- Instrumenting loops in routine "d_lookup_template_argument" -->
	<!-- Instrumenting loops in routine "d_append_string" -->
	<!-- Instrumenting loops in routine "d_find_pack" with dynamic jumps -->
	<!-- Instrumenting loops in routine "d_append_num" -->
	<!-- Instrumenting loops in routine "d_substitution" -->
	<!-- Instrumenting loops in routine "d_print_java_identifier" -->
	<!-- Instrumenting loops in routine "d_type" with dynamic jumps -->
	<!-- Instrumenting loops in routine "d_operator_name" -->
	<!-- Instrumenting loops in routine "d_parmlist" -->
	<!-- Instrumenting loops in routine "d_unqualified_name" with dynamic jumps -->
	<!-- Instrumenting loops in routine "d_name" -->
	<!-- Instrumenting loops in routine "d_encoding.part.0" -->
	<!-- Instrumenting loops in routine "d_special_name" with dynamic jumps -->
	<!-- Instrumenting loops in routine "d_expr_primary" -->
	<!-- Instrumenting loops in routine "d_exprlist" -->
	<!-- Instrumenting loops in routine "d_cv_qualifiers" -->
	<!-- Instrumenting loops in routine "d_template_args_1" -->
	<!-- Instrumenting loops in routine "d_print_comp_inner" with dynamic jumps -->
	<!-- Instrumenting loops in routine "d_print_mod" with dynamic jumps -->
	<!-- Instrumenting loops in routine "d_print_function_type" with dynamic jumps -->
	<!-- Instrumenting loops in routine "d_print_mod_list" -->
	<!-- Instrumenting loops in routine "d_print_array_type" -->
	<!-- Instrumenting loops in routine "d_print_expr_op" -->
	<!-- Instrumenting loops in routine "d_demangle_callback.constprop.0" -->
	<!-- Instrumenting loops in routine "d_maybe_print_fold_expression" -->
	<!-- Instrumenting loops in routine "uw_install_context_1" -->
	<!-- Instrumenting loops in routine "read_encoded_value" with dynamic jumps -->
	<!-- Instrumenting loops in routine "execute_stack_op" with dynamic jumps -->
	<!-- Instrumenting loops in routine "uw_update_context_1" with dynamic jumps -->
	<!-- Instrumenting loops in routine "execute_cfa_program" with dynamic jumps -->
	<!-- Instrumenting loops in routine "uw_frame_state_for" -->
	<!-- Instrumenting loops in routine "_Unwind_RaiseException_Phase2" -->
	<!-- Instrumenting loops in routine "_Unwind_ForcedUnwind_Phase2" -->
	<!-- Instrumenting loops in routine "__frame_state_for" -->
	<!-- Instrumenting loops in routine "_Unwind_RaiseException" -->
	<!-- Instrumenting loops in routine "_Unwind_Backtrace" -->
	<!-- Instrumenting loops in routine "frame_downheap" -->
	<!-- Instrumenting loops in routine "frame_heapsort" -->
	<!-- Instrumenting loops in routine "read_encoded_value_with_base" with dynamic jumps -->
	<!-- Instrumenting loops in routine "get_cie_encoding" -->
	<!-- Instrumenting loops in routine "classify_object_over_fdes" -->
	<!-- Instrumenting loops in routine "add_fdes" -->
	<!-- Instrumenting loops in routine "linear_search_fdes" -->
	<!-- Instrumenting loops in routine "_Unwind_IteratePhdrCallback" -->
	<!-- Instrumenting loops in routine "search_object" -->
	<!-- Instrumenting loops in routine "__deregister_frame_info_bases" -->
	<!-- Instrumenting loops in routine "_Unwind_Find_FDE" -->
	<!-- Instrumenting loops in routine "__libc_csu_init" -->
	<msg id='5' display='false' source='trc'>
		<type>LOAD_MODULE</type>
		<severity>INFO</severity>
		<timestamp>Tue May  2 14:37:34 2023</timestamp>
		<arg name='module'>/lib64/ld-linux-x86-64.so.2</arg>
		<arg name='basement'>0x2b4c23b03000</arg>
		<arg name='ceiling'>0x2b4c23d2614f</arg>
		<arg name='symtab'>yes</arg>
	</msg>
	<!-- Instrumentation of /lib64/ld-linux-x86-64.so.2 image skipped because of filter conditions. -->
	<msg id='6' display='false' source='trc'>
		<type>LOAD_MODULE</type>
		<severity>INFO</severity>
		<timestamp>Tue May  2 14:37:34 2023</timestamp>
		<arg name='module'>[vdso]</arg>
		<arg name='basement'>0x7ffea0d6b000</arg>
		<arg name='ceiling'>0x7ffea0d6be6c</arg>
		<arg name='symtab'>no</arg>
	</msg>
	<!-- Instrumentation of [vdso] image skipped because of no symbols and stripped binaries profiling is disabled. -->
	<msg id='7' display='false' source='trc'>
		<type>LOAD_MODULE</type>
		<severity>INFO</severity>
		<timestamp>Tue May  2 14:37:34 2023</timestamp>
		<arg name='module'>/lib64/libm.so.6</arg>
		<arg name='basement'>0x2b4c3a484000</arg>
		<arg name='ceiling'>0x2b4c3a785137</arg>
		<arg name='symtab'>yes</arg>
	</msg>
	<!-- Instrumenting image: id = 4, name = /lib64/libm.so.6 -->
	<!-- Instrumenting loops in routine "atan2Mp.constprop.0" -->
	<!-- Instrumenting loops in routine "__fmod_finite" -->
	<!-- Instrumenting loops in routine "__jn_finite" -->
	<!-- Instrumenting loops in routine "__yn_finite" -->
	<!-- Instrumenting loops in routine "__lgamma_r_finite" with dynamic jumps -->
	<!-- Instrumenting loops in routine "__ieee754_log_sse2" -->
	<!-- Instrumenting loops in routine "__remainder_finite" -->
	<!-- Instrumenting loops in routine "__ieee754_ilogb" -->
	<!-- Instrumenting loops in routine "__kernel_rem_pio2" -->
	<!-- Instrumenting loops in routine "atanMp.constprop.0" -->
	<!-- Instrumenting loops in routine "__x2y2m1" -->
	<!-- Instrumenting loops in routine "__fmodf_finite" -->
	<!-- Instrumenting loops in routine "__jnf_finite" -->
	<!-- Instrumenting loops in routine "__ynf_finite" -->
	<!-- Instrumenting loops in routine "__lgammaf_r_finite" with dynamic jumps -->
	<!-- Instrumenting loops in routine "__ieee754_ilogbf" -->
	<!-- Instrumenting loops in routine "__kernel_rem_pio2f" -->
	<!-- Instrumenting loops in routine "__fmodl_finite" -->
	<!-- Instrumenting loops in routine "__jnl_finite" -->
	<!-- Instrumenting loops in routine "__ynl_finite" -->
	<!-- Instrumenting loops in routine "__lgammal_r_finite" with dynamic jumps -->
	<!-- Instrumenting loops in routine "__powl_finite" -->
	<!-- Instrumenting loops in routine "__remainderl_finite" -->
	<!-- Instrumenting loops in routine "__x2y2m1l" -->
	<!-- Instrumenting loops in routine "__halfulp" -->
	<!-- Instrumenting loops in routine "__acr" -->
	<!-- Instrumenting loops in routine "__cpy" -->
	<!-- Instrumenting loops in routine "sub_magnitudes" -->
	<!-- Instrumenting loops in routine "__mp_dbl" -->
	<!-- Instrumenting loops in routine "__dbl_mp" -->
	<!-- Instrumenting loops in routine "__add" -->
	<!-- Instrumenting loops in routine "__sub" -->
	<!-- Instrumenting loops in routine "__mul" -->
	<!-- Instrumenting loops in routine "__sqr" -->
	<!-- Instrumenting loops in routine "__dvd" -->
	<!-- Instrumenting loops in routine "__mpatan" -->
	<!-- Instrumenting loops in routine "__mpexp" -->
	<!-- Instrumenting loops in routine "__mplog" -->
	<!-- Instrumenting loops in routine "__mpsqrt" -->
	<!-- Instrumenting loops in routine "__c32" -->
	<!-- Instrumenting loops in routine "__mpranred" -->
	<!-- Instrumenting loops in routine "__ieee754_log_fma4" -->
	<!-- Instrumenting loops in routine "atanMp.constprop.0" -->
	<!-- Instrumenting loops in routine "atan2Mp.constprop.0" -->
	<!-- Instrumenting loops in routine "__mplog_fma4" -->
	<!-- Instrumenting loops in routine "sub_magnitudes" -->
	<!-- Instrumenting loops in routine "__dbl_mp_fma4" -->
	<!-- Instrumenting loops in routine "__add_fma4" -->
	<!-- Instrumenting loops in routine "__sub_fma4" -->
	<!-- Instrumenting loops in routine "__mul_fma4" -->
	<!-- Instrumenting loops in routine "__sqr_fma4" -->
	<!-- Instrumenting loops in routine "__dvd_fma4" -->
	<!-- Instrumenting loops in routine "__c32_fma4" -->
	<!-- Instrumenting loops in routine "__mpranred_fma4" -->
	<!-- Instrumenting loops in routine "__halfulp_fma4" -->
	<!-- Instrumenting loops in routine "__mpexp_fma4" -->
	<!-- Instrumenting loops in routine "__mpatan_fma4" -->
	<!-- Instrumenting loops in routine "__mpsqrt_fma4" -->
	<!-- Instrumenting loops in routine "__ieee754_log_avx" -->
	<!-- Instrumenting loops in routine "atanMp.constprop.0" -->
	<!-- Instrumenting loops in routine "atan2Mp.constprop.0" -->
	<!-- Instrumenting loops in routine "__mplog_avx" -->
	<!-- Instrumenting loops in routine "sub_magnitudes" -->
	<!-- Instrumenting loops in routine "__dbl_mp_avx" -->
	<!-- Instrumenting loops in routine "__add_avx" -->
	<!-- Instrumenting loops in routine "__sub_avx" -->
	<!-- Instrumenting loops in routine "__mul_avx" -->
	<!-- Instrumenting loops in routine "__sqr_avx" -->
	<!-- Instrumenting loops in routine "__dvd_avx" -->
	<!-- Instrumenting loops in routine "__mpexp_avx" -->
	<msg id='8' display='false' source='trc'>
		<type>LOAD_MODULE</type>
		<severity>INFO</severity>
		<timestamp>Tue May  2 14:37:35 2023</timestamp>
		<arg name='module'>/lib64/libc.so.6</arg>
		<arg name='basement'>0x2b4c3a7b3000</arg>
		<arg name='ceiling'>0x2b4c3ab801ff</arg>
		<arg name='symtab'>yes</arg>
	</msg>
	<!-- Instrumentation of /lib64/libc.so.6 image skipped because of filter conditions. -->
	<msg id='9' display='false' source='trc'>
		<type>UNLOAD_MODULE</type>
		<severity>INFO</severity>
		<timestamp>Tue May  2 14:37:35 2023</timestamp>
		<arg name='module'>/mnt/storage/software/languages/gcc-10.4.0/bin/gcc</arg>
	</msg>
	<msg id='10' display='false' source='trc'>
		<type>UNLOAD_MODULE</type>
		<severity>INFO</severity>
		<timestamp>Tue May  2 14:37:35 2023</timestamp>
		<arg name='module'>/lib64/ld-linux-x86-64.so.2</arg>
	</msg>
	<msg id='11' display='false' source='trc'>
		<type>UNLOAD_MODULE</type>
		<severity>INFO</severity>
		<timestamp>Tue May  2 14:37:35 2023</timestamp>
		<arg name='module'>[vdso]</arg>
	</msg>
	<msg id='12' display='false' source='trc'>
		<type>UNLOAD_MODULE</type>
		<severity>INFO</severity>
		<timestamp>Tue May  2 14:37:35 2023</timestamp>
		<arg name='module'>/lib64/libm.so.6</arg>
	</msg>
	<msg id='13' display='false' source='trc'>
		<type>UNLOAD_MODULE</type>
		<severity>INFO</severity>
		<timestamp>Tue May  2 14:37:35 2023</timestamp>
		<arg name='module'>/lib64/libc.so.6</arg>
	</msg>
	<msg id='14' display='false' source='trc'>
		<type>PROCESS_FINISH</type>
		<severity>INFO</severity>
		<timestamp>Tue May  2 14:37:35 2023</timestamp>
		<arg name='process'>/mnt/storage/software/languages/gcc-10.4.0/bin/gcc</arg>
		<arg name='pid'>1491</arg>
		<arg name='exitcode'>0x0</arg>
	</msg>
	<!-- Application exited with code 0 -->
</log>