
30358 : 0x10b2865bf1f444 : 1 : spill_jit_data :  Jit agent is not initialized
30358 : 0x10b2865bf37495 : 2 : ittapi_config_mask_get :  --itt-config mask to be applied: 183
30358 : 0x10b2865bf3bac6 : 2 : ittapi_config_apply_per_lib :  ITTAPI function instrumented: __itt_domain_create
30358 : 0x10b2865bf3c765 : 2 : ittapi_config_apply_per_lib :  ITTAPI function instrumented: __itt_string_handle_create
30358 : 0x10b2865bf3d30e : 2 : ittapi_config_apply_per_lib :  ITTAPI function instrumented: __itt_counter_create
30358 : 0x10b2865bf3de3c : 2 : ittapi_config_apply_per_lib :  ITTAPI function instrumented: __itt_counter_create_typed
30358 : 0x10b2865bf3e940 : 2 : ittapi_config_apply_per_lib :  ITTAPI function instrumented: __itt_pause
30358 : 0x10b2865bf3f55a : 2 : ittapi_config_apply_per_lib :  ITTAPI function instrumented: __itt_resume
30358 : 0x10b2865bf3ff61 : 2 : ittapi_config_apply_per_lib :  ITTAPI function instrumented: __itt_thread_set_name
30358 : 0x10b2865bf409e8 : 2 : ittapi_config_apply_per_lib :  ITTAPI function instrumented: __itt_thread_ignore
30358 : 0x10b2865bf46684 : 2 : ittapi_config_apply_per_lib :  ITTAPI function instrumented: __itt_thr_name_set
30358 : 0x10b2865bf4717b : 2 : ittapi_config_apply_per_lib :  ITTAPI function instrumented: __itt_thr_ignore
30358 : 0x10b2865bf4841a : 2 : ittapi_config_apply_per_lib :  ITTAPI function not implemented: __itt_enable_attach
30358 : 0x10b2865bf49090 : 2 : ittapi_config_apply_per_lib :  ITTAPI function instrumented: __itt_detach
30358 : 0x10b2865bf49903 : 2 : ittapi_config_apply_per_lib :  ITTAPI function NOT instrumented (not matched by --itt-config option): __itt_sync_create

30358 : 0x10b2865bf4ad0c : 2 : ittapi_config_apply_per_lib :  ITTAPI function NOT instrumented (not matched by --itt-config option): __itt_sync_rename

30358 : 0x10b2865bf4b593 : 2 : ittapi_config_apply_per_lib :  ITTAPI function NOT instrumented (not matched by --itt-config option): __itt_sync_destroy

30358 : 0x10b2865bf4be6f : 2 : ittapi_config_apply_per_lib :  ITTAPI function NOT instrumented (not matched by --itt-config option): __itt_sync_prepare

30358 : 0x10b2865bf4c6da : 2 : ittapi_config_apply_per_lib :  ITTAPI function NOT instrumented (not matched by --itt-config option): __itt_sync_cancel

30358 : 0x10b2865bf4d02a : 2 : ittapi_config_apply_per_lib :  ITTAPI function NOT instrumented (not matched by --itt-config option): __itt_sync_acquired

30358 : 0x10b2865bf4f8d4 : 2 : ittapi_config_apply_per_lib :  ITTAPI function NOT instrumented (not matched by --itt-config option): __itt_sync_releasing

30358 : 0x10b2865bf50629 : 2 : ittapi_config_apply_per_lib :  ITTAPI function not implemented: __itt_suppress_push
30358 : 0x10b2865bf51292 : 2 : ittapi_config_apply_per_lib :  ITTAPI function not implemented: __itt_suppress_pop
30358 : 0x10b2865bf51ee8 : 2 : ittapi_config_apply_per_lib :  ITTAPI function not implemented: __itt_suppress_mark_range
30358 : 0x10b2865bf52ae4 : 2 : ittapi_config_apply_per_lib :  ITTAPI function not implemented: __itt_suppress_clear_range
30358 : 0x10b2865bf5335b : 2 : ittapi_config_apply_per_lib :  ITTAPI function NOT instrumented (not matched by --itt-config option): __itt_sync_prepare

30358 : 0x10b2865bf53c16 : 2 : ittapi_config_apply_per_lib :  ITTAPI function NOT instrumented (not matched by --itt-config option): __itt_sync_cancel

30358 : 0x10b2865bf544d9 : 2 : ittapi_config_apply_per_lib :  ITTAPI function NOT instrumented (not matched by --itt-config option): __itt_sync_acquired

30358 : 0x10b2865bf54d7f : 2 : ittapi_config_apply_per_lib :  ITTAPI function NOT instrumented (not matched by --itt-config option): __itt_sync_releasing

30358 : 0x10b2865bf55866 : 2 : ittapi_config_apply_per_lib :  ITTAPI function instrumented: __itt_model_site_begin
30358 : 0x10b2865bf57c25 : 2 : ittapi_config_apply_per_lib :  ITTAPI function instrumented: __itt_model_site_end
30358 : 0x10b2865bf585d0 : 2 : ittapi_config_apply_per_lib :  ITTAPI function instrumented: __itt_model_task_begin
30358 : 0x10b2865bf58f04 : 2 : ittapi_config_apply_per_lib :  ITTAPI function instrumented: __itt_model_task_end
30358 : 0x10b2865bf59972 : 2 : ittapi_config_apply_per_lib :  ITTAPI function instrumented: __itt_model_lock_acquire
30358 : 0x10b2865bf5a327 : 2 : ittapi_config_apply_per_lib :  ITTAPI function instrumented: __itt_model_lock_release
30358 : 0x10b2865bf5afc5 : 2 : ittapi_config_apply_per_lib :  ITTAPI function not implemented: __itt_model_record_allocation
30358 : 0x10b2865bf5bbf2 : 2 : ittapi_config_apply_per_lib :  ITTAPI function not implemented: __itt_model_record_deallocation
30358 : 0x10b2865bf5c86f : 2 : ittapi_config_apply_per_lib :  ITTAPI function not implemented: __itt_model_induction_uses
30358 : 0x10b2865bf5d330 : 2 : ittapi_config_apply_per_lib :  ITTAPI function not implemented: __itt_model_reduction_uses
30358 : 0x10b2865bf5defe : 2 : ittapi_config_apply_per_lib :  ITTAPI function not implemented: __itt_model_observe_uses
30358 : 0x10b2865bf61108 : 2 : ittapi_config_apply_per_lib :  ITTAPI function not implemented: __itt_model_clear_uses
30358 : 0x10b2865bf61be0 : 2 : ittapi_config_apply_per_lib :  ITTAPI function instrumented: __itt_model_site_beginA
30358 : 0x10b2865bf6265c : 2 : ittapi_config_apply_per_lib :  ITTAPI function instrumented: __itt_model_site_beginAL
30358 : 0x10b2865bf62fef : 2 : ittapi_config_apply_per_lib :  ITTAPI function instrumented: __itt_model_task_beginA
30358 : 0x10b2865bf63986 : 2 : ittapi_config_apply_per_lib :  ITTAPI function instrumented: __itt_model_task_beginAL
30358 : 0x10b2865bf64340 : 2 : ittapi_config_apply_per_lib :  ITTAPI function instrumented: __itt_model_iteration_taskA
30358 : 0x10b2865bf64cb4 : 2 : ittapi_config_apply_per_lib :  ITTAPI function instrumented: __itt_model_iteration_taskAL
30358 : 0x10b2865bf656bd : 2 : ittapi_config_apply_per_lib :  ITTAPI function instrumented: __itt_model_site_end_2
30358 : 0x10b2865bf66061 : 2 : ittapi_config_apply_per_lib :  ITTAPI function instrumented: __itt_model_task_end_2
30358 : 0x10b2865bf66a4d : 2 : ittapi_config_apply_per_lib :  ITTAPI function instrumented: __itt_model_lock_acquire_2
30358 : 0x10b2865bf6915c : 2 : ittapi_config_apply_per_lib :  ITTAPI function instrumented: __itt_model_lock_release_2
30358 : 0x10b2865bf69af3 : 2 : ittapi_config_apply_per_lib :  ITTAPI function instrumented: __itt_model_aggregate_task
30358 : 0x10b2865bf6a4f3 : 2 : ittapi_config_apply_per_lib :  ITTAPI function instrumented: __itt_model_disable_push
30358 : 0x10b2865bf6ae92 : 2 : ittapi_config_apply_per_lib :  ITTAPI function instrumented: __itt_model_disable_pop
30358 : 0x10b2865bf6b7cf : 2 : ittapi_config_apply_per_lib :  ITTAPI function instrumented: __itt_heap_function_create
30358 : 0x10b2865bf6c1b9 : 2 : ittapi_config_apply_per_lib :  ITTAPI function instrumented: __itt_heap_allocate_begin
30358 : 0x10b2865bf6cafb : 2 : ittapi_config_apply_per_lib :  ITTAPI function instrumented: __itt_heap_allocate_end
30358 : 0x10b2865bf6d4ab : 2 : ittapi_config_apply_per_lib :  ITTAPI function instrumented: __itt_heap_free_begin
30358 : 0x10b2865bf6de2d : 2 : ittapi_config_apply_per_lib :  ITTAPI function instrumented: __itt_heap_free_end
30358 : 0x10b2865bf6e770 : 2 : ittapi_config_apply_per_lib :  ITTAPI function instrumented: __itt_heap_reallocate_begin
30358 : 0x10b2865bf70a5e : 2 : ittapi_config_apply_per_lib :  ITTAPI function instrumented: __itt_heap_reallocate_end
30358 : 0x10b2865bf716ed : 2 : ittapi_config_apply_per_lib :  ITTAPI function not implemented: __itt_heap_internal_access_begin
30358 : 0x10b2865bf722b7 : 2 : ittapi_config_apply_per_lib :  ITTAPI function not implemented: __itt_heap_internal_access_end
30358 : 0x10b2865bf72ebe : 2 : ittapi_config_apply_per_lib :  ITTAPI function not implemented: __itt_heap_record_memory_growth_begin
30358 : 0x10b2865bf73ac1 : 2 : ittapi_config_apply_per_lib :  ITTAPI function not implemented: __itt_heap_record_memory_growth_end
30358 : 0x10b2865bf7456b : 2 : ittapi_config_apply_per_lib :  ITTAPI function not implemented: __itt_heap_reset_detection
30358 : 0x10b2865bf7519e : 2 : ittapi_config_apply_per_lib :  ITTAPI function not implemented: __itt_heap_record
30358 : 0x10b2865bf75c77 : 2 : ittapi_config_apply_per_lib :  ITTAPI function not implemented: __itt_id_create
30358 : 0x10b2865bf7681e : 2 : ittapi_config_apply_per_lib :  ITTAPI function not implemented: __itt_id_destroy
30358 : 0x10b2865bf7717e : 2 : ittapi_config_apply_per_lib :  ITTAPI function instrumented: __itt_get_timestamp
30358 : 0x10b2865bf79c2f : 2 : ittapi_config_apply_per_lib :  ITTAPI function not implemented: __itt_region_begin
30358 : 0x10b2865bf7a78d : 2 : ittapi_config_apply_per_lib :  ITTAPI function not implemented: __itt_region_end
30358 : 0x10b2865bf7b0dc : 2 : ittapi_config_apply_per_lib :  ITTAPI function instrumented: __itt_frame_begin_v3
30358 : 0x10b2865bf7ba53 : 2 : ittapi_config_apply_per_lib :  ITTAPI function instrumented: __itt_frame_end_v3
30358 : 0x10b2865bf7c3ea : 2 : ittapi_config_apply_per_lib :  ITTAPI function instrumented: __itt_frame_submit_v3
30358 : 0x10b2865bf7ce9d : 2 : ittapi_config_apply_per_lib :  ITTAPI function not implemented: __itt_task_group
30358 : 0x10b2865bf7d8b7 : 2 : ittapi_config_apply_per_lib :  ITTAPI function instrumented: __itt_task_begin
30358 : 0x10b2865bf7e223 : 2 : ittapi_config_apply_per_lib :  ITTAPI function instrumented: __itt_task_begin_fn
30358 : 0x10b2865bf7eb8f : 2 : ittapi_config_apply_per_lib :  ITTAPI function instrumented: __itt_task_end
30358 : 0x10b2865bf7f73d : 2 : ittapi_config_apply_per_lib :  ITTAPI function not implemented: __itt_counter_inc_v3
30358 : 0x10b2865bf81921 : 2 : ittapi_config_apply_per_lib :  ITTAPI function not implemented: __itt_counter_inc_delta_v3
30358 : 0x10b2865bf824ea : 2 : ittapi_config_apply_per_lib :  ITTAPI function not implemented: __itt_counter_dec_v3
30358 : 0x10b2865bf83084 : 2 : ittapi_config_apply_per_lib :  ITTAPI function not implemented: __itt_counter_dec_delta_v3
30358 : 0x10b2865bf83c08 : 2 : ittapi_config_apply_per_lib :  ITTAPI function not implemented: __itt_marker
30358 : 0x10b2865bf85c02 : 2 : ittapi_config_apply_per_lib :  ITTAPI function instrumented: __itt_metadata_add
30358 : 0x10b2865bf867d8 : 2 : ittapi_config_apply_per_lib :  ITTAPI function not implemented: __itt_metadata_str_add
30358 : 0x10b2865bf87278 : 2 : ittapi_config_apply_per_lib :  ITTAPI function not implemented: __itt_relation_add_to_current
30358 : 0x10b2865bf87db9 : 2 : ittapi_config_apply_per_lib :  ITTAPI function not implemented: __itt_relation_add
30358 : 0x10b2865bf886f3 : 2 : ittapi_config_apply_per_lib :  ITTAPI function instrumented: __itt_event_create
30358 : 0x10b2865bf890a8 : 2 : ittapi_config_apply_per_lib :  ITTAPI function instrumented: __itt_event_start
30358 : 0x10b2865bf8b139 : 2 : ittapi_config_apply_per_lib :  ITTAPI function instrumented: __itt_event_end
30358 : 0x10b2865bf8b9ae : 2 : ittapi_config_apply_per_lib :  ITTAPI function NOT instrumented (not matched by --itt-config option): __itt_sync_set_name

30358 : 0x10b2865bf8c325 : 2 : ittapi_config_apply_per_lib :  ITTAPI function NOT instrumented (not matched by --itt-config option): __itt_notify_sync_name

30358 : 0x10b2865bf8cbc7 : 2 : ittapi_config_apply_per_lib :  ITTAPI function NOT instrumented (not matched by --itt-config option): __itt_notify_sync_prepare

30358 : 0x10b2865bf8d423 : 2 : ittapi_config_apply_per_lib :  ITTAPI function NOT instrumented (not matched by --itt-config option): __itt_notify_sync_cancel

30358 : 0x10b2865bf8dd49 : 2 : ittapi_config_apply_per_lib :  ITTAPI function NOT instrumented (not matched by --itt-config option): __itt_notify_sync_acquired

30358 : 0x10b2865bf8e5a5 : 2 : ittapi_config_apply_per_lib :  ITTAPI function NOT instrumented (not matched by --itt-config option): __itt_notify_sync_releasing

30358 : 0x10b2865bf8f163 : 2 : ittapi_config_apply_per_lib :  ITTAPI function not implemented: __itt_memory_read
30358 : 0x10b2865bf8fc00 : 2 : ittapi_config_apply_per_lib :  ITTAPI function not implemented: __itt_memory_write
30358 : 0x10b2865bf90729 : 2 : ittapi_config_apply_per_lib :  ITTAPI function not implemented: __itt_memory_update
30358 : 0x10b2865bf92930 : 2 : ittapi_config_apply_per_lib :  ITTAPI function not implemented: __itt_state_get
30358 : 0x10b2865bf93485 : 2 : ittapi_config_apply_per_lib :  ITTAPI function not implemented: __itt_state_set
30358 : 0x10b2865bf93f48 : 2 : ittapi_config_apply_per_lib :  ITTAPI function not implemented: __itt_obj_mode_set
30358 : 0x10b2865bf949a8 : 2 : ittapi_config_apply_per_lib :  ITTAPI function not implemented: __itt_thr_mode_set
30358 : 0x10b2865bf952ad : 2 : ittapi_config_apply_per_lib :  ITTAPI function instrumented: __itt_frame_create
30358 : 0x10b2865bf95c30 : 2 : ittapi_config_apply_per_lib :  ITTAPI function instrumented: __itt_frame_begin
30358 : 0x10b2865bf965b8 : 2 : ittapi_config_apply_per_lib :  ITTAPI function instrumented: __itt_frame_end
30358 : 0x10b2865bf9706d : 2 : ittapi_config_apply_per_lib :  ITTAPI function not implemented: __itt_counter_destroy
30358 : 0x10b2865bf97a7e : 2 : ittapi_config_apply_per_lib :  ITTAPI function instrumented: __itt_counter_inc
30358 : 0x10b2865bf9841f : 2 : ittapi_config_apply_per_lib :  ITTAPI function instrumented: __itt_counter_inc_delta
30358 : 0x10b2865bf9a8f0 : 2 : ittapi_config_apply_per_lib :  ITTAPI function instrumented: __itt_counter_dec
30358 : 0x10b2865bf9b27b : 2 : ittapi_config_apply_per_lib :  ITTAPI function instrumented: __itt_counter_dec_delta
30358 : 0x10b2865bf9bbdb : 2 : ittapi_config_apply_per_lib :  ITTAPI function instrumented: __itt_counter_set_value
30358 : 0x10b2865bf9c5b7 : 2 : ittapi_config_apply_per_lib :  ITTAPI function not implemented: __itt_counter_set_value_ex
30358 : 0x10b2865bf9d03f : 2 : ittapi_config_apply_per_lib :  ITTAPI function not implemented: __itt_mark_create
30358 : 0x10b2865bf9daa7 : 2 : ittapi_config_apply_per_lib :  ITTAPI function not implemented: __itt_mark
30358 : 0x10b2865bf9e5d6 : 2 : ittapi_config_apply_per_lib :  ITTAPI function not implemented: __itt_mark_off
30358 : 0x10b2865bf9f03c : 2 : ittapi_config_apply_per_lib :  ITTAPI function not implemented: __itt_mark_global
30358 : 0x10b2865bf9fa58 : 2 : ittapi_config_apply_per_lib :  ITTAPI function not implemented: __itt_mark_global_off
30358 : 0x10b2865bfa050e : 2 : ittapi_config_apply_per_lib :  ITTAPI function instrumented: __itt_stack_caller_create
30358 : 0x10b2865bfa25dc : 2 : ittapi_config_apply_per_lib :  ITTAPI function instrumented: __itt_stack_caller_destroy
30358 : 0x10b2865bfa300b : 2 : ittapi_config_apply_per_lib :  ITTAPI function instrumented: __itt_stack_callee_enter
30358 : 0x10b2865bfa39cc : 2 : ittapi_config_apply_per_lib :  ITTAPI function instrumented: __itt_stack_callee_leave
30358 : 0x10b2865bfa4537 : 2 : ittapi_config_apply_per_lib :  ITTAPI function not implemented: __itt_clock_domain_create
30358 : 0x10b2865bfa5103 : 2 : ittapi_config_apply_per_lib :  ITTAPI function not implemented: __itt_clock_domain_reset
30358 : 0x10b2865bfa5bb2 : 2 : ittapi_config_apply_per_lib :  ITTAPI function not implemented: __itt_id_create_ex
30358 : 0x10b2865bfa6672 : 2 : ittapi_config_apply_per_lib :  ITTAPI function not implemented: __itt_id_destroy_ex
30358 : 0x10b2865bfa712c : 2 : ittapi_config_apply_per_lib :  ITTAPI function not implemented: __itt_task_begin_ex
30358 : 0x10b2865bfa7c44 : 2 : ittapi_config_apply_per_lib :  ITTAPI function not implemented: __itt_task_begin_fn_ex
30358 : 0x10b2865bfa8747 : 2 : ittapi_config_apply_per_lib :  ITTAPI function not implemented: __itt_task_end_ex
30358 : 0x10b2865bfaa7c7 : 2 : ittapi_config_apply_per_lib :  ITTAPI function instrumented: __itt_task_begin_overlapped
30358 : 0x10b2865bfab398 : 2 : ittapi_config_apply_per_lib :  ITTAPI function not implemented: __itt_task_begin_overlapped_ex
30358 : 0x10b2865bfabd91 : 2 : ittapi_config_apply_per_lib :  ITTAPI function instrumented: __itt_task_end_overlapped
30358 : 0x10b2865bfac9a1 : 2 : ittapi_config_apply_per_lib :  ITTAPI function not implemented: __itt_task_end_overlapped_ex
30358 : 0x10b2865bfad402 : 2 : ittapi_config_apply_per_lib :  ITTAPI function not implemented: __itt_marker_ex
30358 : 0x10b2865bfadf51 : 2 : ittapi_config_apply_per_lib :  ITTAPI function not implemented: __itt_metadata_add_with_scope
30358 : 0x10b2865bfaea80 : 2 : ittapi_config_apply_per_lib :  ITTAPI function not implemented: __itt_metadata_str_add_with_scope
30358 : 0x10b2865bfaf5a6 : 2 : ittapi_config_apply_per_lib :  ITTAPI function not implemented: __itt_relation_add_to_current_ex
30358 : 0x10b2865bfb000b : 2 : ittapi_config_apply_per_lib :  ITTAPI function not implemented: __itt_relation_add_ex
30358 : 0x10b2865bfb0b40 : 2 : ittapi_config_apply_per_lib :  ITTAPI function not implemented: __itt_track_group_create
30358 : 0x10b2865bfb30aa : 2 : ittapi_config_apply_per_lib :  ITTAPI function not implemented: __itt_track_create
30358 : 0x10b2865bfb3b13 : 2 : ittapi_config_apply_per_lib :  ITTAPI function not implemented: __itt_set_track
30358 : 0x10b2865bfb44e8 : 2 : ittapi_config_apply_per_lib :  ITTAPI function instrumented: __itt_api_version
30358 : 0x10b2865bfb4f4c : 2 : ittapi_config_apply_per_lib :  ITTAPI function not implemented: __itt_av_save
30358 : 0x10b2865bfb587f : 2 : ittapi_config_apply_per_lib :  ITTAPI function instrumented: __itt_module_load
30358 : 0x10b2865c07d96e : 2 : ittapi_config_mask_get :  --itt-config mask to be applied: 183
30358 : 0x10b2865c07ecb9 : 2 : ittapi_config_apply_per_lib :  ITTAPI function instrumented: __itt_domain_create
30358 : 0x10b2865c07f7c3 : 2 : ittapi_config_apply_per_lib :  ITTAPI function instrumented: __itt_string_handle_create
30358 : 0x10b2865c080222 : 2 : ittapi_config_apply_per_lib :  ITTAPI function instrumented: __itt_pause
30358 : 0x10b2865c080c80 : 2 : ittapi_config_apply_per_lib :  ITTAPI function instrumented: __itt_resume
30358 : 0x10b2865c08434e : 2 : ittapi_config_apply_per_lib :  ITTAPI function instrumented: __itt_thread_set_name
30358 : 0x10b2865c084e81 : 2 : ittapi_config_apply_per_lib :  ITTAPI function instrumented: __itt_thread_ignore
30358 : 0x10b2865c0857bc : 2 : ittapi_config_apply_per_lib :  ITTAPI function instrumented: __itt_thr_name_set
30358 : 0x10b2865c08618a : 2 : ittapi_config_apply_per_lib :  ITTAPI function instrumented: __itt_thr_ignore
30358 : 0x10b2865c0870da : 2 : ittapi_config_apply_per_lib :  ITTAPI function not implemented: __itt_enable_attach
30358 : 0x10b2865c087b5e : 2 : ittapi_config_apply_per_lib :  ITTAPI function instrumented: __itt_detach
30358 : 0x10b2865c08844b : 2 : ittapi_config_apply_per_lib :  ITTAPI function NOT instrumented (not matched by --itt-config option): __itt_sync_create

30358 : 0x10b2865c088d40 : 2 : ittapi_config_apply_per_lib :  ITTAPI function NOT instrumented (not matched by --itt-config option): __itt_sync_rename

30358 : 0x10b2865c08963e : 2 : ittapi_config_apply_per_lib :  ITTAPI function NOT instrumented (not matched by --itt-config option): __itt_sync_destroy

30358 : 0x10b2865c089ebd : 2 : ittapi_config_apply_per_lib :  ITTAPI function NOT instrumented (not matched by --itt-config option): __itt_sync_prepare

30358 : 0x10b2865c08bec1 : 2 : ittapi_config_apply_per_lib :  ITTAPI function NOT instrumented (not matched by --itt-config option): __itt_sync_cancel

30358 : 0x10b2865c08c797 : 2 : ittapi_config_apply_per_lib :  ITTAPI function NOT instrumented (not matched by --itt-config option): __itt_sync_acquired

30358 : 0x10b2865c08cfeb : 2 : ittapi_config_apply_per_lib :  ITTAPI function NOT instrumented (not matched by --itt-config option): __itt_sync_releasing

30358 : 0x10b2865c08dc37 : 2 : ittapi_config_apply_per_lib :  ITTAPI function not implemented: __itt_suppress_push
30358 : 0x10b2865c08e7f6 : 2 : ittapi_config_apply_per_lib :  ITTAPI function not implemented: __itt_suppress_pop
30358 : 0x10b2865c08f424 : 2 : ittapi_config_apply_per_lib :  ITTAPI function not implemented: __itt_suppress_mark_range
30358 : 0x10b2865c08ff67 : 2 : ittapi_config_apply_per_lib :  ITTAPI function not implemented: __itt_suppress_clear_range
30358 : 0x10b2865c0907ed : 2 : ittapi_config_apply_per_lib :  ITTAPI function NOT instrumented (not matched by --itt-config option): __itt_sync_prepare

30358 : 0x10b2865c09103a : 2 : ittapi_config_apply_per_lib :  ITTAPI function NOT instrumented (not matched by --itt-config option): __itt_sync_cancel

30358 : 0x10b2865c0918d4 : 2 : ittapi_config_apply_per_lib :  ITTAPI function NOT instrumented (not matched by --itt-config option): __itt_sync_acquired

30358 : 0x10b2865c0940a7 : 2 : ittapi_config_apply_per_lib :  ITTAPI function NOT instrumented (not matched by --itt-config option): __itt_sync_releasing

30358 : 0x10b2865c094b4c : 2 : ittapi_config_apply_per_lib :  ITTAPI function instrumented: __itt_model_site_begin
30358 : 0x10b2865c09559e : 2 : ittapi_config_apply_per_lib :  ITTAPI function instrumented: __itt_model_site_end
30358 : 0x10b2865c095f83 : 2 : ittapi_config_apply_per_lib :  ITTAPI function instrumented: __itt_model_task_begin
30358 : 0x10b2865c09689d : 2 : ittapi_config_apply_per_lib :  ITTAPI function instrumented: __itt_model_task_end
30358 : 0x10b2865c097272 : 2 : ittapi_config_apply_per_lib :  ITTAPI function instrumented: __itt_model_lock_acquire
30358 : 0x10b2865c097be2 : 2 : ittapi_config_apply_per_lib :  ITTAPI function instrumented: __itt_model_lock_release
30358 : 0x10b2865c098765 : 2 : ittapi_config_apply_per_lib :  ITTAPI function not implemented: __itt_model_record_allocation
30358 : 0x10b2865c0993a4 : 2 : ittapi_config_apply_per_lib :  ITTAPI function not implemented: __itt_model_record_deallocation
30358 : 0x10b2865c099f2f : 2 : ittapi_config_apply_per_lib :  ITTAPI function not implemented: __itt_model_induction_uses
30358 : 0x10b2865c09c286 : 2 : ittapi_config_apply_per_lib :  ITTAPI function not implemented: __itt_model_reduction_uses
30358 : 0x10b2865c09cea5 : 2 : ittapi_config_apply_per_lib :  ITTAPI function not implemented: __itt_model_observe_uses
30358 : 0x10b2865c09d9a7 : 2 : ittapi_config_apply_per_lib :  ITTAPI function not implemented: __itt_model_clear_uses
30358 : 0x10b2865c09e301 : 2 : ittapi_config_apply_per_lib :  ITTAPI function instrumented: __itt_model_site_beginA
30358 : 0x10b2865c09ec4d : 2 : ittapi_config_apply_per_lib :  ITTAPI function instrumented: __itt_model_site_beginAL
30358 : 0x10b2865c09f600 : 2 : ittapi_config_apply_per_lib :  ITTAPI function instrumented: __itt_model_task_beginA
30358 : 0x10b2865c0a000d : 2 : ittapi_config_apply_per_lib :  ITTAPI function instrumented: __itt_model_task_beginAL
30358 : 0x10b2865c0a092c : 2 : ittapi_config_apply_per_lib :  ITTAPI function instrumented: __itt_model_iteration_taskA
30358 : 0x10b2865c0a1315 : 2 : ittapi_config_apply_per_lib :  ITTAPI function instrumented: __itt_model_iteration_taskAL
30358 : 0x10b2865c0a1c13 : 2 : ittapi_config_apply_per_lib :  ITTAPI function instrumented: __itt_model_site_end_2
30358 : 0x10b2865c0a3c46 : 2 : ittapi_config_apply_per_lib :  ITTAPI function instrumented: __itt_model_task_end_2
30358 : 0x10b2865c0a45dd : 2 : ittapi_config_apply_per_lib :  ITTAPI function instrumented: __itt_model_lock_acquire_2
30358 : 0x10b2865c0a4f55 : 2 : ittapi_config_apply_per_lib :  ITTAPI function instrumented: __itt_model_lock_release_2
30358 : 0x10b2865c0a5851 : 2 : ittapi_config_apply_per_lib :  ITTAPI function instrumented: __itt_model_aggregate_task
30358 : 0x10b2865c0a61c1 : 2 : ittapi_config_apply_per_lib :  ITTAPI function instrumented: __itt_model_disable_push
30358 : 0x10b2865c0a6ac9 : 2 : ittapi_config_apply_per_lib :  ITTAPI function instrumented: __itt_model_disable_pop
30358 : 0x10b2865c0a745b : 2 : ittapi_config_apply_per_lib :  ITTAPI function instrumented: __itt_heap_function_create
30358 : 0x10b2865c0a7e8a : 2 : ittapi_config_apply_per_lib :  ITTAPI function instrumented: __itt_heap_allocate_begin
30358 : 0x10b2865c0a8813 : 2 : ittapi_config_apply_per_lib :  ITTAPI function instrumented: __itt_heap_allocate_end
30358 : 0x10b2865c0a91be : 2 : ittapi_config_apply_per_lib :  ITTAPI function instrumented: __itt_heap_free_begin
30358 : 0x10b2865c0ab114 : 2 : ittapi_config_apply_per_lib :  ITTAPI function instrumented: __itt_heap_free_end
30358 : 0x10b2865c0abafb : 2 : ittapi_config_apply_per_lib :  ITTAPI function instrumented: __itt_heap_reallocate_begin
30358 : 0x10b2865c0ac528 : 2 : ittapi_config_apply_per_lib :  ITTAPI function instrumented: __itt_heap_reallocate_end
30358 : 0x10b2865c0ad092 : 2 : ittapi_config_apply_per_lib :  ITTAPI function not implemented: __itt_heap_internal_access_begin
30358 : 0x10b2865c0adbd3 : 2 : ittapi_config_apply_per_lib :  ITTAPI function not implemented: __itt_heap_internal_access_end
30358 : 0x10b2865c0ae779 : 2 : ittapi_config_apply_per_lib :  ITTAPI function not implemented: __itt_heap_record_memory_growth_begin
30358 : 0x10b2865c0af2d9 : 2 : ittapi_config_apply_per_lib :  ITTAPI function not implemented: __itt_heap_record_memory_growth_end
30358 : 0x10b2865c0afd21 : 2 : ittapi_config_apply_per_lib :  ITTAPI function not implemented: __itt_heap_reset_detection
30358 : 0x10b2865c0b07ee : 2 : ittapi_config_apply_per_lib :  ITTAPI function not implemented: __itt_heap_record
30358 : 0x10b2865c0b12cb : 2 : ittapi_config_apply_per_lib :  ITTAPI function not implemented: __itt_id_create
30358 : 0x10b2865c0b3cdf : 2 : ittapi_config_apply_per_lib :  ITTAPI function not implemented: __itt_id_destroy
30358 : 0x10b2865c0b46c6 : 2 : ittapi_config_apply_per_lib :  ITTAPI function instrumented: __itt_get_timestamp
30358 : 0x10b2865c0b5182 : 2 : ittapi_config_apply_per_lib :  ITTAPI function not implemented: __itt_region_begin
30358 : 0x10b2865c0b5c0d : 2 : ittapi_config_apply_per_lib :  ITTAPI function not implemented: __itt_region_end
30358 : 0x10b2865c0b657f : 2 : ittapi_config_apply_per_lib :  ITTAPI function instrumented: __itt_frame_begin_v3
30358 : 0x10b2865c0b6f25 : 2 : ittapi_config_apply_per_lib :  ITTAPI function instrumented: __itt_frame_end_v3
30358 : 0x10b2865c0b7885 : 2 : ittapi_config_apply_per_lib :  ITTAPI function instrumented: __itt_frame_submit_v3
30358 : 0x10b2865c0b83a4 : 2 : ittapi_config_apply_per_lib :  ITTAPI function not implemented: __itt_task_group
30358 : 0x10b2865c0b8d31 : 2 : ittapi_config_apply_per_lib :  ITTAPI function instrumented: __itt_task_begin
30358 : 0x10b2865c0b9685 : 2 : ittapi_config_apply_per_lib :  ITTAPI function instrumented: __itt_task_begin_fn
30358 : 0x10b2865c0bb70c : 2 : ittapi_config_apply_per_lib :  ITTAPI function instrumented: __itt_task_end
30358 : 0x10b2865c0bc2c2 : 2 : ittapi_config_apply_per_lib :  ITTAPI function not implemented: __itt_counter_inc_v3
30358 : 0x10b2865c0bcdce : 2 : ittapi_config_apply_per_lib :  ITTAPI function not implemented: __itt_counter_inc_delta_v3
30358 : 0x10b2865c0bd8c5 : 2 : ittapi_config_apply_per_lib :  ITTAPI function not implemented: __itt_marker
30358 : 0x10b2865c0be2c5 : 2 : ittapi_config_apply_per_lib :  ITTAPI function instrumented: __itt_metadata_add
30358 : 0x10b2865c0bef0e : 2 : ittapi_config_apply_per_lib :  ITTAPI function not implemented: __itt_metadata_str_add
30358 : 0x10b2865c0bf9a4 : 2 : ittapi_config_apply_per_lib :  ITTAPI function not implemented: __itt_relation_add_to_current
30358 : 0x10b2865c0c0469 : 2 : ittapi_config_apply_per_lib :  ITTAPI function not implemented: __itt_relation_add
30358 : 0x10b2865c0c0d68 : 2 : ittapi_config_apply_per_lib :  ITTAPI function instrumented: __itt_event_create
30358 : 0x10b2865c0c1668 : 2 : ittapi_config_apply_per_lib :  ITTAPI function instrumented: __itt_event_start
30358 : 0x10b2865c0c35cc : 2 : ittapi_config_apply_per_lib :  ITTAPI function instrumented: __itt_event_end
30358 : 0x10b2865c0c3e0a : 2 : ittapi_config_apply_per_lib :  ITTAPI function NOT instrumented (not matched by --itt-config option): __itt_sync_set_name

30358 : 0x10b2865c0c469d : 2 : ittapi_config_apply_per_lib :  ITTAPI function NOT instrumented (not matched by --itt-config option): __itt_notify_sync_name

30358 : 0x10b2865c0c4f28 : 2 : ittapi_config_apply_per_lib :  ITTAPI function NOT instrumented (not matched by --itt-config option): __itt_notify_sync_prepare

30358 : 0x10b2865c0c5791 : 2 : ittapi_config_apply_per_lib :  ITTAPI function NOT instrumented (not matched by --itt-config option): __itt_notify_sync_cancel

30358 : 0x10b2865c0c5ff1 : 2 : ittapi_config_apply_per_lib :  ITTAPI function NOT instrumented (not matched by --itt-config option): __itt_notify_sync_acquired

30358 : 0x10b2865c0c6841 : 2 : ittapi_config_apply_per_lib :  ITTAPI function NOT instrumented (not matched by --itt-config option): __itt_notify_sync_releasing

30358 : 0x10b2865c0c730b : 2 : ittapi_config_apply_per_lib :  ITTAPI function not implemented: __itt_memory_read
30358 : 0x10b2865c0c7dbf : 2 : ittapi_config_apply_per_lib :  ITTAPI function not implemented: __itt_memory_write
30358 : 0x10b2865c0c8864 : 2 : ittapi_config_apply_per_lib :  ITTAPI function not implemented: __itt_memory_update
30358 : 0x10b2865c0caeb9 : 2 : ittapi_config_apply_per_lib :  ITTAPI function not implemented: __itt_state_get
30358 : 0x10b2865c0cb9bf : 2 : ittapi_config_apply_per_lib :  ITTAPI function not implemented: __itt_state_set
30358 : 0x10b2865c0cc4ee : 2 : ittapi_config_apply_per_lib :  ITTAPI function not implemented: __itt_obj_mode_set
30358 : 0x10b2865c0ccf84 : 2 : ittapi_config_apply_per_lib :  ITTAPI function not implemented: __itt_thr_mode_set
30358 : 0x10b2865c0cd867 : 2 : ittapi_config_apply_per_lib :  ITTAPI function instrumented: __itt_frame_create
30358 : 0x10b2865c0ce1df : 2 : ittapi_config_apply_per_lib :  ITTAPI function instrumented: __itt_frame_begin
30358 : 0x10b2865c0ceb40 : 2 : ittapi_config_apply_per_lib :  ITTAPI function instrumented: __itt_frame_end
30358 : 0x10b2865c0cf470 : 2 : ittapi_config_apply_per_lib :  ITTAPI function instrumented: __itt_counter_create
30358 : 0x10b2865c0cff13 : 2 : ittapi_config_apply_per_lib :  ITTAPI function not implemented: __itt_counter_destroy
30358 : 0x10b2865c0d0882 : 2 : ittapi_config_apply_per_lib :  ITTAPI function instrumented: __itt_counter_inc
30358 : 0x10b2865c0d289b : 2 : ittapi_config_apply_per_lib :  ITTAPI function instrumented: __itt_counter_inc_delta
30358 : 0x10b2865c0d332e : 2 : ittapi_config_apply_per_lib :  ITTAPI function not implemented: __itt_mark_create
30358 : 0x10b2865c0d3d90 : 2 : ittapi_config_apply_per_lib :  ITTAPI function not implemented: __itt_mark
30358 : 0x10b2865c0d48f1 : 2 : ittapi_config_apply_per_lib :  ITTAPI function not implemented: __itt_mark_off
30358 : 0x10b2865c0d5368 : 2 : ittapi_config_apply_per_lib :  ITTAPI function not implemented: __itt_mark_global
30358 : 0x10b2865c0d5d7f : 2 : ittapi_config_apply_per_lib :  ITTAPI function not implemented: __itt_mark_global_off
30358 : 0x10b2865c0d6769 : 2 : ittapi_config_apply_per_lib :  ITTAPI function instrumented: __itt_stack_caller_create
30358 : 0x10b2865c0d7123 : 2 : ittapi_config_apply_per_lib :  ITTAPI function instrumented: __itt_stack_caller_destroy
30358 : 0x10b2865c0d7aa8 : 2 : ittapi_config_apply_per_lib :  ITTAPI function instrumented: __itt_stack_callee_enter
30358 : 0x10b2865c0d8400 : 2 : ittapi_config_apply_per_lib :  ITTAPI function instrumented: __itt_stack_callee_leave
30358 : 0x10b2865c0da4e2 : 2 : ittapi_config_apply_per_lib :  ITTAPI function not implemented: __itt_clock_domain_create
30358 : 0x10b2865c0db065 : 2 : ittapi_config_apply_per_lib :  ITTAPI function not implemented: __itt_clock_domain_reset
30358 : 0x10b2865c0dbacc : 2 : ittapi_config_apply_per_lib :  ITTAPI function not implemented: __itt_id_create_ex
30358 : 0x10b2865c0dc552 : 2 : ittapi_config_apply_per_lib :  ITTAPI function not implemented: __itt_id_destroy_ex
30358 : 0x10b2865c0dcfe8 : 2 : ittapi_config_apply_per_lib :  ITTAPI function not implemented: __itt_task_begin_ex
30358 : 0x10b2865c0dda9d : 2 : ittapi_config_apply_per_lib :  ITTAPI function not implemented: __itt_task_begin_fn_ex
30358 : 0x10b2865c0de541 : 2 : ittapi_config_apply_per_lib :  ITTAPI function not implemented: __itt_task_end_ex
30358 : 0x10b2865c0deebd : 2 : ittapi_config_apply_per_lib :  ITTAPI function instrumented: __itt_task_begin_overlapped
30358 : 0x10b2865c0df967 : 2 : ittapi_config_apply_per_lib :  ITTAPI function not implemented: __itt_task_begin_overlapped_ex
30358 : 0x10b2865c0e02fe : 2 : ittapi_config_apply_per_lib :  ITTAPI function instrumented: __itt_task_end_overlapped
30358 : 0x10b2865c0e245c : 2 : ittapi_config_apply_per_lib :  ITTAPI function not implemented: __itt_task_end_overlapped_ex
30358 : 0x10b2865c0e2f04 : 2 : ittapi_config_apply_per_lib :  ITTAPI function not implemented: __itt_marker_ex
30358 : 0x10b2865c0e39b8 : 2 : ittapi_config_apply_per_lib :  ITTAPI function not implemented: __itt_metadata_add_with_scope
30358 : 0x10b2865c0e44df : 2 : ittapi_config_apply_per_lib :  ITTAPI function not implemented: __itt_metadata_str_add_with_scope
30358 : 0x10b2865c0e5004 : 2 : ittapi_config_apply_per_lib :  ITTAPI function not implemented: __itt_relation_add_to_current_ex
30358 : 0x10b2865c0e5a7b : 2 : ittapi_config_apply_per_lib :  ITTAPI function not implemented: __itt_relation_add_ex
30358 : 0x10b2865c0e656b : 2 : ittapi_config_apply_per_lib :  ITTAPI function not implemented: __itt_track_group_create
30358 : 0x10b2865c0e6faf : 2 : ittapi_config_apply_per_lib :  ITTAPI function not implemented: __itt_track_create
30358 : 0x10b2865c0e79b1 : 2 : ittapi_config_apply_per_lib :  ITTAPI function not implemented: __itt_set_track
30358 : 0x10b2865c0e82f6 : 2 : ittapi_config_apply_per_lib :  ITTAPI function instrumented: __itt_api_version
30358 : 0x10b2865c0ea99f : 2 : ittapi_config_apply_per_lib :  ITTAPI function not implemented: __itt_av_save