<?xml version="1.0" encoding="utf-8" ?>
<!-- DO NOT EDIT THIS FILE -->

<log version='2.0' source='trc'>
	<msg id='1' display='false' source='trc'>
		<type>PROCESS_START</type>
		<severity>INFO</severity>
		<timestamp>Thu May  4 19:12:17 2023</timestamp>
		<arg name='process'>/user/home/rk19763/advanced-hpc-lbm/d2q9-bgk</arg>
		<arg name='pid'>13045</arg>
	</msg>
	<msg id='2' source='ccrt'>
		<type>INTERNAL</type>
		<severity>ERROR</severity>
		<timestamp>Thu May  4 19:12:17 2023</timestamp>
		<!-- Unable to start CCRT command handler -->
	</msg>
	<!-- Frames of pintool call stack: -->
	<!-- => 0x2aee920e079b -->
	<!-- => 0x2aee920e079b -->
	<!-- => 0x2aee920e097e -->
	<!-- => 0x2aee91c355b6 -->
	<!-- => 0x2aee942c6048 -->
	<!-- => 0x2aee94 -->
	<msg id='3' source='ccrt'>
		<type>ABNORMAL_TERMINATE</type>
		<severity>ERROR</severity>
		<timestamp>Thu May  4 19:12:17 2023</timestamp>
	</msg>