<?xml version="1.0" encoding="utf-8" ?>
<!-- DO NOT EDIT THIS FILE -->

<log version='2.0' source='trc'>
	<msg id='1' display='false' source='trc'>
		<type>PROCESS_START</type>
		<severity>INFO</severity>
		<timestamp>Tue May  2 13:53:43 2023</timestamp>
		<arg name='process'>/mnt/storage/software/languages/intel/intel-parallel_studio_xe_2020_u4/compilers_and_libraries_2020.4.304/linux/mpi/intel64/bin/mpiexec.hydra</arg>
		<arg name='pid'>21028</arg>
	</msg>
	<msg id='2' source='ccrt'>
		<type>INTERNAL</type>
		<severity>ERROR</severity>
		<timestamp>Tue May  2 13:53:43 2023</timestamp>
		<!-- Unable to start CCRT command handler -->
	</msg>
	<!-- Frames of pintool call stack: -->
	<!-- => 0x2b0b253d279b -->
	<!-- => 0x2b0b253d279b -->
	<!-- => 0x2b0b253d297e -->
	<!-- => 0x2b0b24f275b6 -->
	<!-- => 0x2b0b275b7048 -->
	<!-- => 0x2b -->
	<msg id='3' source='ccrt'>
		<type>ABNORMAL_TERMINATE</type>
		<severity>ERROR</severity>
		<timestamp>Tue May  2 13:53:43 2023</timestamp>
	</msg>