
24523 : 0x10b0a7277f83aa : 1 : spill_jit_data :  Jit agent is not initialized
24523 : 0x10b0a72780a1f0 : 2 : ittapi_config_mask_get :  --itt-config mask to be applied: 183
24523 : 0x10b0a72780da8c : 2 : ittapi_config_apply_per_lib :  ITTAPI function instrumented: __itt_domain_create
24523 : 0x10b0a72780eb80 : 2 : ittapi_config_apply_per_lib :  ITTAPI function instrumented: __itt_string_handle_create
24523 : 0x10b0a72780f9fc : 2 : ittapi_config_apply_per_lib :  ITTAPI function instrumented: __itt_counter_create
24523 : 0x10b0a72781040b : 2 : ittapi_config_apply_per_lib :  ITTAPI function instrumented: __itt_counter_create_typed
24523 : 0x10b0a727810e95 : 2 : ittapi_config_apply_per_lib :  ITTAPI function instrumented: __itt_pause
24523 : 0x10b0a727811985 : 2 : ittapi_config_apply_per_lib :  ITTAPI function instrumented: __itt_resume
24523 : 0x10b0a727812361 : 2 : ittapi_config_apply_per_lib :  ITTAPI function instrumented: __itt_thread_set_name
24523 : 0x10b0a727812dd7 : 2 : ittapi_config_apply_per_lib :  ITTAPI function instrumented: __itt_thread_ignore
24523 : 0x10b0a727818c98 : 2 : ittapi_config_apply_per_lib :  ITTAPI function instrumented: __itt_thr_name_set
24523 : 0x10b0a727819867 : 2 : ittapi_config_apply_per_lib :  ITTAPI function instrumented: __itt_thr_ignore
24523 : 0x10b0a72781aae3 : 2 : ittapi_config_apply_per_lib :  ITTAPI function not implemented: __itt_enable_attach
24523 : 0x10b0a72781b72f : 2 : ittapi_config_apply_per_lib :  ITTAPI function instrumented: __itt_detach
24523 : 0x10b0a72781bfe9 : 2 : ittapi_config_apply_per_lib :  ITTAPI function NOT instrumented (not matched by --itt-config option): __itt_sync_create

24523 : 0x10b0a72781d6e1 : 2 : ittapi_config_apply_per_lib :  ITTAPI function NOT instrumented (not matched by --itt-config option): __itt_sync_rename

24523 : 0x10b0a72781df9c : 2 : ittapi_config_apply_per_lib :  ITTAPI function NOT instrumented (not matched by --itt-config option): __itt_sync_destroy

24523 : 0x10b0a72781e80f : 2 : ittapi_config_apply_per_lib :  ITTAPI function NOT instrumented (not matched by --itt-config option): __itt_sync_prepare

24523 : 0x10b0a72781f077 : 2 : ittapi_config_apply_per_lib :  ITTAPI function NOT instrumented (not matched by --itt-config option): __itt_sync_cancel

24523 : 0x10b0a72781f8b6 : 2 : ittapi_config_apply_per_lib :  ITTAPI function NOT instrumented (not matched by --itt-config option): __itt_sync_acquired

24523 : 0x10b0a727822527 : 2 : ittapi_config_apply_per_lib :  ITTAPI function NOT instrumented (not matched by --itt-config option): __itt_sync_releasing

24523 : 0x10b0a7278232fd : 2 : ittapi_config_apply_per_lib :  ITTAPI function not implemented: __itt_suppress_push
24523 : 0x10b0a727823efc : 2 : ittapi_config_apply_per_lib :  ITTAPI function not implemented: __itt_suppress_pop
24523 : 0x10b0a727824b97 : 2 : ittapi_config_apply_per_lib :  ITTAPI function not implemented: __itt_suppress_mark_range
24523 : 0x10b0a7278257a1 : 2 : ittapi_config_apply_per_lib :  ITTAPI function not implemented: __itt_suppress_clear_range
24523 : 0x10b0a727825ffb : 2 : ittapi_config_apply_per_lib :  ITTAPI function NOT instrumented (not matched by --itt-config option): __itt_sync_prepare

24523 : 0x10b0a727826878 : 2 : ittapi_config_apply_per_lib :  ITTAPI function NOT instrumented (not matched by --itt-config option): __itt_sync_cancel

24523 : 0x10b0a7278270b0 : 2 : ittapi_config_apply_per_lib :  ITTAPI function NOT instrumented (not matched by --itt-config option): __itt_sync_acquired

24523 : 0x10b0a727827920 : 2 : ittapi_config_apply_per_lib :  ITTAPI function NOT instrumented (not matched by --itt-config option): __itt_sync_releasing

24523 : 0x10b0a727828341 : 2 : ittapi_config_apply_per_lib :  ITTAPI function instrumented: __itt_model_site_begin
24523 : 0x10b0a72782a5c6 : 2 : ittapi_config_apply_per_lib :  ITTAPI function instrumented: __itt_model_site_end
24523 : 0x10b0a72782b0ac : 2 : ittapi_config_apply_per_lib :  ITTAPI function instrumented: __itt_model_task_begin
24523 : 0x10b0a72782ba2a : 2 : ittapi_config_apply_per_lib :  ITTAPI function instrumented: __itt_model_task_end
24523 : 0x10b0a72782c4ff : 2 : ittapi_config_apply_per_lib :  ITTAPI function instrumented: __itt_model_lock_acquire
24523 : 0x10b0a72782cec0 : 2 : ittapi_config_apply_per_lib :  ITTAPI function instrumented: __itt_model_lock_release
24523 : 0x10b0a72782dc0b : 2 : ittapi_config_apply_per_lib :  ITTAPI function not implemented: __itt_model_record_allocation
24523 : 0x10b0a72782e7fc : 2 : ittapi_config_apply_per_lib :  ITTAPI function not implemented: __itt_model_record_deallocation
24523 : 0x10b0a72782f35c : 2 : ittapi_config_apply_per_lib :  ITTAPI function not implemented: __itt_model_induction_uses
24523 : 0x10b0a72782fdf0 : 2 : ittapi_config_apply_per_lib :  ITTAPI function not implemented: __itt_model_reduction_uses
24523 : 0x10b0a7278309b5 : 2 : ittapi_config_apply_per_lib :  ITTAPI function not implemented: __itt_model_observe_uses
24523 : 0x10b0a72783399e : 2 : ittapi_config_apply_per_lib :  ITTAPI function not implemented: __itt_model_clear_uses
24523 : 0x10b0a727834436 : 2 : ittapi_config_apply_per_lib :  ITTAPI function instrumented: __itt_model_site_beginA
24523 : 0x10b0a727834db7 : 2 : ittapi_config_apply_per_lib :  ITTAPI function instrumented: __itt_model_site_beginAL
24523 : 0x10b0a7278357a8 : 2 : ittapi_config_apply_per_lib :  ITTAPI function instrumented: __itt_model_task_beginA
24523 : 0x10b0a7278360b5 : 2 : ittapi_config_apply_per_lib :  ITTAPI function instrumented: __itt_model_task_beginAL
24523 : 0x10b0a727836a42 : 2 : ittapi_config_apply_per_lib :  ITTAPI function instrumented: __itt_model_iteration_taskA
24523 : 0x10b0a7278373bb : 2 : ittapi_config_apply_per_lib :  ITTAPI function instrumented: __itt_model_iteration_taskAL
24523 : 0x10b0a727837d27 : 2 : ittapi_config_apply_per_lib :  ITTAPI function instrumented: __itt_model_site_end_2
24523 : 0x10b0a727838669 : 2 : ittapi_config_apply_per_lib :  ITTAPI function instrumented: __itt_model_task_end_2
24523 : 0x10b0a727838fc1 : 2 : ittapi_config_apply_per_lib :  ITTAPI function instrumented: __itt_model_lock_acquire_2
24523 : 0x10b0a72783b729 : 2 : ittapi_config_apply_per_lib :  ITTAPI function instrumented: __itt_model_lock_release_2
24523 : 0x10b0a72783c0af : 2 : ittapi_config_apply_per_lib :  ITTAPI function instrumented: __itt_model_aggregate_task
24523 : 0x10b0a72783c9ce : 2 : ittapi_config_apply_per_lib :  ITTAPI function instrumented: __itt_model_disable_push
24523 : 0x10b0a72783d2db : 2 : ittapi_config_apply_per_lib :  ITTAPI function instrumented: __itt_model_disable_pop
24523 : 0x10b0a72783dc0b : 2 : ittapi_config_apply_per_lib :  ITTAPI function instrumented: __itt_heap_function_create
24523 : 0x10b0a72783e5c6 : 2 : ittapi_config_apply_per_lib :  ITTAPI function instrumented: __itt_heap_allocate_begin
24523 : 0x10b0a72783ef30 : 2 : ittapi_config_apply_per_lib :  ITTAPI function instrumented: __itt_heap_allocate_end
24523 : 0x10b0a72783f886 : 2 : ittapi_config_apply_per_lib :  ITTAPI function instrumented: __itt_heap_free_begin
24523 : 0x10b0a7278401b8 : 2 : ittapi_config_apply_per_lib :  ITTAPI function instrumented: __itt_heap_free_end
24523 : 0x10b0a727840b3c : 2 : ittapi_config_apply_per_lib :  ITTAPI function instrumented: __itt_heap_reallocate_begin
24523 : 0x10b0a727843011 : 2 : ittapi_config_apply_per_lib :  ITTAPI function instrumented: __itt_heap_reallocate_end
24523 : 0x10b0a727843ceb : 2 : ittapi_config_apply_per_lib :  ITTAPI function not implemented: __itt_heap_internal_access_begin
24523 : 0x10b0a72784488d : 2 : ittapi_config_apply_per_lib :  ITTAPI function not implemented: __itt_heap_internal_access_end
24523 : 0x10b0a7278453fa : 2 : ittapi_config_apply_per_lib :  ITTAPI function not implemented: __itt_heap_record_memory_growth_begin
24523 : 0x10b0a727845f61 : 2 : ittapi_config_apply_per_lib :  ITTAPI function not implemented: __itt_heap_record_memory_growth_end
24523 : 0x10b0a7278469fc : 2 : ittapi_config_apply_per_lib :  ITTAPI function not implemented: __itt_heap_reset_detection
24523 : 0x10b0a7278474de : 2 : ittapi_config_apply_per_lib :  ITTAPI function not implemented: __itt_heap_record
24523 : 0x10b0a727847fa1 : 2 : ittapi_config_apply_per_lib :  ITTAPI function not implemented: __itt_id_create
24523 : 0x10b0a727848a04 : 2 : ittapi_config_apply_per_lib :  ITTAPI function not implemented: __itt_id_destroy
24523 : 0x10b0a727849397 : 2 : ittapi_config_apply_per_lib :  ITTAPI function instrumented: __itt_get_timestamp
24523 : 0x10b0a72784c7da : 2 : ittapi_config_apply_per_lib :  ITTAPI function not implemented: __itt_region_begin
24523 : 0x10b0a72784d313 : 2 : ittapi_config_apply_per_lib :  ITTAPI function not implemented: __itt_region_end
24523 : 0x10b0a72784dc6c : 2 : ittapi_config_apply_per_lib :  ITTAPI function instrumented: __itt_frame_begin_v3
24523 : 0x10b0a72784e616 : 2 : ittapi_config_apply_per_lib :  ITTAPI function instrumented: __itt_frame_end_v3
24523 : 0x10b0a72784efa8 : 2 : ittapi_config_apply_per_lib :  ITTAPI function instrumented: __itt_frame_submit_v3
24523 : 0x10b0a72784fa9e : 2 : ittapi_config_apply_per_lib :  ITTAPI function not implemented: __itt_task_group
24523 : 0x10b0a727850400 : 2 : ittapi_config_apply_per_lib :  ITTAPI function instrumented: __itt_task_begin
24523 : 0x10b0a727850d6a : 2 : ittapi_config_apply_per_lib :  ITTAPI function instrumented: __itt_task_begin_fn
24523 : 0x10b0a7278516a2 : 2 : ittapi_config_apply_per_lib :  ITTAPI function instrumented: __itt_task_end
24523 : 0x10b0a727852195 : 2 : ittapi_config_apply_per_lib :  ITTAPI function not implemented: __itt_counter_inc_v3
24523 : 0x10b0a727854910 : 2 : ittapi_config_apply_per_lib :  ITTAPI function not implemented: __itt_counter_inc_delta_v3
24523 : 0x10b0a727855496 : 2 : ittapi_config_apply_per_lib :  ITTAPI function not implemented: __itt_counter_dec_v3
24523 : 0x10b0a727855fd5 : 2 : ittapi_config_apply_per_lib :  ITTAPI function not implemented: __itt_counter_dec_delta_v3
24523 : 0x10b0a727856af0 : 2 : ittapi_config_apply_per_lib :  ITTAPI function not implemented: __itt_marker
24523 : 0x10b0a7278584f7 : 2 : ittapi_config_apply_per_lib :  ITTAPI function instrumented: __itt_metadata_add
24523 : 0x10b0a727858fff : 2 : ittapi_config_apply_per_lib :  ITTAPI function not implemented: __itt_metadata_str_add
24523 : 0x10b0a727859ae8 : 2 : ittapi_config_apply_per_lib :  ITTAPI function not implemented: __itt_relation_add_to_current
24523 : 0x10b0a72785a5b5 : 2 : ittapi_config_apply_per_lib :  ITTAPI function not implemented: __itt_relation_add
24523 : 0x10b0a72785af1d : 2 : ittapi_config_apply_per_lib :  ITTAPI function instrumented: __itt_event_create
24523 : 0x10b0a72785b8a2 : 2 : ittapi_config_apply_per_lib :  ITTAPI function instrumented: __itt_event_start
24523 : 0x10b0a72785d9ec : 2 : ittapi_config_apply_per_lib :  ITTAPI function instrumented: __itt_event_end
24523 : 0x10b0a72785e28e : 2 : ittapi_config_apply_per_lib :  ITTAPI function NOT instrumented (not matched by --itt-config option): __itt_sync_set_name

24523 : 0x10b0a72785eb24 : 2 : ittapi_config_apply_per_lib :  ITTAPI function NOT instrumented (not matched by --itt-config option): __itt_notify_sync_name

24523 : 0x10b0a72785f3a8 : 2 : ittapi_config_apply_per_lib :  ITTAPI function NOT instrumented (not matched by --itt-config option): __itt_notify_sync_prepare

24523 : 0x10b0a72785fc36 : 2 : ittapi_config_apply_per_lib :  ITTAPI function NOT instrumented (not matched by --itt-config option): __itt_notify_sync_cancel

24523 : 0x10b0a7278604db : 2 : ittapi_config_apply_per_lib :  ITTAPI function NOT instrumented (not matched by --itt-config option): __itt_notify_sync_acquired

24523 : 0x10b0a727860d22 : 2 : ittapi_config_apply_per_lib :  ITTAPI function NOT instrumented (not matched by --itt-config option): __itt_notify_sync_releasing

24523 : 0x10b0a727861830 : 2 : ittapi_config_apply_per_lib :  ITTAPI function not implemented: __itt_memory_read
24523 : 0x10b0a7278622bd : 2 : ittapi_config_apply_per_lib :  ITTAPI function not implemented: __itt_memory_write
24523 : 0x10b0a727862daa : 2 : ittapi_config_apply_per_lib :  ITTAPI function not implemented: __itt_memory_update
24523 : 0x10b0a727864f7e : 2 : ittapi_config_apply_per_lib :  ITTAPI function not implemented: __itt_state_get
24523 : 0x10b0a727865a95 : 2 : ittapi_config_apply_per_lib :  ITTAPI function not implemented: __itt_state_set
24523 : 0x10b0a727866504 : 2 : ittapi_config_apply_per_lib :  ITTAPI function not implemented: __itt_obj_mode_set
24523 : 0x10b0a727866f5d : 2 : ittapi_config_apply_per_lib :  ITTAPI function not implemented: __itt_thr_mode_set
24523 : 0x10b0a727867845 : 2 : ittapi_config_apply_per_lib :  ITTAPI function instrumented: __itt_frame_create
24523 : 0x10b0a7278681e2 : 2 : ittapi_config_apply_per_lib :  ITTAPI function instrumented: __itt_frame_begin
24523 : 0x10b0a727868b74 : 2 : ittapi_config_apply_per_lib :  ITTAPI function instrumented: __itt_frame_end
24523 : 0x10b0a72786967c : 2 : ittapi_config_apply_per_lib :  ITTAPI function not implemented: __itt_counter_destroy
24523 : 0x10b0a72786a040 : 2 : ittapi_config_apply_per_lib :  ITTAPI function instrumented: __itt_counter_inc
24523 : 0x10b0a72786a999 : 2 : ittapi_config_apply_per_lib :  ITTAPI function instrumented: __itt_counter_inc_delta
24523 : 0x10b0a72786d3f9 : 2 : ittapi_config_apply_per_lib :  ITTAPI function instrumented: __itt_counter_dec
24523 : 0x10b0a72786ddc2 : 2 : ittapi_config_apply_per_lib :  ITTAPI function instrumented: __itt_counter_dec_delta
24523 : 0x10b0a72786e6ed : 2 : ittapi_config_apply_per_lib :  ITTAPI function instrumented: __itt_counter_set_value
24523 : 0x10b0a72786f149 : 2 : ittapi_config_apply_per_lib :  ITTAPI function not implemented: __itt_counter_set_value_ex
24523 : 0x10b0a72786fbfd : 2 : ittapi_config_apply_per_lib :  ITTAPI function not implemented: __itt_mark_create
24523 : 0x10b0a727870685 : 2 : ittapi_config_apply_per_lib :  ITTAPI function not implemented: __itt_mark
24523 : 0x10b0a727871168 : 2 : ittapi_config_apply_per_lib :  ITTAPI function not implemented: __itt_mark_off
24523 : 0x10b0a727871bf8 : 2 : ittapi_config_apply_per_lib :  ITTAPI function not implemented: __itt_mark_global
24523 : 0x10b0a72787268c : 2 : ittapi_config_apply_per_lib :  ITTAPI function not implemented: __itt_mark_global_off
24523 : 0x10b0a727873082 : 2 : ittapi_config_apply_per_lib :  ITTAPI function instrumented: __itt_stack_caller_create
24523 : 0x10b0a727875195 : 2 : ittapi_config_apply_per_lib :  ITTAPI function instrumented: __itt_stack_caller_destroy
24523 : 0x10b0a727875bae : 2 : ittapi_config_apply_per_lib :  ITTAPI function instrumented: __itt_stack_callee_enter
24523 : 0x10b0a727876537 : 2 : ittapi_config_apply_per_lib :  ITTAPI function instrumented: __itt_stack_callee_leave
24523 : 0x10b0a72787706c : 2 : ittapi_config_apply_per_lib :  ITTAPI function not implemented: __itt_clock_domain_create
24523 : 0x10b0a727877cb3 : 2 : ittapi_config_apply_per_lib :  ITTAPI function not implemented: __itt_clock_domain_reset
24523 : 0x10b0a7278786db : 2 : ittapi_config_apply_per_lib :  ITTAPI function not implemented: __itt_id_create_ex
24523 : 0x10b0a72787915f : 2 : ittapi_config_apply_per_lib :  ITTAPI function not implemented: __itt_id_destroy_ex
24523 : 0x10b0a727879c3c : 2 : ittapi_config_apply_per_lib :  ITTAPI function not implemented: __itt_task_begin_ex
24523 : 0x10b0a72787a718 : 2 : ittapi_config_apply_per_lib :  ITTAPI function not implemented: __itt_task_begin_fn_ex
24523 : 0x10b0a72787b1fe : 2 : ittapi_config_apply_per_lib :  ITTAPI function not implemented: __itt_task_end_ex
24523 : 0x10b0a72787d276 : 2 : ittapi_config_apply_per_lib :  ITTAPI function instrumented: __itt_task_begin_overlapped
24523 : 0x10b0a72787de3d : 2 : ittapi_config_apply_per_lib :  ITTAPI function not implemented: __itt_task_begin_overlapped_ex
24523 : 0x10b0a72787e7f5 : 2 : ittapi_config_apply_per_lib :  ITTAPI function instrumented: __itt_task_end_overlapped
24523 : 0x10b0a72787f349 : 2 : ittapi_config_apply_per_lib :  ITTAPI function not implemented: __itt_task_end_overlapped_ex
24523 : 0x10b0a72787fdc8 : 2 : ittapi_config_apply_per_lib :  ITTAPI function not implemented: __itt_marker_ex
24523 : 0x10b0a7278808b3 : 2 : ittapi_config_apply_per_lib :  ITTAPI function not implemented: __itt_metadata_add_with_scope
24523 : 0x10b0a72788150b : 2 : ittapi_config_apply_per_lib :  ITTAPI function not implemented: __itt_metadata_str_add_with_scope
24523 : 0x10b0a727882023 : 2 : ittapi_config_apply_per_lib :  ITTAPI function not implemented: __itt_relation_add_to_current_ex
24523 : 0x10b0a727882aca : 2 : ittapi_config_apply_per_lib :  ITTAPI function not implemented: __itt_relation_add_ex
24523 : 0x10b0a7278835b0 : 2 : ittapi_config_apply_per_lib :  ITTAPI function not implemented: __itt_track_group_create
24523 : 0x10b0a727886060 : 2 : ittapi_config_apply_per_lib :  ITTAPI function not implemented: __itt_track_create
24523 : 0x10b0a727886b37 : 2 : ittapi_config_apply_per_lib :  ITTAPI function not implemented: __itt_set_track
24523 : 0x10b0a7278874be : 2 : ittapi_config_apply_per_lib :  ITTAPI function instrumented: __itt_api_version
24523 : 0x10b0a727887f02 : 2 : ittapi_config_apply_per_lib :  ITTAPI function not implemented: __itt_av_save
24523 : 0x10b0a727888846 : 2 : ittapi_config_apply_per_lib :  ITTAPI function instrumented: __itt_module_load
24523 : 0x10b0a727954886 : 2 : ittapi_config_mask_get :  --itt-config mask to be applied: 183
24523 : 0x10b0a727955dd1 : 2 : ittapi_config_apply_per_lib :  ITTAPI function instrumented: __itt_domain_create
24523 : 0x10b0a727956844 : 2 : ittapi_config_apply_per_lib :  ITTAPI function instrumented: __itt_string_handle_create
24523 : 0x10b0a727957320 : 2 : ittapi_config_apply_per_lib :  ITTAPI function instrumented: __itt_pause
24523 : 0x10b0a727957d61 : 2 : ittapi_config_apply_per_lib :  ITTAPI function instrumented: __itt_resume
24523 : 0x10b0a72795b710 : 2 : ittapi_config_apply_per_lib :  ITTAPI function instrumented: __itt_thread_set_name
24523 : 0x10b0a72795c13b : 2 : ittapi_config_apply_per_lib :  ITTAPI function instrumented: __itt_thread_ignore
24523 : 0x10b0a72795ca6e : 2 : ittapi_config_apply_per_lib :  ITTAPI function instrumented: __itt_thr_name_set
24523 : 0x10b0a72795d411 : 2 : ittapi_config_apply_per_lib :  ITTAPI function instrumented: __itt_thr_ignore
24523 : 0x10b0a72795e2f8 : 2 : ittapi_config_apply_per_lib :  ITTAPI function not implemented: __itt_enable_attach
24523 : 0x10b0a72795ee45 : 2 : ittapi_config_apply_per_lib :  ITTAPI function instrumented: __itt_detach
24523 : 0x10b0a72795f6dd : 2 : ittapi_config_apply_per_lib :  ITTAPI function NOT instrumented (not matched by --itt-config option): __itt_sync_create

24523 : 0x10b0a72795ffcc : 2 : ittapi_config_apply_per_lib :  ITTAPI function NOT instrumented (not matched by --itt-config option): __itt_sync_rename

24523 : 0x10b0a72796080f : 2 : ittapi_config_apply_per_lib :  ITTAPI function NOT instrumented (not matched by --itt-config option): __itt_sync_destroy

24523 : 0x10b0a727961057 : 2 : ittapi_config_apply_per_lib :  ITTAPI function NOT instrumented (not matched by --itt-config option): __itt_sync_prepare

24523 : 0x10b0a7279630f9 : 2 : ittapi_config_apply_per_lib :  ITTAPI function NOT instrumented (not matched by --itt-config option): __itt_sync_cancel

24523 : 0x10b0a727963982 : 2 : ittapi_config_apply_per_lib :  ITTAPI function NOT instrumented (not matched by --itt-config option): __itt_sync_acquired

24523 : 0x10b0a7279641d7 : 2 : ittapi_config_apply_per_lib :  ITTAPI function NOT instrumented (not matched by --itt-config option): __itt_sync_releasing

24523 : 0x10b0a727964d56 : 2 : ittapi_config_apply_per_lib :  ITTAPI function not implemented: __itt_suppress_push
24523 : 0x10b0a727965962 : 2 : ittapi_config_apply_per_lib :  ITTAPI function not implemented: __itt_suppress_pop
24523 : 0x10b0a72796650c : 2 : ittapi_config_apply_per_lib :  ITTAPI function not implemented: __itt_suppress_mark_range
24523 : 0x10b0a727967029 : 2 : ittapi_config_apply_per_lib :  ITTAPI function not implemented: __itt_suppress_clear_range
24523 : 0x10b0a727967894 : 2 : ittapi_config_apply_per_lib :  ITTAPI function NOT instrumented (not matched by --itt-config option): __itt_sync_prepare

24523 : 0x10b0a7279680e3 : 2 : ittapi_config_apply_per_lib :  ITTAPI function NOT instrumented (not matched by --itt-config option): __itt_sync_cancel

24523 : 0x10b0a727968917 : 2 : ittapi_config_apply_per_lib :  ITTAPI function NOT instrumented (not matched by --itt-config option): __itt_sync_acquired

24523 : 0x10b0a72796b16c : 2 : ittapi_config_apply_per_lib :  ITTAPI function NOT instrumented (not matched by --itt-config option): __itt_sync_releasing

24523 : 0x10b0a72796bc90 : 2 : ittapi_config_apply_per_lib :  ITTAPI function instrumented: __itt_model_site_begin
24523 : 0x10b0a72796c6ac : 2 : ittapi_config_apply_per_lib :  ITTAPI function instrumented: __itt_model_site_end
24523 : 0x10b0a72796d02c : 2 : ittapi_config_apply_per_lib :  ITTAPI function instrumented: __itt_model_task_begin
24523 : 0x10b0a72796d9b7 : 2 : ittapi_config_apply_per_lib :  ITTAPI function instrumented: __itt_model_task_end
24523 : 0x10b0a72796e317 : 2 : ittapi_config_apply_per_lib :  ITTAPI function instrumented: __itt_model_lock_acquire
24523 : 0x10b0a72796ecc5 : 2 : ittapi_config_apply_per_lib :  ITTAPI function instrumented: __itt_model_lock_release
24523 : 0x10b0a72796f882 : 2 : ittapi_config_apply_per_lib :  ITTAPI function not implemented: __itt_model_record_allocation
24523 : 0x10b0a7279703e4 : 2 : ittapi_config_apply_per_lib :  ITTAPI function not implemented: __itt_model_record_deallocation
24523 : 0x10b0a727970f2e : 2 : ittapi_config_apply_per_lib :  ITTAPI function not implemented: __itt_model_induction_uses
24523 : 0x10b0a7279731e6 : 2 : ittapi_config_apply_per_lib :  ITTAPI function not implemented: __itt_model_reduction_uses
24523 : 0x10b0a727973d9d : 2 : ittapi_config_apply_per_lib :  ITTAPI function not implemented: __itt_model_observe_uses
24523 : 0x10b0a727974886 : 2 : ittapi_config_apply_per_lib :  ITTAPI function not implemented: __itt_model_clear_uses
24523 : 0x10b0a7279751c5 : 2 : ittapi_config_apply_per_lib :  ITTAPI function instrumented: __itt_model_site_beginA
24523 : 0x10b0a727975b1c : 2 : ittapi_config_apply_per_lib :  ITTAPI function instrumented: __itt_model_site_beginAL
24523 : 0x10b0a72797647b : 2 : ittapi_config_apply_per_lib :  ITTAPI function instrumented: __itt_model_task_beginA
24523 : 0x10b0a727976e22 : 2 : ittapi_config_apply_per_lib :  ITTAPI function instrumented: __itt_model_task_beginAL
24523 : 0x10b0a727977745 : 2 : ittapi_config_apply_per_lib :  ITTAPI function instrumented: __itt_model_iteration_taskA
24523 : 0x10b0a7279780c9 : 2 : ittapi_config_apply_per_lib :  ITTAPI function instrumented: __itt_model_iteration_taskAL
24523 : 0x10b0a7279789fe : 2 : ittapi_config_apply_per_lib :  ITTAPI function instrumented: __itt_model_site_end_2
24523 : 0x10b0a72797a9c2 : 2 : ittapi_config_apply_per_lib :  ITTAPI function instrumented: __itt_model_task_end_2
24523 : 0x10b0a72797b363 : 2 : ittapi_config_apply_per_lib :  ITTAPI function instrumented: __itt_model_lock_acquire_2
24523 : 0x10b0a72797bcdd : 2 : ittapi_config_apply_per_lib :  ITTAPI function instrumented: __itt_model_lock_release_2
24523 : 0x10b0a72797c5f9 : 2 : ittapi_config_apply_per_lib :  ITTAPI function instrumented: __itt_model_aggregate_task
24523 : 0x10b0a72797cf7e : 2 : ittapi_config_apply_per_lib :  ITTAPI function instrumented: __itt_model_disable_push
24523 : 0x10b0a72797d8ac : 2 : ittapi_config_apply_per_lib :  ITTAPI function instrumented: __itt_model_disable_pop
24523 : 0x10b0a72797e1a1 : 2 : ittapi_config_apply_per_lib :  ITTAPI function instrumented: __itt_heap_function_create
24523 : 0x10b0a72797eb51 : 2 : ittapi_config_apply_per_lib :  ITTAPI function instrumented: __itt_heap_allocate_begin
24523 : 0x10b0a72797f49d : 2 : ittapi_config_apply_per_lib :  ITTAPI function instrumented: __itt_heap_allocate_end
24523 : 0x10b0a72797fdcf : 2 : ittapi_config_apply_per_lib :  ITTAPI function instrumented: __itt_heap_free_begin
24523 : 0x10b0a727981d33 : 2 : ittapi_config_apply_per_lib :  ITTAPI function instrumented: __itt_heap_free_end
24523 : 0x10b0a7279826f1 : 2 : ittapi_config_apply_per_lib :  ITTAPI function instrumented: __itt_heap_reallocate_begin
24523 : 0x10b0a727983015 : 2 : ittapi_config_apply_per_lib :  ITTAPI function instrumented: __itt_heap_reallocate_end
24523 : 0x10b0a727983b51 : 2 : ittapi_config_apply_per_lib :  ITTAPI function not implemented: __itt_heap_internal_access_begin
24523 : 0x10b0a72798469f : 2 : ittapi_config_apply_per_lib :  ITTAPI function not implemented: __itt_heap_internal_access_end
24523 : 0x10b0a727985225 : 2 : ittapi_config_apply_per_lib :  ITTAPI function not implemented: __itt_heap_record_memory_growth_begin
24523 : 0x10b0a727985d66 : 2 : ittapi_config_apply_per_lib :  ITTAPI function not implemented: __itt_heap_record_memory_growth_end
24523 : 0x10b0a7279867fb : 2 : ittapi_config_apply_per_lib :  ITTAPI function not implemented: __itt_heap_reset_detection
24523 : 0x10b0a727987296 : 2 : ittapi_config_apply_per_lib :  ITTAPI function not implemented: __itt_heap_record
24523 : 0x10b0a727987d77 : 2 : ittapi_config_apply_per_lib :  ITTAPI function not implemented: __itt_id_create
24523 : 0x10b0a72798a94c : 2 : ittapi_config_apply_per_lib :  ITTAPI function not implemented: __itt_id_destroy
24523 : 0x10b0a72798b374 : 2 : ittapi_config_apply_per_lib :  ITTAPI function instrumented: __itt_get_timestamp
24523 : 0x10b0a72798be37 : 2 : ittapi_config_apply_per_lib :  ITTAPI function not implemented: __itt_region_begin
24523 : 0x10b0a72798c8cf : 2 : ittapi_config_apply_per_lib :  ITTAPI function not implemented: __itt_region_end
24523 : 0x10b0a72798d236 : 2 : ittapi_config_apply_per_lib :  ITTAPI function instrumented: __itt_frame_begin_v3
24523 : 0x10b0a72798dbc8 : 2 : ittapi_config_apply_per_lib :  ITTAPI function instrumented: __itt_frame_end_v3
24523 : 0x10b0a72798e544 : 2 : ittapi_config_apply_per_lib :  ITTAPI function instrumented: __itt_frame_submit_v3
24523 : 0x10b0a72798effa : 2 : ittapi_config_apply_per_lib :  ITTAPI function not implemented: __itt_task_group
24523 : 0x10b0a72798f95d : 2 : ittapi_config_apply_per_lib :  ITTAPI function instrumented: __itt_task_begin
24523 : 0x10b0a7279902b0 : 2 : ittapi_config_apply_per_lib :  ITTAPI function instrumented: __itt_task_begin_fn
24523 : 0x10b0a727992344 : 2 : ittapi_config_apply_per_lib :  ITTAPI function instrumented: __itt_task_end
24523 : 0x10b0a727992ee1 : 2 : ittapi_config_apply_per_lib :  ITTAPI function not implemented: __itt_counter_inc_v3
24523 : 0x10b0a7279939f3 : 2 : ittapi_config_apply_per_lib :  ITTAPI function not implemented: __itt_counter_inc_delta_v3
24523 : 0x10b0a727994510 : 2 : ittapi_config_apply_per_lib :  ITTAPI function not implemented: __itt_marker
24523 : 0x10b0a727994ed5 : 2 : ittapi_config_apply_per_lib :  ITTAPI function instrumented: __itt_metadata_add
24523 : 0x10b0a7279959a4 : 2 : ittapi_config_apply_per_lib :  ITTAPI function not implemented: __itt_metadata_str_add
24523 : 0x10b0a72799646e : 2 : ittapi_config_apply_per_lib :  ITTAPI function not implemented: __itt_relation_add_to_current
24523 : 0x10b0a727996f14 : 2 : ittapi_config_apply_per_lib :  ITTAPI function not implemented: __itt_relation_add
24523 : 0x10b0a727997883 : 2 : ittapi_config_apply_per_lib :  ITTAPI function instrumented: __itt_event_create
24523 : 0x10b0a7279981e2 : 2 : ittapi_config_apply_per_lib :  ITTAPI function instrumented: __itt_event_start
24523 : 0x10b0a72799a1b3 : 2 : ittapi_config_apply_per_lib :  ITTAPI function instrumented: __itt_event_end
24523 : 0x10b0a72799aa3a : 2 : ittapi_config_apply_per_lib :  ITTAPI function NOT instrumented (not matched by --itt-config option): __itt_sync_set_name

24523 : 0x10b0a72799b2ed : 2 : ittapi_config_apply_per_lib :  ITTAPI function NOT instrumented (not matched by --itt-config option): __itt_notify_sync_name

24523 : 0x10b0a72799bb5e : 2 : ittapi_config_apply_per_lib :  ITTAPI function NOT instrumented (not matched by --itt-config option): __itt_notify_sync_prepare

24523 : 0x10b0a72799c3b2 : 2 : ittapi_config_apply_per_lib :  ITTAPI function NOT instrumented (not matched by --itt-config option): __itt_notify_sync_cancel

24523 : 0x10b0a72799cbdf : 2 : ittapi_config_apply_per_lib :  ITTAPI function NOT instrumented (not matched by --itt-config option): __itt_notify_sync_acquired

24523 : 0x10b0a72799d437 : 2 : ittapi_config_apply_per_lib :  ITTAPI function NOT instrumented (not matched by --itt-config option): __itt_notify_sync_releasing

24523 : 0x10b0a72799de9c : 2 : ittapi_config_apply_per_lib :  ITTAPI function not implemented: __itt_memory_read
24523 : 0x10b0a72799e918 : 2 : ittapi_config_apply_per_lib :  ITTAPI function not implemented: __itt_memory_write
24523 : 0x10b0a72799f3a2 : 2 : ittapi_config_apply_per_lib :  ITTAPI function not implemented: __itt_memory_update
24523 : 0x10b0a7279a363f : 2 : ittapi_config_apply_per_lib :  ITTAPI function not implemented: __itt_state_get
24523 : 0x10b0a7279a4172 : 2 : ittapi_config_apply_per_lib :  ITTAPI function not implemented: __itt_state_set
24523 : 0x10b0a7279a4caf : 2 : ittapi_config_apply_per_lib :  ITTAPI function not implemented: __itt_obj_mode_set
24523 : 0x10b0a7279a56d2 : 2 : ittapi_config_apply_per_lib :  ITTAPI function not implemented: __itt_thr_mode_set
24523 : 0x10b0a7279a5fcc : 2 : ittapi_config_apply_per_lib :  ITTAPI function instrumented: __itt_frame_create
24523 : 0x10b0a7279a6933 : 2 : ittapi_config_apply_per_lib :  ITTAPI function instrumented: __itt_frame_begin
24523 : 0x10b0a7279a729e : 2 : ittapi_config_apply_per_lib :  ITTAPI function instrumented: __itt_frame_end
24523 : 0x10b0a7279a7be4 : 2 : ittapi_config_apply_per_lib :  ITTAPI function instrumented: __itt_counter_create
24523 : 0x10b0a7279a86c6 : 2 : ittapi_config_apply_per_lib :  ITTAPI function not implemented: __itt_counter_destroy
24523 : 0x10b0a7279a9034 : 2 : ittapi_config_apply_per_lib :  ITTAPI function instrumented: __itt_counter_inc
24523 : 0x10b0a7279ab17c : 2 : ittapi_config_apply_per_lib :  ITTAPI function instrumented: __itt_counter_inc_delta
24523 : 0x10b0a7279abc5a : 2 : ittapi_config_apply_per_lib :  ITTAPI function not implemented: __itt_mark_create
24523 : 0x10b0a7279ac6c1 : 2 : ittapi_config_apply_per_lib :  ITTAPI function not implemented: __itt_mark
24523 : 0x10b0a7279ad1e1 : 2 : ittapi_config_apply_per_lib :  ITTAPI function not implemented: __itt_mark_off
24523 : 0x10b0a7279adc3b : 2 : ittapi_config_apply_per_lib :  ITTAPI function not implemented: __itt_mark_global
24523 : 0x10b0a7279ae6a3 : 2 : ittapi_config_apply_per_lib :  ITTAPI function not implemented: __itt_mark_global_off
24523 : 0x10b0a7279af079 : 2 : ittapi_config_apply_per_lib :  ITTAPI function instrumented: __itt_stack_caller_create
24523 : 0x10b0a7279afa40 : 2 : ittapi_config_apply_per_lib :  ITTAPI function instrumented: __itt_stack_caller_destroy
24523 : 0x10b0a7279b040e : 2 : ittapi_config_apply_per_lib :  ITTAPI function instrumented: __itt_stack_callee_enter
24523 : 0x10b0a7279b0d52 : 2 : ittapi_config_apply_per_lib :  ITTAPI function instrumented: __itt_stack_callee_leave
24523 : 0x10b0a7279b2f01 : 2 : ittapi_config_apply_per_lib :  ITTAPI function not implemented: __itt_clock_domain_create
24523 : 0x10b0a7279b3ab8 : 2 : ittapi_config_apply_per_lib :  ITTAPI function not implemented: __itt_clock_domain_reset
24523 : 0x10b0a7279b44d4 : 2 : ittapi_config_apply_per_lib :  ITTAPI function not implemented: __itt_id_create_ex
24523 : 0x10b0a7279b4f76 : 2 : ittapi_config_apply_per_lib :  ITTAPI function not implemented: __itt_id_destroy_ex
24523 : 0x10b0a7279b5a11 : 2 : ittapi_config_apply_per_lib :  ITTAPI function not implemented: __itt_task_begin_ex
24523 : 0x10b0a7279b64ed : 2 : ittapi_config_apply_per_lib :  ITTAPI function not implemented: __itt_task_begin_fn_ex
24523 : 0x10b0a7279b6fd4 : 2 : ittapi_config_apply_per_lib :  ITTAPI function not implemented: __itt_task_end_ex
24523 : 0x10b0a7279b7974 : 2 : ittapi_config_apply_per_lib :  ITTAPI function instrumented: __itt_task_begin_overlapped
24523 : 0x10b0a7279b843f : 2 : ittapi_config_apply_per_lib :  ITTAPI function not implemented: __itt_task_begin_overlapped_ex
24523 : 0x10b0a7279b8e05 : 2 : ittapi_config_apply_per_lib :  ITTAPI function instrumented: __itt_task_end_overlapped
24523 : 0x10b0a7279baff7 : 2 : ittapi_config_apply_per_lib :  ITTAPI function not implemented: __itt_task_end_overlapped_ex
24523 : 0x10b0a7279bbae2 : 2 : ittapi_config_apply_per_lib :  ITTAPI function not implemented: __itt_marker_ex
24523 : 0x10b0a7279bc5cf : 2 : ittapi_config_apply_per_lib :  ITTAPI function not implemented: __itt_metadata_add_with_scope
24523 : 0x10b0a7279bd130 : 2 : ittapi_config_apply_per_lib :  ITTAPI function not implemented: __itt_metadata_str_add_with_scope
24523 : 0x10b0a7279bdc41 : 2 : ittapi_config_apply_per_lib :  ITTAPI function not implemented: __itt_relation_add_to_current_ex
24523 : 0x10b0a7279be6d9 : 2 : ittapi_config_apply_per_lib :  ITTAPI function not implemented: __itt_relation_add_ex
24523 : 0x10b0a7279bf1e2 : 2 : ittapi_config_apply_per_lib :  ITTAPI function not implemented: __itt_track_group_create
24523 : 0x10b0a7279bfc32 : 2 : ittapi_config_apply_per_lib :  ITTAPI function not implemented: __itt_track_create
24523 : 0x10b0a7279c062f : 2 : ittapi_config_apply_per_lib :  ITTAPI function not implemented: __itt_set_track
24523 : 0x10b0a7279c0f80 : 2 : ittapi_config_apply_per_lib :  ITTAPI function instrumented: __itt_api_version
24523 : 0x10b0a7279c3975 : 2 : ittapi_config_apply_per_lib :  ITTAPI function not implemented: __itt_av_save