<?xml version="1.0" encoding="utf-8"?>
<log version="1.0" tool="runtool">

<msg id="1" tool="runtool">
  <type>log-start</type>
  <arg>2023/05/02 14:06:27</arg>
</msg>
<msg id="2" tool="runtool">
  <type>bandwidth-measurement-starts</type>
</msg>
<msg id="3" tool="runtool">
  <type>bandwidth-measurement-done</type>
</msg>
<msg id="4" tool="runtool">
  <type>collector-starts</type>
</msg>
<msg id="5" tool="runtool">
  <type>marker-file</type>
  <arg>/user/home/rk19763/advanced-hpc-lbm/advi_results5/e000/trc001/trc001.advixe</arg>
</msg>
<msg id="6" tool="pin">
  <type>2</type>
  <description>Source/pin/vm_u/vm_signal_impl_unix.cpp: NotifyExit: 2102: assertion failed: _initialized </description>
  <severity>ERROR</severity>
  <timestamp>Tue May  2 13:06:43 2023 </timestamp>
  <pinversion>3.14</pinversion>
  <kitnumber>98223</kitnumber>
</msg>
<msg id="7" tool="trc">
  <type>PROCESS_START</type>
  <arg>/mnt/storage/software/languages/intel/intel-parallel_studio_xe_2020_u4/compilers_and_libraries_2020.4.304/linux/mpi/intel64/bin/mpiexec.hydra</arg>
  <arg>19728</arg>
  <severity>INFO</severity>
  <timestamp>Tue May  2 13:06:43 2023</timestamp>
</msg>
<msg id="8" tool="trc">
  <type>INTERNAL</type>
  <severity>ERROR</severity>
  <timestamp>Tue May  2 13:06:43 2023</timestamp>
</msg>
<msg id="9" tool="trc">
  <type>ABNORMAL_TERMINATE</type>
  <severity>ERROR</severity>
  <timestamp>Tue May  2 13:06:43 2023</timestamp>
</msg>
<msg id="10" tool="runtool">
  <type>app-exit-code</type>
  <arg>255</arg>
</msg>
<msg id="11" tool="runtool">
  <type>marker-file</type>
  <arg>/user/home/rk19763/advanced-hpc-lbm/advi_results5/e000/trc001/trc001.advixe</arg>
</msg>
<msg id="12" tool="runtool">
  <type>collector-done</type>
</msg>
<msg id="13" tool="runtool">
  <type>log-end</type>
  <arg>2023/05/02 14:06:47</arg>
</msg>

</log>

