30 [47062725308032] INFO perfrun.launcher <> - Launcher main begin
31 [47062725308032] INFO perfrun.launcher <> - MessageCatalogInit finished
31 [47062725308032] INFO perfrun.launcher <> - Launcher instance created
31 [47062725308032] INFO perfrun.launcher <> - argc = 7; cmdline = /mnt/storage/software/languages/intel/intel-parallel_studio_xe_2020_u4/advisor_2020.3.0.607294/bin64/advixe-runss --ui-output-format xml --ui-output-fd 6 --option-file /user/home/rk19763/advanced-hpc-lbm/advi_results_4/project1/rank.20/hs000/config/runss.options 
115 [47062725308032] INFO perfrun.launcher <> - plugin remoteplug has been added successfully
116 [47062725308032] INFO perfrun.launcher <> - plugin system has been added successfully
116 [47062725308032] INFO perfrun.launcher <> - plugin vdso has been added successfully
116 [47062725308032] INFO perfrun.launcher <> - plugin itt has been added successfully
116 [47062725308032] INFO perfrun.launcher <> - plugin  has been added successfully
116 [47062725308032] INFO perfrun.launcher <> - plugin gpu has been added successfully
116 [47062725308032] INFO perfrun.launcher <> - plugin  has been added successfully
116 [47062725308032] INFO perfrun.launcher <> - plugin  has been added successfully
116 [47062725308032] INFO perfrun.launcher <> - plugin  has been added successfully
116 [47062725308032] INFO perfrun.launcher <> - plugin mrte has been added successfully
116 [47062725308032] INFO perfrun.launcher <> - plugin  has been added successfully
116 [47062725308032] INFO perfrun.launcher <> - plugin  has been added successfully
116 [47062725308032] INFO perfrun.launcher <> - plugin  has been added successfully
118 [47062725308032] INFO perfrun.launcher <> - plugin  has been added successfully
119 [47062725308032] INFO perfrun.launcher <> - plugin  has been added successfully
119 [47062725308032] INFO perfrun.launcher <> - plugin  has been added successfully
119 [47062725308032] INFO perfrun.launcher <> - plugin  has been added successfully
119 [47062725308032] INFO perfrun.launcher <> - plugin tpss has been added successfully
119 [47062725308032] INFO perfrun.launcher <> - plugin  has been added successfully
119 [47062725308032] INFO perfrun.launcher <> - plugin  has been added successfully
119 [47062725308032] INFO perfrun.launcher <> - plugin  has been added successfully
119 [47062725308032] INFO perfrun.launcher <> - plugin  has been added successfully
119 [47062725308032] INFO perfrun.launcher <> - plugin  has been added successfully
119 [47062725308032] INFO perfrun.launcher <> - plugin  has been added successfully
119 [47062725308032] INFO perfrun.launcher <> - plugin  has been added successfully
119 [47062725308032] INFO perfrun.launcher <> - plugin  has been added successfully
119 [47062725308032] INFO perfrun.launcher <> - plugin  has been added successfully
119 [47062725308032] INFO perfrun.launcher <> - plugin  has been added successfully
119 [47062725308032] INFO perfrun.launcher <> - the option was added --interval: Specify an interval of data collection (for example, sampling) in milliseconds.
119 [47062725308032] INFO perfrun.launcher <> - the option was added --follow-child: Profile process with or without children.
119 [47062725308032] INFO perfrun.launcher <> - the option was added --gelding: BADMSG: perfrun1.launcher.plugin_manager::gelding
119 [47062725308032] INFO perfrun.launcher <> - the option was added --time-source: Specify time source for measurement. Possible values: sys - wall clock time; tsc - time stamp counter; ext - time from an external source; auto - auto select accurate time source.
119 [47062725308032] INFO perfrun.launcher <> - the option was added --stack: Enable or disable collection of stacks.
119 [47062725308032] INFO perfrun.launcher <> - the option was added --stack-stitching: Enable or disable the stack stitching algorithm for Intel TBB-based applications.
119 [47062725308032] INFO perfrun.launcher <> - the option was added --type: Specify type of data to be collected. For example, --type cpu:counters,waiting:nostack,io.
120 [47062725308032] INFO perfrun.launcher <> - the option was added --mrte-mode: Specify Java/.NET/other managed runtime collection mode. Possible values: native - collect information only for native code; managed - collect information only for managed code; mixed - collect information for both managed and native code; auto - choose the mode based on binary type.
120 [47062725308032] INFO perfrun.launcher <> - the option was added --mrte-mode-list: List supported Java/.NET/other managed runtime collection modes.
121 [47062725308032] INFO perfrun.launcher <> - the option was added --mrte-type: Specify which managed runtimes to collect. Possible values: java - collect information for Java; dotnet - collect information for .NET; python - collect information for CPython. You can specify several values separated by comma.
121 [47062725308032] INFO perfrun.launcher <> - the option was added --mrte-type-list: List supported Java/.NET/other managed runtime types.
121 [47062725308032] INFO perfrun.launcher <> - the option was added --trace-strategy: Specify how to profile a process tree. <string> can be "<process>:trace:notrace" - profile the process but do not profile its children. Shorthand parameters: t - trace, nt - notrace. For example, "vtunedemo.exe:t:t".
121 [47062725308032] INFO perfrun.launcher <> - the option was added --collector: BADMSG: perfrun1.launcher.plugin_manager::collector
121 [47062725308032] INFO perfrun.launcher <> - the option was added --system-wide: Enable system-wide profiling. This mode may require additional permissions.
121 [47062725308032] INFO perfrun.launcher <> - the option was added --kvm-guest: Enable KVM guest OS profiling.
121 [47062725308032] INFO perfrun.launcher <> - the option was added --kvm-guest-kallsyms: Specify a local path to the /proc/kallsyms file copied from the guest OS for proper symbol resolution.
121 [47062725308032] INFO perfrun.launcher <> - the option was added --kvm-guest-modules: Specify a local path to the /proc/modules file copied from the guest OS for proper symbol resolution.
121 [47062725308032] INFO perfrun.launcher <> - the option was added --bandwidth-limits: Measure bandwidth limits
121 [47062725308032] INFO perfrun.launcher <> - the option was added --bandwidth-strategy: Bandwidth limits determination specific properties (example: --bandwidth-strategy array-size=0,duration=500).
121 [47062725308032] INFO perfrun.launcher <> - the option was added --bandwidth-config: List of benchmarks to run.
121 [47062725308032] INFO perfrun.launcher <> - the option was added --dump-vdso: Dump [vdso] to result directory
121 [47062725308032] INFO perfrun.launcher <> - the option was added --system-collector-config: Specify subcollectors. Possible values: all, container, device-info, none. Specify subcollectors. Possible values: all, vdso.
121 [47062725308032] INFO perfrun.launcher <> - the option was added --itt-config: Specify a sub-set of ITT API to collect.
121 [47062725308032] INFO perfrun.launcher <> - the option was added --itt-debug: Set pseudo-breakpoint at ITT API collector's start to enable the debugger to attach early.
121 [47062725308032] INFO perfrun.launcher <> - the option was added --gpu-config: Specify types of GPU data to be collected. Possible values: preset1, preset2.
121 [47062725308032] INFO perfrun.launcher <> - the option was added --gpu-debug: Enable self-testing of the GPGPU profiling collector.
121 [47062725308032] INFO perfrun.launcher <> - the option was added --gpu-counting: Collect GPU data in the counting mode.
121 [47062725308032] INFO perfrun.launcher <> - the option was added --stackwalk: Specify stack unwinding method. Possible values: online - unwind stacks during collection; offline - unwind stacks after collection is finished.
121 [47062725308032] INFO perfrun.launcher <> - the option was added --filter-include: Filter data during collection. Possible values: contended=<on|off> - filter out uncontended events; contended_nostack=<time> - filter out stacks for contended events that take less than <time> microseconds; wait=<time> - ignore transitions and blocks with wait time less than <time> microseconds; wait_nostack=<time> - filter out stacks for waits that take less than <time> microseconds.
121 [47062725308032] INFO perfrun.launcher <> - the option was added --debug-pin: Debug PIN tool and runtime.
121 [47062725308032] INFO perfrun.launcher <> - the option was added --debug-exception: Disallow the application to set own abnormal termination handler.
121 [47062725308032] INFO perfrun.launcher <> - the option was added --trace-type: Specify the trace file granularity. Possible values: per-thread - per-thread trace file generation; per-process - per-process trace file generation.
121 [47062725308032] INFO perfrun.launcher <> - the option was added --instrumentation-type: Specify type of instrumentation.
121 [47062725308032] INFO perfrun.launcher <> - the option was added --altstack: Enable or disable usage of altstacks for profiling signal handlers.
121 [47062725308032] INFO perfrun.launcher <> - the option was added --profiling-signal: Alternate profiling signal.
121 [47062725308032] INFO perfrun.launcher <> - the option was added --memory-strategy: Specify a minimal memory object size to be traced and a hash table size for faster objects search; for example: --memory-strategy obj-size-min=1024,hash-table-size=4096.
121 [47062725308032] INFO perfrun.launcher <> - the option was added --gpu-profiling-type: Specify a type of deep GPU profiling: none, bblatency, memlatency, instcount.
121 [47062725308032] INFO perfrun.launcher <> - the option was added --opencl-trace-mode: Specify OpenCL kernel tracing modes: 'default' to trace OpenCL kernels for Intel Graphics Driver only; 'epoch' for any non-Intel graphics, where OpenCL kernels will be traced and OpenCL profiling API timestamps will be interpreted as Unux Epoch time in nanoseconds; 'completion' to trace OpenCL kernels for any Graphics Driver and bind OpenCL profiling API timestamps to the timestamp of OpenCL completion callback.
122 [47062725308032] INFO perfrun.launcher <> - the option was added --gpu-kernels-to-profile: Specify a comma-separated list of GPU kernel names and invocations to be profiled in the following format: kernel_name[#start_idx#step#stop_idx], where kernel_name is the name of GPU kernel; start_idx is the number of the first invocation; and stop_idx is the number of the last invocation to be profiled.
123 [47062725308032] INFO perfrun.launcher <> - create msngr2::ICliToolContext
123 [47062725308032] INFO perfrun.launcher <> - create file finder object
123 [47062725308032] INFO perfrun.launcher <> - create a result directory: pattern = /user/home/rk19763/advanced-hpc-lbm/advi_results_4/project1/rank.20/hs000 pid = 4294967295
127 [47062725308032] INFO perfrun.sdk <> - checked that the directory /user/home/rk19763/advanced-hpc-lbm/advi_results_4/project1/rank.20/hs000 is a local directory
127 [47062725308032] INFO perfrun.sdk <> - the directory /user/home/rk19763/advanced-hpc-lbm/advi_results_4/project1/rank.20/hs000 is located on a share or its FS ID is unknown 1196443219
127 [47062725308032] INFO perfrun.sdk <> - checked that the directory /tmp/advixe-tmp-rk19763 is a local directory
127 [47062725308032] INFO perfrun.sdk <> - the directory /tmp/advixe-tmp-rk19763 is a local directory with FS type ID 16914836
127 [47062725308032] INFO perfrun.launcher <> - Create a local result directory /tmp/advixe-tmp-rk19763/advixe-res-32407-90487445759776704 due to the user result path /user/home/rk19763/advanced-hpc-lbm/advi_results_4/project1/rank.20/hs000 is located on a share
127 [47062725308032] INFO perfrun.launcher <> - create data directory = /tmp/advixe-tmp-rk19763/advixe-res-32407-90487445759776704/data.0
128 [47062725308032] INFO perfrun.launcher <> - create data directory = /user/home/rk19763/advanced-hpc-lbm/advi_results_4/project1/rank.20/hs000/data.0
128 [47062725308032] INFO perfrun.launcher <> - Creating the master collection flag
129 [47062725308032] INFO perfrun.launcher <> - Done creating the master collection flag
132 [47062857283328] INFO perfrun.launcher <> - plugin [remoteplug] was disabled because it doesn't support the given collection type.
134 [47062857283328] INFO perfrun.sdk <> - Allocating TMU :/tmp/advixe-tmp-rk19763/advixe-res-32407-90487445759776704/data.0/systemcollector-32407-compute242.bc4.acrc.priv.sc
135 [47062857283328] INFO perfrun.launcher <> - plugin [] was disabled because it doesn't support the given collection type.
135 [47062857283328] INFO perfrun.launcher <> - plugin [gpu] was disabled because it doesn't support the given collection type.
135 [47062857283328] INFO perfrun.launcher <> - plugin [] was disabled because it doesn't support the given collection type.
135 [47062857283328] INFO perfrun.launcher <> - plugin [] was disabled because it doesn't support the given collection type.
135 [47062857283328] INFO perfrun.launcher <> - plugin [] was disabled because it doesn't support the given collection type.
135 [47062857283328] INFO perfrun.mrte <> - system-wide mode is 0
135 [47062857283328] INFO perfrun.mrte <> - Getting  mrte profiling environment ...
156 [47062857283328] INFO perfrun.mrte <> - INTEL_MRTE_DATA_DIR=/tmp/advixe-tmp-rk19763/advixe-res-32407-90487445759776704/data.0
156 [47062857283328] INFO perfrun.mrte <> - INTEL_MRTE_HOST_NAME=compute242.bc4.acrc.priv
156 [47062857283328] INFO perfrun.mrte <> - Data directory: /tmp/advixe-tmp-rk19763/advixe-res-32407-90487445759776704/data.0
156 [47062857283328] INFO perfrun.mrte <> - Mrte plugin is initialized
156 [47062857283328] INFO perfrun.launcher <> - plugin [] was disabled because it doesn't support the given collection type.
156 [47062857283328] INFO perfrun.launcher <> - plugin [] was disabled because it doesn't support the given collection type.
156 [47062857283328] INFO perfrun.launcher <> - plugin [] was disabled because it doesn't support the given collection type.
156 [47062857283328] INFO perfrun.launcher <> - plugin [] was disabled because it doesn't support the given collection type.
156 [47062857283328] INFO perfrun.launcher <> - plugin [] was disabled because it doesn't support the given collection type.
156 [47062857283328] INFO perfrun.launcher <> - plugin [] was disabled because it doesn't support the given collection type.
157 [47062857283328] INFO perfrun.launcher <> - plugin [] was disabled because it doesn't support the given collection type.
157 [47062857283328] INFO perfrun.tpss <> - initialize tpss controller
157 [47062857283328] INFO perfrun.tpss <> - configure collection mode: value = cpu:stack
157 [47062857283328] INFO perfrun.tpss <> - default obj-size-min=1024
157 [47062857283328] INFO perfrun.tpss <> - default hash-table-size=0
192 [47062857283328] INFO perfrun.launcher <> - plugin [] was disabled because it doesn't support the given collection type.
192 [47062857283328] INFO perfrun.launcher <> - plugin [] was disabled because it doesn't support the given collection type.
192 [47062857283328] INFO perfrun.launcher <> - plugin [] was disabled because it doesn't support the given collection type.
192 [47062857283328] INFO perfrun.launcher <> - plugin [] was disabled because it doesn't support the given collection type.
192 [47062857283328] INFO perfrun.launcher <> - plugin [] was disabled because it doesn't support the given collection type.
192 [47062857283328] INFO perfrun.launcher <> - plugin [] was disabled because it doesn't support the given collection type.
192 [47062857283328] INFO perfrun.launcher <> - plugin [] was disabled because it doesn't support the given collection type.
192 [47062857283328] INFO perfrun.launcher <> - plugin [] was disabled because it doesn't support the given collection type.
192 [47062857283328] INFO perfrun.launcher <> - plugin [] was disabled because it doesn't support the given collection type.
192 [47062857283328] INFO perfrun.launcher <> - plugin [] was disabled because it doesn't support the given collection type.
192 [47062725308032] INFO perfrun.launcher <> - set environment variable: LD_LIBRARY_PATH = /mnt/storage/software/languages/intel/intel-parallel_studio_xe_2020_u4/advisor_2020.3.0.607294/lib32/runtime:/mnt/storage/software/languages/intel/intel-parallel_studio_xe_2020_u4/advisor_2020.3.0.607294/lib64/runtime:/mnt/storage/software/languages/intel/intel-parallel_studio_xe_2020_u4/itac/2020.3.036/intel64/slib:/mnt/storage/software/languages/intel/intel-parallel_studio_xe_2020_u4/compilers_and_libraries_2020.4.304/linux/compiler/lib/intel64_lin:/mnt/storage/software/languages/intel/intel-parallel_studio_xe_2020_u4/compilers_and_libraries_2020.4.304/linux/mpi/intel64/libfabric/lib:/mnt/storage/software/languages/intel/intel-parallel_studio_xe_2020_u4/compilers_and_libraries_2020.4.304/linux/mpi/intel64/lib/release:/mnt/storage/software/languages/intel/intel-parallel_studio_xe_2020_u4/compilers_and_libraries_2020.4.304/linux/mpi/intel64/lib:/mnt/storage/software/languages/intel/intel-parallel_studio_xe_2020_u4/compilers_and_libraries_2020.4.304/linux/ipp/lib/intel64:/mnt/storage/software/languages/intel/intel-parallel_studio_xe_2020_u4/compilers_and_libraries_2020.4.304/linux/mkl/lib/intel64_lin:/mnt/storage/software/languages/intel/intel-parallel_studio_xe_2020_u4/compilers_and_libraries_2020.4.304/linux/tbb/lib/intel64/gcc4.8:/mnt/storage/software/languages/intel/intel-parallel_studio_xe_2020_u4/debugger_2020/python/intel64/lib:/mnt/storage/software/languages/intel/intel-parallel_studio_xe_2020_u4/debugger_2020/libipt/intel64/lib:/mnt/storage/software/languages/intel/intel-parallel_studio_xe_2020_u4/compilers_and_libraries_2020.4.304/linux/daal/lib/intel64_lin:/mnt/storage/software/languages/intel/intel-parallel_studio_xe_2020_u4/compilers_and_libraries_2020.4.304/linux/daal/../tbb/lib/intel64_lin/gcc4.4:/mnt/storage/software/languages/intel/intel-parallel_studio_xe_2020_u4/compilers_and_libraries_2020.4.304/linux/daal/../tbb/lib/intel64_lin/gcc4.8:/mnt/storage/software/languages/gcc-10.4.0/lib:/mnt/storage/software/languages/gcc-10.4.0/lib64:/mnt/storage/apps/bc4/slurm/22.05.6/lib
192 [47062725308032] INFO perfrun.launcher <> - set environment variable: INTEL_LIBITTNOTIFY32 = /mnt/storage/software/languages/intel/intel-parallel_studio_xe_2020_u4/advisor_2020.3.0.607294/lib32/runtime/libittnotify_collector.so
192 [47062725308032] INFO perfrun.launcher <> - set environment variable: INTEL_LIBITTNOTIFY64 = /mnt/storage/software/languages/intel/intel-parallel_studio_xe_2020_u4/advisor_2020.3.0.607294/lib64/runtime/libittnotify_collector.so
192 [47062725308032] INFO perfrun.launcher <> - set environment variable: INTEL_ITTNOTIFY_GROUPS = 
192 [47062725308032] INFO perfrun.launcher <> - set environment variable: INTEL_JIT_PROFILER32 = /mnt/storage/software/languages/intel/intel-parallel_studio_xe_2020_u4/advisor_2020.3.0.607294/lib32/runtime/libittnotify_collector.so
192 [47062725308032] INFO perfrun.launcher <> - set environment variable: INTEL_JIT_PROFILER64 = /mnt/storage/software/languages/intel/intel-parallel_studio_xe_2020_u4/advisor_2020.3.0.607294/lib64/runtime/libittnotify_collector.so
192 [47062725308032] INFO perfrun.launcher <> - set environment variable: VS_PROFILER = libittnotify_collector.so
192 [47062725308032] INFO perfrun.launcher <> - set environment variable: ENABLE_JITPROFILING = 1
192 [47062725308032] INFO perfrun.launcher <> - set environment variable: CL_CONFIG_USE_VTUNE = True
192 [47062725308032] INFO perfrun.launcher <> - set environment variable: __OCL_MIC_INTEL_LIBITTNOTIFY64 = /amplxe/results/libittnotify_collector.so
192 [47062725308032] INFO perfrun.launcher <> - set environment variable: __OCL_MIC_INTEL_JIT_PROFILER64 = /amplxe/results/libittnotify_collector.so
192 [47062725308032] INFO perfrun.launcher <> - set environment variable: LD_PRELOAD = libittnotify_collector.so:
192 [47062725308032] INFO perfrun.launcher <> - set environment variable: KMP_FORKJOIN_FRAMES = 0
192 [47062725308032] INFO perfrun.launcher <> - set environment variable: KMP_FORKJOIN_FRAMES_MODE = 0
192 [47062725308032] INFO perfrun.launcher <> - set environment variable: OMP_TOOL = disabled
192 [47062725308032] INFO perfrun.launcher <> - set environment variable: INTEL_MRTE_DATA_DIR = /tmp/advixe-tmp-rk19763/advixe-res-32407-90487445759776704/data.0
192 [47062725308032] INFO perfrun.launcher <> - set environment variable: INTEL_MRTE_HOST_NAME = compute242.bc4.acrc.priv
192 [47062725308032] INFO perfrun.launcher <> - RpcServer: run RPC server to handle requests
193 [47062725308032] INFO perfrun.launcher <> - Launcher: command line to start before modification = ./d2q9-bgk input_128x128.params obstacles_128x128.dat
193 [47062725308032] INFO perfrun.launcher <> - Launcher: command line to start after modification = /mnt/storage/software/languages/intel/intel-parallel_studio_xe_2020_u4/advisor_2020.3.0.607294/bin64/pin -error_file /tmp/advixe-tmp-rk19763/advixe-res-32407-90487445759776704/data.0/pinerr.tpsslog -detach_reattach -follow_execv -tool_load_option deepbind -t64 /mnt/storage/software/languages/intel/intel-parallel_studio_xe_2020_u4/advisor_2020.3.0.607294/lib64/libtpsstool.so -t /mnt/storage/software/languages/intel/intel-parallel_studio_xe_2020_u4/advisor_2020.3.0.607294/lib32/libtpsstool.so -server_name tpss_ipc.32407 -prd_dir /mnt/storage/software/languages/intel/intel-parallel_studio_xe_2020_u4/advisor_2020.3.0.607294 -- ./d2q9-bgk input_128x128.params obstacles_128x128.dat
193 [47062725308032] INFO perfrun.launcher <> - ProcessCreator object was created
7909 [47062725308032] INFO perfrun.launcher <> - Launcher: the process was started in suspend mode
7912 [47062857283328] WARN perfrun.system <> - Could not do anything with /sys/kernel/debug/kvm: boost::filesystem::status: Permission denied: "/sys/kernel/debug/kvm", at file: vcs/perfrun1/plugins/system/src/trace_writer.cpp:774
7912 [47062857283328] WARN perfrun.system <> - Folder "/var/run/libvirt/qemu/"doesn't exist, at file: vcs/perfrun1/plugins/system/src/trace_writer.cpp:787
7915 [47062857283328] WARN perfrun.sdk <> - Failed to find xl binary on any of the system paths: /bin, /sbin, /usr/bin, /usr/sbin., at file: vcs/perfrun1/sdk/src/utils.cpp:199
9369 [47062857283328] INFO perfrun.vdso <> - Helper runtool '/mnt/storage/software/languages/intel/intel-parallel_studio_xe_2020_u4/advisor_2020.3.0.607294/bin32/advixe-runss -dump-vdso -r /tmp/advixe-tmp-rk19763/advixe-res-32407-90487445759776704 --tmp-dir /tmp/advixe-tmp-rk19763' returned 1
16460 [47062857283328] INFO perfrun.vdso <> - Helper runtool '/mnt/storage/software/languages/intel/intel-parallel_studio_xe_2020_u4/advisor_2020.3.0.607294/bin64/advixe-runss -dump-vdso -r /tmp/advixe-tmp-rk19763/advixe-res-32407-90487445759776704 --tmp-dir /tmp/advixe-tmp-rk19763' returned 0
16460 [47062857283328] INFO perfrun.itt <> - start itt controller for pid #1675
16460 [47062857283328] INFO perfrun.tpss <> - start tpss controller for pid #1675
16511 [47062725308032] INFO perfrun.launcher <> - Launcher: all plugins were started
16511 [47062725308032] INFO perfrun.launcher <> - DirectoryMonitor object was created
16511 [47062725308032] INFO perfrun.launcher <> - DirectoryMonitor: a callback was added
16511 [47062725308032] INFO perfrun.launcher <> - DirectoryMonitor was started with pingTime = 1000
16511 [47062725308032] INFO perfrun.launcher <> - DeadlineTimer is going to be constructed
16511 [47062725308032] INFO perfrun.launcher <> - DeadlineTimer: a callback was added
16520 [47062725308032] INFO perfrun.launcher <> - Launcher: resume the profiled application and  wait its termination or stop command
42570 [47062725308032] INFO perfrun.launcher <> - Launcher: the profiled application was terminated  with exit code = 0
42578 [47062857283328] INFO perfrun.itt <> - stop itt controller
42578 [47062857283328] INFO perfrun.itt <> - detach itt controller
42578 [47062857283328] INFO perfrun.tpss <> - stop tpss controller
42579 [47062857283328] INFO perfrun.sdk <> - De-allocating TMU: /tmp/advixe-tmp-rk19763/advixe-res-32407-90487445759776704/data.0/systemcollector-32407-compute242.bc4.acrc.priv.sc
42579 [47062857283328] INFO perfrun.system <> - closed the system trace file: /tmp/advixe-tmp-rk19763/advixe-res-32407-90487445759776704/data.0/systemcollector-32407-compute242.bc4.acrc.priv.sc
42579 [47062725308032] INFO perfrun.launcher <> - Launcher: all plugins were stopped.
42579 [47062725308032] INFO perfrun.launcher <> - DeadlineTimer is going to be destroyed
42579 [47062725308032] INFO perfrun.launcher <> - DeadlineTimer was destroyed
42579 [47062725308032] INFO perfrun.launcher <> - DirectoryMonitor object was destroyed
42579 [47062725308032] WARN perfrun.launcher <> - Stop command is ignored because it is received when collection is already stopped, at file: vcs/perfrun1/launcher/src/command_handler.cpp:212
43129 [47062725308032] INFO perfrun.launcher <> - Application exit code: 0
43129 [47062725308032] INFO perfrun.launcher <> - Exit code: 0
