
28414 : 0x7023d1ca8c83b : 1 : spill_jit_data :  Jit agent is not initialized
28414 : 0x7023d1caaa845 : 2 : ittapi_config_mask_get :  --itt-config mask to be applied: 183
28414 : 0x7023d1caaf3ac : 2 : ittapi_config_apply_per_lib :  ITTAPI function instrumented: __itt_domain_create
28414 : 0x7023d1cab0501 : 2 : ittapi_config_apply_per_lib :  ITTAPI function instrumented: __itt_string_handle_create
28414 : 0x7023d1cab1280 : 2 : ittapi_config_apply_per_lib :  ITTAPI function instrumented: __itt_counter_create
28414 : 0x7023d1cab2025 : 2 : ittapi_config_apply_per_lib :  ITTAPI function instrumented: __itt_counter_create_typed
28414 : 0x7023d1cab2ed2 : 2 : ittapi_config_apply_per_lib :  ITTAPI function instrumented: __itt_pause
28414 : 0x7023d1cab3df0 : 2 : ittapi_config_apply_per_lib :  ITTAPI function instrumented: __itt_resume
28414 : 0x7023d1cab4b29 : 2 : ittapi_config_apply_per_lib :  ITTAPI function instrumented: __itt_thread_set_name
28414 : 0x7023d1cab58ec : 2 : ittapi_config_apply_per_lib :  ITTAPI function instrumented: __itt_thread_ignore
28414 : 0x7023d1cac8b36 : 2 : ittapi_config_apply_per_lib :  ITTAPI function instrumented: __itt_thr_name_set
28414 : 0x7023d1caca0ee : 2 : ittapi_config_apply_per_lib :  ITTAPI function instrumented: __itt_thr_ignore
28414 : 0x7023d1cacbb38 : 2 : ittapi_config_apply_per_lib :  ITTAPI function not implemented: __itt_enable_attach
28414 : 0x7023d1caccbd7 : 2 : ittapi_config_apply_per_lib :  ITTAPI function instrumented: __itt_detach
28414 : 0x7023d1cacd726 : 2 : ittapi_config_apply_per_lib :  ITTAPI function NOT instrumented (not matched by --itt-config option): __itt_sync_create

28414 : 0x7023d1cacf161 : 2 : ittapi_config_apply_per_lib :  ITTAPI function NOT instrumented (not matched by --itt-config option): __itt_sync_rename

28414 : 0x7023d1cacfd34 : 2 : ittapi_config_apply_per_lib :  ITTAPI function NOT instrumented (not matched by --itt-config option): __itt_sync_destroy

28414 : 0x7023d1cad082c : 2 : ittapi_config_apply_per_lib :  ITTAPI function NOT instrumented (not matched by --itt-config option): __itt_sync_prepare

28414 : 0x7023d1cad12a1 : 2 : ittapi_config_apply_per_lib :  ITTAPI function NOT instrumented (not matched by --itt-config option): __itt_sync_cancel

28414 : 0x7023d1cad1cce : 2 : ittapi_config_apply_per_lib :  ITTAPI function NOT instrumented (not matched by --itt-config option): __itt_sync_acquired

28414 : 0x7023d1cad5da4 : 2 : ittapi_config_apply_per_lib :  ITTAPI function NOT instrumented (not matched by --itt-config option): __itt_sync_releasing

28414 : 0x7023d1cad7019 : 2 : ittapi_config_apply_per_lib :  ITTAPI function not implemented: __itt_suppress_push
28414 : 0x7023d1cad80d1 : 2 : ittapi_config_apply_per_lib :  ITTAPI function not implemented: __itt_suppress_pop
28414 : 0x7023d1cad91be : 2 : ittapi_config_apply_per_lib :  ITTAPI function not implemented: __itt_suppress_mark_range
28414 : 0x7023d1cada186 : 2 : ittapi_config_apply_per_lib :  ITTAPI function not implemented: __itt_suppress_clear_range
28414 : 0x7023d1cadd7ba : 2 : ittapi_config_apply_per_lib :  ITTAPI function NOT instrumented (not matched by --itt-config option): __itt_sync_prepare

28414 : 0x7023d1cade36d : 2 : ittapi_config_apply_per_lib :  ITTAPI function NOT instrumented (not matched by --itt-config option): __itt_sync_cancel

28414 : 0x7023d1cadee24 : 2 : ittapi_config_apply_per_lib :  ITTAPI function NOT instrumented (not matched by --itt-config option): __itt_sync_acquired

28414 : 0x7023d1cadf86a : 2 : ittapi_config_apply_per_lib :  ITTAPI function NOT instrumented (not matched by --itt-config option): __itt_sync_releasing

28414 : 0x7023d1cae0698 : 2 : ittapi_config_apply_per_lib :  ITTAPI function instrumented: __itt_model_site_begin
28414 : 0x7023d1cae49d2 : 2 : ittapi_config_apply_per_lib :  ITTAPI function instrumented: __itt_model_site_end
28414 : 0x7023d1cae5954 : 2 : ittapi_config_apply_per_lib :  ITTAPI function instrumented: __itt_model_task_begin
28414 : 0x7023d1cae6653 : 2 : ittapi_config_apply_per_lib :  ITTAPI function instrumented: __itt_model_task_end
28414 : 0x7023d1cae730d : 2 : ittapi_config_apply_per_lib :  ITTAPI function instrumented: __itt_model_lock_acquire
28414 : 0x7023d1cae8039 : 2 : ittapi_config_apply_per_lib :  ITTAPI function instrumented: __itt_model_lock_release
28414 : 0x7023d1cae9038 : 2 : ittapi_config_apply_per_lib :  ITTAPI function not implemented: __itt_model_record_allocation
28414 : 0x7023d1caea049 : 2 : ittapi_config_apply_per_lib :  ITTAPI function not implemented: __itt_model_record_deallocation
28414 : 0x7023d1caeb04d : 2 : ittapi_config_apply_per_lib :  ITTAPI function not implemented: __itt_model_induction_uses
28414 : 0x7023d1caebe91 : 2 : ittapi_config_apply_per_lib :  ITTAPI function not implemented: __itt_model_reduction_uses
28414 : 0x7023d1caecd99 : 2 : ittapi_config_apply_per_lib :  ITTAPI function not implemented: __itt_model_observe_uses
28414 : 0x7023d1caf1be1 : 2 : ittapi_config_apply_per_lib :  ITTAPI function not implemented: __itt_model_clear_uses
28414 : 0x7023d1caf2b06 : 2 : ittapi_config_apply_per_lib :  ITTAPI function instrumented: __itt_model_site_beginA
28414 : 0x7023d1caf3871 : 2 : ittapi_config_apply_per_lib :  ITTAPI function instrumented: __itt_model_site_beginAL
28414 : 0x7023d1caf4582 : 2 : ittapi_config_apply_per_lib :  ITTAPI function instrumented: __itt_model_task_beginA
28414 : 0x7023d1caf5220 : 2 : ittapi_config_apply_per_lib :  ITTAPI function instrumented: __itt_model_task_beginAL
28414 : 0x7023d1caf5f02 : 2 : ittapi_config_apply_per_lib :  ITTAPI function instrumented: __itt_model_iteration_taskA
28414 : 0x7023d1caf6bfa : 2 : ittapi_config_apply_per_lib :  ITTAPI function instrumented: __itt_model_iteration_taskAL
28414 : 0x7023d1caf78b6 : 2 : ittapi_config_apply_per_lib :  ITTAPI function instrumented: __itt_model_site_end_2
28414 : 0x7023d1caf8592 : 2 : ittapi_config_apply_per_lib :  ITTAPI function instrumented: __itt_model_task_end_2
28414 : 0x7023d1caf9210 : 2 : ittapi_config_apply_per_lib :  ITTAPI function instrumented: __itt_model_lock_acquire_2
28414 : 0x7023d1cafc190 : 2 : ittapi_config_apply_per_lib :  ITTAPI function instrumented: __itt_model_lock_release_2
28414 : 0x7023d1cafcf7d : 2 : ittapi_config_apply_per_lib :  ITTAPI function instrumented: __itt_model_aggregate_task
28414 : 0x7023d1cafdc4a : 2 : ittapi_config_apply_per_lib :  ITTAPI function instrumented: __itt_model_disable_push
28414 : 0x7023d1cafe8cf : 2 : ittapi_config_apply_per_lib :  ITTAPI function instrumented: __itt_model_disable_pop
28414 : 0x7023d1caff55e : 2 : ittapi_config_apply_per_lib :  ITTAPI function instrumented: __itt_heap_function_create
28414 : 0x7023d1cb00215 : 2 : ittapi_config_apply_per_lib :  ITTAPI function instrumented: __itt_heap_allocate_begin
28414 : 0x7023d1cb00f01 : 2 : ittapi_config_apply_per_lib :  ITTAPI function instrumented: __itt_heap_allocate_end
28414 : 0x7023d1cb01bab : 2 : ittapi_config_apply_per_lib :  ITTAPI function instrumented: __itt_heap_free_begin
28414 : 0x7023d1cb02810 : 2 : ittapi_config_apply_per_lib :  ITTAPI function instrumented: __itt_heap_free_end
28414 : 0x7023d1cb034ce : 2 : ittapi_config_apply_per_lib :  ITTAPI function instrumented: __itt_heap_reallocate_begin
28414 : 0x7023d1cb06106 : 2 : ittapi_config_apply_per_lib :  ITTAPI function instrumented: __itt_heap_reallocate_end
28414 : 0x7023d1cb071b2 : 2 : ittapi_config_apply_per_lib :  ITTAPI function not implemented: __itt_heap_internal_access_begin
28414 : 0x7023d1cb08184 : 2 : ittapi_config_apply_per_lib :  ITTAPI function not implemented: __itt_heap_internal_access_end
28414 : 0x7023d1cb0910b : 2 : ittapi_config_apply_per_lib :  ITTAPI function not implemented: __itt_heap_record_memory_growth_begin
28414 : 0x7023d1cb0a0ab : 2 : ittapi_config_apply_per_lib :  ITTAPI function not implemented: __itt_heap_record_memory_growth_end
28414 : 0x7023d1cb0ae72 : 2 : ittapi_config_apply_per_lib :  ITTAPI function not implemented: __itt_heap_reset_detection
28414 : 0x7023d1cb0bce6 : 2 : ittapi_config_apply_per_lib :  ITTAPI function not implemented: __itt_heap_record
28414 : 0x7023d1cb0cbaf : 2 : ittapi_config_apply_per_lib :  ITTAPI function not implemented: __itt_id_create
28414 : 0x7023d1cb0da03 : 2 : ittapi_config_apply_per_lib :  ITTAPI function not implemented: __itt_id_destroy
28414 : 0x7023d1cb0e6c6 : 2 : ittapi_config_apply_per_lib :  ITTAPI function instrumented: __itt_get_timestamp
28414 : 0x7023d1cb12945 : 2 : ittapi_config_apply_per_lib :  ITTAPI function not implemented: __itt_region_begin
28414 : 0x7023d1cb13879 : 2 : ittapi_config_apply_per_lib :  ITTAPI function not implemented: __itt_region_end
28414 : 0x7023d1cb145f6 : 2 : ittapi_config_apply_per_lib :  ITTAPI function instrumented: __itt_frame_begin_v3
28414 : 0x7023d1cb1536d : 2 : ittapi_config_apply_per_lib :  ITTAPI function instrumented: __itt_frame_end_v3
28414 : 0x7023d1cb1609a : 2 : ittapi_config_apply_per_lib :  ITTAPI function instrumented: __itt_frame_submit_v3
28414 : 0x7023d1cb16f5b : 2 : ittapi_config_apply_per_lib :  ITTAPI function not implemented: __itt_task_group
28414 : 0x7023d1cb17c60 : 2 : ittapi_config_apply_per_lib :  ITTAPI function instrumented: __itt_task_begin
28414 : 0x7023d1cb1898d : 2 : ittapi_config_apply_per_lib :  ITTAPI function instrumented: __itt_task_begin_fn
28414 : 0x7023d1cb196b2 : 2 : ittapi_config_apply_per_lib :  ITTAPI function instrumented: __itt_task_end
28414 : 0x7023d1cb1a5b4 : 2 : ittapi_config_apply_per_lib :  ITTAPI function not implemented: __itt_counter_inc_v3
28414 : 0x7023d1cb1d5e3 : 2 : ittapi_config_apply_per_lib :  ITTAPI function not implemented: __itt_counter_inc_delta_v3
28414 : 0x7023d1cb1e5c4 : 2 : ittapi_config_apply_per_lib :  ITTAPI function not implemented: __itt_counter_dec_v3
28414 : 0x7023d1cb1f43d : 2 : ittapi_config_apply_per_lib :  ITTAPI function not implemented: __itt_counter_dec_delta_v3
28414 : 0x7023d1cb202ed : 2 : ittapi_config_apply_per_lib :  ITTAPI function not implemented: __itt_marker
28414 : 0x7023d1cb26238 : 2 : ittapi_config_apply_per_lib :  ITTAPI function instrumented: __itt_metadata_add
28414 : 0x7023d1cb27370 : 2 : ittapi_config_apply_per_lib :  ITTAPI function not implemented: __itt_metadata_str_add
28414 : 0x7023d1cb28261 : 2 : ittapi_config_apply_per_lib :  ITTAPI function not implemented: __itt_relation_add_to_current
28414 : 0x7023d1cb29073 : 2 : ittapi_config_apply_per_lib :  ITTAPI function not implemented: __itt_relation_add
28414 : 0x7023d1cb29d50 : 2 : ittapi_config_apply_per_lib :  ITTAPI function instrumented: __itt_event_create
28414 : 0x7023d1cb2aa4a : 2 : ittapi_config_apply_per_lib :  ITTAPI function instrumented: __itt_event_start
28414 : 0x7023d1cb2df4c : 2 : ittapi_config_apply_per_lib :  ITTAPI function instrumented: __itt_event_end
28414 : 0x7023d1cb2eb04 : 2 : ittapi_config_apply_per_lib :  ITTAPI function NOT instrumented (not matched by --itt-config option): __itt_sync_set_name

28414 : 0x7023d1cb2f6ba : 2 : ittapi_config_apply_per_lib :  ITTAPI function NOT instrumented (not matched by --itt-config option): __itt_notify_sync_name

28414 : 0x7023d1cb30196 : 2 : ittapi_config_apply_per_lib :  ITTAPI function NOT instrumented (not matched by --itt-config option): __itt_notify_sync_prepare

28414 : 0x7023d1cb30c4a : 2 : ittapi_config_apply_per_lib :  ITTAPI function NOT instrumented (not matched by --itt-config option): __itt_notify_sync_cancel

28414 : 0x7023d1cb3172d : 2 : ittapi_config_apply_per_lib :  ITTAPI function NOT instrumented (not matched by --itt-config option): __itt_notify_sync_acquired

28414 : 0x7023d1cb321c3 : 2 : ittapi_config_apply_per_lib :  ITTAPI function NOT instrumented (not matched by --itt-config option): __itt_notify_sync_releasing

28414 : 0x7023d1cb3301e : 2 : ittapi_config_apply_per_lib :  ITTAPI function not implemented: __itt_memory_read
28414 : 0x7023d1cb33f05 : 2 : ittapi_config_apply_per_lib :  ITTAPI function not implemented: __itt_memory_write
28414 : 0x7023d1cb34d7c : 2 : ittapi_config_apply_per_lib :  ITTAPI function not implemented: __itt_memory_update
28414 : 0x7023d1cb37b7d : 2 : ittapi_config_apply_per_lib :  ITTAPI function not implemented: __itt_state_get
28414 : 0x7023d1cb38ad2 : 2 : ittapi_config_apply_per_lib :  ITTAPI function not implemented: __itt_state_set
28414 : 0x7023d1cb399be : 2 : ittapi_config_apply_per_lib :  ITTAPI function not implemented: __itt_obj_mode_set
28414 : 0x7023d1cb3a77c : 2 : ittapi_config_apply_per_lib :  ITTAPI function not implemented: __itt_thr_mode_set
28414 : 0x7023d1cb3b386 : 2 : ittapi_config_apply_per_lib :  ITTAPI function instrumented: __itt_frame_create
28414 : 0x7023d1cb3c086 : 2 : ittapi_config_apply_per_lib :  ITTAPI function instrumented: __itt_frame_begin
28414 : 0x7023d1cb3cd65 : 2 : ittapi_config_apply_per_lib :  ITTAPI function instrumented: __itt_frame_end
28414 : 0x7023d1cb3dc38 : 2 : ittapi_config_apply_per_lib :  ITTAPI function not implemented: __itt_counter_destroy
28414 : 0x7023d1cb3e9aa : 2 : ittapi_config_apply_per_lib :  ITTAPI function instrumented: __itt_counter_inc
28414 : 0x7023d1cb3f6be : 2 : ittapi_config_apply_per_lib :  ITTAPI function instrumented: __itt_counter_inc_delta
28414 : 0x7023d1cb435bd : 2 : ittapi_config_apply_per_lib :  ITTAPI function instrumented: __itt_counter_dec
28414 : 0x7023d1cb443ee : 2 : ittapi_config_apply_per_lib :  ITTAPI function instrumented: __itt_counter_dec_delta
28414 : 0x7023d1cb450bb : 2 : ittapi_config_apply_per_lib :  ITTAPI function instrumented: __itt_counter_set_value
28414 : 0x7023d1cb45e6f : 2 : ittapi_config_apply_per_lib :  ITTAPI function not implemented: __itt_counter_set_value_ex
28414 : 0x7023d1cb46cd9 : 2 : ittapi_config_apply_per_lib :  ITTAPI function not implemented: __itt_mark_create
28414 : 0x7023d1cb47aeb : 2 : ittapi_config_apply_per_lib :  ITTAPI function not implemented: __itt_mark
28414 : 0x7023d1cb48a20 : 2 : ittapi_config_apply_per_lib :  ITTAPI function not implemented: __itt_mark_off
28414 : 0x7023d1cb49841 : 2 : ittapi_config_apply_per_lib :  ITTAPI function not implemented: __itt_mark_global
28414 : 0x7023d1cb4a5ed : 2 : ittapi_config_apply_per_lib :  ITTAPI function not implemented: __itt_mark_global_off
28414 : 0x7023d1cb4b3dd : 2 : ittapi_config_apply_per_lib :  ITTAPI function instrumented: __itt_stack_caller_create
28414 : 0x7023d1cb4e2d8 : 2 : ittapi_config_apply_per_lib :  ITTAPI function instrumented: __itt_stack_caller_destroy
28414 : 0x7023d1cb4f0d4 : 2 : ittapi_config_apply_per_lib :  ITTAPI function instrumented: __itt_stack_callee_enter
28414 : 0x7023d1cb4fdd6 : 2 : ittapi_config_apply_per_lib :  ITTAPI function instrumented: __itt_stack_callee_leave
28414 : 0x7023d1cb50ce3 : 2 : ittapi_config_apply_per_lib :  ITTAPI function not implemented: __itt_clock_domain_create
28414 : 0x7023d1cb51c29 : 2 : ittapi_config_apply_per_lib :  ITTAPI function not implemented: __itt_clock_domain_reset
28414 : 0x7023d1cb5298a : 2 : ittapi_config_apply_per_lib :  ITTAPI function not implemented: __itt_id_create_ex
28414 : 0x7023d1cb5377c : 2 : ittapi_config_apply_per_lib :  ITTAPI function not implemented: __itt_id_destroy_ex
28414 : 0x7023d1cb5459b : 2 : ittapi_config_apply_per_lib :  ITTAPI function not implemented: __itt_task_begin_ex
28414 : 0x7023d1cb5540a : 2 : ittapi_config_apply_per_lib :  ITTAPI function not implemented: __itt_task_begin_fn_ex
28414 : 0x7023d1cb56274 : 2 : ittapi_config_apply_per_lib :  ITTAPI function not implemented: __itt_task_end_ex
28414 : 0x7023d1cb58e43 : 2 : ittapi_config_apply_per_lib :  ITTAPI function instrumented: __itt_task_begin_overlapped
28414 : 0x7023d1cb59e85 : 2 : ittapi_config_apply_per_lib :  ITTAPI function not implemented: __itt_task_begin_overlapped_ex
28414 : 0x7023d1cb5ac07 : 2 : ittapi_config_apply_per_lib :  ITTAPI function instrumented: __itt_task_end_overlapped
28414 : 0x7023d1cb5bbae : 2 : ittapi_config_apply_per_lib :  ITTAPI function not implemented: __itt_task_end_overlapped_ex
28414 : 0x7023d1cb5ca43 : 2 : ittapi_config_apply_per_lib :  ITTAPI function not implemented: __itt_marker_ex
28414 : 0x7023d1cb5d9ac : 2 : ittapi_config_apply_per_lib :  ITTAPI function not implemented: __itt_metadata_add_with_scope
28414 : 0x7023d1cb5e947 : 2 : ittapi_config_apply_per_lib :  ITTAPI function not implemented: __itt_metadata_str_add_with_scope
28414 : 0x7023d1cb5f87e : 2 : ittapi_config_apply_per_lib :  ITTAPI function not implemented: __itt_relation_add_to_current_ex
28414 : 0x7023d1cb606fe : 2 : ittapi_config_apply_per_lib :  ITTAPI function not implemented: __itt_relation_add_ex
28414 : 0x7023d1cb61651 : 2 : ittapi_config_apply_per_lib :  ITTAPI function not implemented: __itt_track_group_create
28414 : 0x7023d1cb6548e : 2 : ittapi_config_apply_per_lib :  ITTAPI function not implemented: __itt_track_create
28414 : 0x7023d1cb6639d : 2 : ittapi_config_apply_per_lib :  ITTAPI function not implemented: __itt_set_track
28414 : 0x7023d1cb6706f : 2 : ittapi_config_apply_per_lib :  ITTAPI function instrumented: __itt_api_version
28414 : 0x7023d1cb67e8e : 2 : ittapi_config_apply_per_lib :  ITTAPI function not implemented: __itt_av_save
28414 : 0x7023d1cb68b2f : 2 : ittapi_config_apply_per_lib :  ITTAPI function instrumented: __itt_module_load
28414 : 0x7023d1cc53a24 : 2 : ittapi_config_mask_get :  --itt-config mask to be applied: 183
28414 : 0x7023d1cc55718 : 2 : ittapi_config_apply_per_lib :  ITTAPI function instrumented: __itt_domain_create
28414 : 0x7023d1cc56442 : 2 : ittapi_config_apply_per_lib :  ITTAPI function instrumented: __itt_string_handle_create
28414 : 0x7023d1cc571ad : 2 : ittapi_config_apply_per_lib :  ITTAPI function instrumented: __itt_pause
28414 : 0x7023d1cc57eb7 : 2 : ittapi_config_apply_per_lib :  ITTAPI function instrumented: __itt_resume
28414 : 0x7023d1cc5e8b6 : 2 : ittapi_config_apply_per_lib :  ITTAPI function instrumented: __itt_thread_set_name
28414 : 0x7023d1cc5f6ee : 2 : ittapi_config_apply_per_lib :  ITTAPI function instrumented: __itt_thread_ignore
28414 : 0x7023d1cc60292 : 2 : ittapi_config_apply_per_lib :  ITTAPI function instrumented: __itt_thr_name_set
28414 : 0x7023d1cc60ea1 : 2 : ittapi_config_apply_per_lib :  ITTAPI function instrumented: __itt_thr_ignore
28414 : 0x7023d1cc6223b : 2 : ittapi_config_apply_per_lib :  ITTAPI function not implemented: __itt_enable_attach
28414 : 0x7023d1cc62f2b : 2 : ittapi_config_apply_per_lib :  ITTAPI function instrumented: __itt_detach
28414 : 0x7023d1cc639a3 : 2 : ittapi_config_apply_per_lib :  ITTAPI function NOT instrumented (not matched by --itt-config option): __itt_sync_create

28414 : 0x7023d1cc64478 : 2 : ittapi_config_apply_per_lib :  ITTAPI function NOT instrumented (not matched by --itt-config option): __itt_sync_rename

28414 : 0x7023d1cc64ee3 : 2 : ittapi_config_apply_per_lib :  ITTAPI function NOT instrumented (not matched by --itt-config option): __itt_sync_destroy

28414 : 0x7023d1cc65968 : 2 : ittapi_config_apply_per_lib :  ITTAPI function NOT instrumented (not matched by --itt-config option): __itt_sync_prepare

28414 : 0x7023d1cc684ad : 2 : ittapi_config_apply_per_lib :  ITTAPI function NOT instrumented (not matched by --itt-config option): __itt_sync_cancel

28414 : 0x7023d1cc68f52 : 2 : ittapi_config_apply_per_lib :  ITTAPI function NOT instrumented (not matched by --itt-config option): __itt_sync_acquired

28414 : 0x7023d1cc69996 : 2 : ittapi_config_apply_per_lib :  ITTAPI function NOT instrumented (not matched by --itt-config option): __itt_sync_releasing

28414 : 0x7023d1cc6a891 : 2 : ittapi_config_apply_per_lib :  ITTAPI function not implemented: __itt_suppress_push
28414 : 0x7023d1cc6b822 : 2 : ittapi_config_apply_per_lib :  ITTAPI function not implemented: __itt_suppress_pop
28414 : 0x7023d1cc6c756 : 2 : ittapi_config_apply_per_lib :  ITTAPI function not implemented: __itt_suppress_mark_range
28414 : 0x7023d1cc6d668 : 2 : ittapi_config_apply_per_lib :  ITTAPI function not implemented: __itt_suppress_clear_range
28414 : 0x7023d1cc6e0b5 : 2 : ittapi_config_apply_per_lib :  ITTAPI function NOT instrumented (not matched by --itt-config option): __itt_sync_prepare

28414 : 0x7023d1cc6ea72 : 2 : ittapi_config_apply_per_lib :  ITTAPI function NOT instrumented (not matched by --itt-config option): __itt_sync_cancel

28414 : 0x7023d1cc6f46a : 2 : ittapi_config_apply_per_lib :  ITTAPI function NOT instrumented (not matched by --itt-config option): __itt_sync_acquired

28414 : 0x7023d1cc71d30 : 2 : ittapi_config_apply_per_lib :  ITTAPI function NOT instrumented (not matched by --itt-config option): __itt_sync_releasing

28414 : 0x7023d1cc72aff : 2 : ittapi_config_apply_per_lib :  ITTAPI function instrumented: __itt_model_site_begin
28414 : 0x7023d1cc737bd : 2 : ittapi_config_apply_per_lib :  ITTAPI function instrumented: __itt_model_site_end
28414 : 0x7023d1cc74431 : 2 : ittapi_config_apply_per_lib :  ITTAPI function instrumented: __itt_model_task_begin
28414 : 0x7023d1cc7502c : 2 : ittapi_config_apply_per_lib :  ITTAPI function instrumented: __itt_model_task_end
28414 : 0x7023d1cc75be2 : 2 : ittapi_config_apply_per_lib :  ITTAPI function instrumented: __itt_model_lock_acquire
28414 : 0x7023d1cc767cc : 2 : ittapi_config_apply_per_lib :  ITTAPI function instrumented: __itt_model_lock_release
28414 : 0x7023d1cc775c8 : 2 : ittapi_config_apply_per_lib :  ITTAPI function not implemented: __itt_model_record_allocation
28414 : 0x7023d1cc78547 : 2 : ittapi_config_apply_per_lib :  ITTAPI function not implemented: __itt_model_record_deallocation
28414 : 0x7023d1cc793be : 2 : ittapi_config_apply_per_lib :  ITTAPI function not implemented: __itt_model_induction_uses
28414 : 0x7023d1cc7f31a : 2 : ittapi_config_apply_per_lib :  ITTAPI function not implemented: __itt_model_reduction_uses
28414 : 0x7023d1cc8035a : 2 : ittapi_config_apply_per_lib :  ITTAPI function not implemented: __itt_model_observe_uses
28414 : 0x7023d1cc810f5 : 2 : ittapi_config_apply_per_lib :  ITTAPI function not implemented: __itt_model_clear_uses
28414 : 0x7023d1cc81d0e : 2 : ittapi_config_apply_per_lib :  ITTAPI function instrumented: __itt_model_site_beginA
28414 : 0x7023d1cc82941 : 2 : ittapi_config_apply_per_lib :  ITTAPI function instrumented: __itt_model_site_beginAL
28414 : 0x7023d1cc83569 : 2 : ittapi_config_apply_per_lib :  ITTAPI function instrumented: __itt_model_task_beginA
28414 : 0x7023d1cc84214 : 2 : ittapi_config_apply_per_lib :  ITTAPI function instrumented: __itt_model_task_beginAL
28414 : 0x7023d1cc84e0d : 2 : ittapi_config_apply_per_lib :  ITTAPI function instrumented: __itt_model_iteration_taskA
28414 : 0x7023d1cc85a01 : 2 : ittapi_config_apply_per_lib :  ITTAPI function instrumented: __itt_model_iteration_taskAL
28414 : 0x7023d1cc8658c : 2 : ittapi_config_apply_per_lib :  ITTAPI function instrumented: __itt_model_site_end_2
28414 : 0x7023d1cc89126 : 2 : ittapi_config_apply_per_lib :  ITTAPI function instrumented: __itt_model_task_end_2
28414 : 0x7023d1cc89e46 : 2 : ittapi_config_apply_per_lib :  ITTAPI function instrumented: __itt_model_lock_acquire_2
28414 : 0x7023d1cc8aa60 : 2 : ittapi_config_apply_per_lib :  ITTAPI function instrumented: __itt_model_lock_release_2
28414 : 0x7023d1cc8b5e4 : 2 : ittapi_config_apply_per_lib :  ITTAPI function instrumented: __itt_model_aggregate_task
28414 : 0x7023d1cc8c200 : 2 : ittapi_config_apply_per_lib :  ITTAPI function instrumented: __itt_model_disable_push
28414 : 0x7023d1cc8cd97 : 2 : ittapi_config_apply_per_lib :  ITTAPI function instrumented: __itt_model_disable_pop
28414 : 0x7023d1cc8d966 : 2 : ittapi_config_apply_per_lib :  ITTAPI function instrumented: __itt_heap_function_create
28414 : 0x7023d1cc8e5a5 : 2 : ittapi_config_apply_per_lib :  ITTAPI function instrumented: __itt_heap_allocate_begin
28414 : 0x7023d1cc8f1da : 2 : ittapi_config_apply_per_lib :  ITTAPI function instrumented: __itt_heap_allocate_end
28414 : 0x7023d1cc8fe1b : 2 : ittapi_config_apply_per_lib :  ITTAPI function instrumented: __itt_heap_free_begin
28414 : 0x7023d1cc927ab : 2 : ittapi_config_apply_per_lib :  ITTAPI function instrumented: __itt_heap_free_end
28414 : 0x7023d1cc93442 : 2 : ittapi_config_apply_per_lib :  ITTAPI function instrumented: __itt_heap_reallocate_begin
28414 : 0x7023d1cc9411e : 2 : ittapi_config_apply_per_lib :  ITTAPI function instrumented: __itt_heap_reallocate_end
28414 : 0x7023d1cc94fe5 : 2 : ittapi_config_apply_per_lib :  ITTAPI function not implemented: __itt_heap_internal_access_begin
28414 : 0x7023d1cc95e6f : 2 : ittapi_config_apply_per_lib :  ITTAPI function not implemented: __itt_heap_internal_access_end
28414 : 0x7023d1cc96cca : 2 : ittapi_config_apply_per_lib :  ITTAPI function not implemented: __itt_heap_record_memory_growth_begin
28414 : 0x7023d1cc97ae4 : 2 : ittapi_config_apply_per_lib :  ITTAPI function not implemented: __itt_heap_record_memory_growth_end
28414 : 0x7023d1cc987d0 : 2 : ittapi_config_apply_per_lib :  ITTAPI function not implemented: __itt_heap_reset_detection
28414 : 0x7023d1cc995bf : 2 : ittapi_config_apply_per_lib :  ITTAPI function not implemented: __itt_heap_record
28414 : 0x7023d1cc9a440 : 2 : ittapi_config_apply_per_lib :  ITTAPI function not implemented: __itt_id_create
28414 : 0x7023d1cc9e18f : 2 : ittapi_config_apply_per_lib :  ITTAPI function not implemented: __itt_id_destroy
28414 : 0x7023d1cc9ee8e : 2 : ittapi_config_apply_per_lib :  ITTAPI function instrumented: __itt_get_timestamp
28414 : 0x7023d1cc9fca3 : 2 : ittapi_config_apply_per_lib :  ITTAPI function not implemented: __itt_region_begin
28414 : 0x7023d1cca0a07 : 2 : ittapi_config_apply_per_lib :  ITTAPI function not implemented: __itt_region_end
28414 : 0x7023d1cca1623 : 2 : ittapi_config_apply_per_lib :  ITTAPI function instrumented: __itt_frame_begin_v3
28414 : 0x7023d1cca224b : 2 : ittapi_config_apply_per_lib :  ITTAPI function instrumented: __itt_frame_end_v3
28414 : 0x7023d1cca2e7b : 2 : ittapi_config_apply_per_lib :  ITTAPI function instrumented: __itt_frame_submit_v3
28414 : 0x7023d1cca3bcb : 2 : ittapi_config_apply_per_lib :  ITTAPI function not implemented: __itt_task_group
28414 : 0x7023d1cca4870 : 2 : ittapi_config_apply_per_lib :  ITTAPI function instrumented: __itt_task_begin
28414 : 0x7023d1cca546c : 2 : ittapi_config_apply_per_lib :  ITTAPI function instrumented: __itt_task_begin_fn
28414 : 0x7023d1cca7f9d : 2 : ittapi_config_apply_per_lib :  ITTAPI function instrumented: __itt_task_end
28414 : 0x7023d1cca8e93 : 2 : ittapi_config_apply_per_lib :  ITTAPI function not implemented: __itt_counter_inc_v3
28414 : 0x7023d1cca9d19 : 2 : ittapi_config_apply_per_lib :  ITTAPI function not implemented: __itt_counter_inc_delta_v3
28414 : 0x7023d1ccaab5d : 2 : ittapi_config_apply_per_lib :  ITTAPI function not implemented: __itt_marker
28414 : 0x7023d1ccab913 : 2 : ittapi_config_apply_per_lib :  ITTAPI function instrumented: __itt_metadata_add
28414 : 0x7023d1ccac6bf : 2 : ittapi_config_apply_per_lib :  ITTAPI function not implemented: __itt_metadata_str_add
28414 : 0x7023d1ccad518 : 2 : ittapi_config_apply_per_lib :  ITTAPI function not implemented: __itt_relation_add_to_current
28414 : 0x7023d1ccae299 : 2 : ittapi_config_apply_per_lib :  ITTAPI function not implemented: __itt_relation_add
28414 : 0x7023d1ccaee95 : 2 : ittapi_config_apply_per_lib :  ITTAPI function instrumented: __itt_event_create
28414 : 0x7023d1ccafa95 : 2 : ittapi_config_apply_per_lib :  ITTAPI function instrumented: __itt_event_start
28414 : 0x7023d1ccb267b : 2 : ittapi_config_apply_per_lib :  ITTAPI function instrumented: __itt_event_end
28414 : 0x7023d1ccb30a0 : 2 : ittapi_config_apply_per_lib :  ITTAPI function NOT instrumented (not matched by --itt-config option): __itt_sync_set_name

28414 : 0x7023d1ccb3ad7 : 2 : ittapi_config_apply_per_lib :  ITTAPI function NOT instrumented (not matched by --itt-config option): __itt_notify_sync_name

28414 : 0x7023d1ccb44f3 : 2 : ittapi_config_apply_per_lib :  ITTAPI function NOT instrumented (not matched by --itt-config option): __itt_notify_sync_prepare

28414 : 0x7023d1ccb4f4f : 2 : ittapi_config_apply_per_lib :  ITTAPI function NOT instrumented (not matched by --itt-config option): __itt_notify_sync_cancel

28414 : 0x7023d1ccb5981 : 2 : ittapi_config_apply_per_lib :  ITTAPI function NOT instrumented (not matched by --itt-config option): __itt_notify_sync_acquired

28414 : 0x7023d1ccb6393 : 2 : ittapi_config_apply_per_lib :  ITTAPI function NOT instrumented (not matched by --itt-config option): __itt_notify_sync_releasing

28414 : 0x7023d1ccb714b : 2 : ittapi_config_apply_per_lib :  ITTAPI function not implemented: __itt_memory_read
28414 : 0x7023d1ccb7ec5 : 2 : ittapi_config_apply_per_lib :  ITTAPI function not implemented: __itt_memory_write
28414 : 0x7023d1ccb8cee : 2 : ittapi_config_apply_per_lib :  ITTAPI function not implemented: __itt_memory_update
28414 : 0x7023d1ccbca6d : 2 : ittapi_config_apply_per_lib :  ITTAPI function not implemented: __itt_state_get
28414 : 0x7023d1ccbd87a : 2 : ittapi_config_apply_per_lib :  ITTAPI function not implemented: __itt_state_set
28414 : 0x7023d1ccbe69c : 2 : ittapi_config_apply_per_lib :  ITTAPI function not implemented: __itt_obj_mode_set
28414 : 0x7023d1ccbf40c : 2 : ittapi_config_apply_per_lib :  ITTAPI function not implemented: __itt_thr_mode_set
28414 : 0x7023d1ccbffa1 : 2 : ittapi_config_apply_per_lib :  ITTAPI function instrumented: __itt_frame_create
28414 : 0x7023d1ccc0c46 : 2 : ittapi_config_apply_per_lib :  ITTAPI function instrumented: __itt_frame_begin
28414 : 0x7023d1ccc1885 : 2 : ittapi_config_apply_per_lib :  ITTAPI function instrumented: __itt_frame_end
28414 : 0x7023d1ccc2492 : 2 : ittapi_config_apply_per_lib :  ITTAPI function instrumented: __itt_counter_create
28414 : 0x7023d1ccc8e40 : 2 : ittapi_config_apply_per_lib :  ITTAPI function not implemented: __itt_counter_destroy
28414 : 0x7023d1ccc9ae8 : 2 : ittapi_config_apply_per_lib :  ITTAPI function instrumented: __itt_counter_inc
28414 : 0x7023d1cccd783 : 2 : ittapi_config_apply_per_lib :  ITTAPI function instrumented: __itt_counter_inc_delta
28414 : 0x7023d1ccce6ec : 2 : ittapi_config_apply_per_lib :  ITTAPI function not implemented: __itt_mark_create
28414 : 0x7023d1cccf48f : 2 : ittapi_config_apply_per_lib :  ITTAPI function not implemented: __itt_mark
28414 : 0x7023d1ccd0367 : 2 : ittapi_config_apply_per_lib :  ITTAPI function not implemented: __itt_mark_off
28414 : 0x7023d1ccd1136 : 2 : ittapi_config_apply_per_lib :  ITTAPI function not implemented: __itt_mark_global
28414 : 0x7023d1ccd1e3d : 2 : ittapi_config_apply_per_lib :  ITTAPI function not implemented: __itt_mark_global_off
28414 : 0x7023d1ccd2b87 : 2 : ittapi_config_apply_per_lib :  ITTAPI function instrumented: __itt_stack_caller_create
28414 : 0x7023d1ccd385a : 2 : ittapi_config_apply_per_lib :  ITTAPI function instrumented: __itt_stack_caller_destroy
28414 : 0x7023d1ccd4513 : 2 : ittapi_config_apply_per_lib :  ITTAPI function instrumented: __itt_stack_callee_enter
28414 : 0x7023d1ccd5107 : 2 : ittapi_config_apply_per_lib :  ITTAPI function instrumented: __itt_stack_callee_leave
28414 : 0x7023d1ccd7fab : 2 : ittapi_config_apply_per_lib :  ITTAPI function not implemented: __itt_clock_domain_create
28414 : 0x7023d1ccd8f8f : 2 : ittapi_config_apply_per_lib :  ITTAPI function not implemented: __itt_clock_domain_reset
28414 : 0x7023d1ccd9c91 : 2 : ittapi_config_apply_per_lib :  ITTAPI function not implemented: __itt_id_create_ex
28414 : 0x7023d1ccda9d4 : 2 : ittapi_config_apply_per_lib :  ITTAPI function not implemented: __itt_id_destroy_ex
28414 : 0x7023d1ccdb809 : 2 : ittapi_config_apply_per_lib :  ITTAPI function not implemented: __itt_task_begin_ex
28414 : 0x7023d1ccdc55e : 2 : ittapi_config_apply_per_lib :  ITTAPI function not implemented: __itt_task_begin_fn_ex
28414 : 0x7023d1ccdd2f3 : 2 : ittapi_config_apply_per_lib :  ITTAPI function not implemented: __itt_task_end_ex
28414 : 0x7023d1ccddfb2 : 2 : ittapi_config_apply_per_lib :  ITTAPI function instrumented: __itt_task_begin_overlapped
28414 : 0x7023d1ccded56 : 2 : ittapi_config_apply_per_lib :  ITTAPI function not implemented: __itt_task_begin_overlapped_ex
28414 : 0x7023d1ccdfa17 : 2 : ittapi_config_apply_per_lib :  ITTAPI function instrumented: __itt_task_end_overlapped
28414 : 0x7023d1cce27e4 : 2 : ittapi_config_apply_per_lib :  ITTAPI function not implemented: __itt_task_end_overlapped_ex
28414 : 0x7023d1cce35fc : 2 : ittapi_config_apply_per_lib :  ITTAPI function not implemented: __itt_marker_ex
28414 : 0x7023d1cce440e : 2 : ittapi_config_apply_per_lib :  ITTAPI function not implemented: __itt_metadata_add_with_scope
28414 : 0x7023d1cce5296 : 2 : ittapi_config_apply_per_lib :  ITTAPI function not implemented: __itt_metadata_str_add_with_scope
28414 : 0x7023d1cce619e : 2 : ittapi_config_apply_per_lib :  ITTAPI function not implemented: __itt_relation_add_to_current_ex
28414 : 0x7023d1cce6eed : 2 : ittapi_config_apply_per_lib :  ITTAPI function not implemented: __itt_relation_add_ex
28414 : 0x7023d1cce7d2a : 2 : ittapi_config_apply_per_lib :  ITTAPI function not implemented: __itt_track_group_create
28414 : 0x7023d1cce8a89 : 2 : ittapi_config_apply_per_lib :  ITTAPI function not implemented: __itt_track_create
28414 : 0x7023d1cce9709 : 2 : ittapi_config_apply_per_lib :  ITTAPI function not implemented: __itt_set_track
28414 : 0x7023d1ccea30e : 2 : ittapi_config_apply_per_lib :  ITTAPI function instrumented: __itt_api_version
28414 : 0x7023d1ccee187 : 2 : ittapi_config_apply_per_lib :  ITTAPI function not implemented: __itt_av_save