<?xml version="1.0" encoding="utf-8"?>
<log version="1.0" tool="runtool">

<msg id="1" tool="runtool">
  <type>log-start</type>
  <arg>2023/03/06 14:32:10</arg>
</msg>
<msg id="2" tool="runtool">
  <type>bandwidth-measurement-starts</type>
</msg>
<msg id="3" tool="runtool">
  <type>bandwidth-measurement-done</type>
</msg>
<msg id="4" tool="runtool">
  <type>collector-starts</type>
</msg>
<msg id="5" tool="runtool">
  <type>marker-file</type>
  <arg>/user/home/rk19763/advanced-hpc-lbm/advi_results/e002/trc000/trc000.advixe</arg>
</msg>
<msg id="6" tool="trc">
  <type>PROCESS_START</type>
  <arg>/user/home/rk19763/advanced-hpc-lbm/d2q9-bgk</arg>
  <arg>29343</arg>
  <severity>INFO</severity>
  <timestamp>Mon Mar  6 14:32:52 2023</timestamp>
</msg>
<msg id="7" tool="trc">
  <type>PROCESS_ANALYSIS_MODE</type>
  <arg>full</arg>
  <severity>INFO</severity>
  <timestamp>Mon Mar  6 14:32:52 2023</timestamp>
</msg>
<msg id="8" tool="trc">
  <type>LOAD_MODULE</type>
  <arg>/user/home/rk19763/advanced-hpc-lbm/d2q9-bgk</arg>
  <arg>0x400000</arg>
  <arg>0x6102bf</arg>
  <arg>yes</arg>
  <severity>INFO</severity>
  <timestamp>Mon Mar  6 14:32:52 2023</timestamp>
</msg>
<msg id="9" tool="trc">
  <type>LOAD_MODULE</type>
  <arg>/lib64/ld-linux-x86-64.so.2</arg>
  <arg>0x2b48a20ac000</arg>
  <arg>0x2b48a22cf14f</arg>
  <arg>yes</arg>
  <severity>INFO</severity>
  <timestamp>Mon Mar  6 14:32:52 2023</timestamp>
</msg>
<msg id="10" tool="trc">
  <type>LOAD_MODULE</type>
  <arg>[vdso]</arg>
  <arg>0x7ffd48af8000</arg>
  <arg>0x7ffd48af8e6c</arg>
  <arg>no</arg>
  <severity>INFO</severity>
  <timestamp>Mon Mar  6 14:32:52 2023</timestamp>
</msg>
<msg id="11" tool="trc">
  <type>LOAD_MODULE</type>
  <arg>/lib64/libm.so.6</arg>
  <arg>0x2b48b7d7b000</arg>
  <arg>0x2b48b807c137</arg>
  <arg>yes</arg>
  <severity>INFO</severity>
  <timestamp>Mon Mar  6 14:32:53 2023</timestamp>
</msg>
<msg id="12" tool="trc">
  <type>LOAD_MODULE</type>
  <arg>/mnt/storage/software/languages/intel/intel-parallel_studio_xe_2020_u4/compilers_and_libraries_2020.4.304/linux/compiler/lib/intel64_lin/libiomp5.so</arg>
  <arg>0x2b48b809f000</arg>
  <arg>0x2b48b84a41ff</arg>
  <arg>yes</arg>
  <severity>INFO</severity>
  <timestamp>Mon Mar  6 14:32:53 2023</timestamp>
</msg>
<msg id="13" tool="trc">
  <type>LOAD_MODULE</type>
  <arg>/mnt/storage/software/languages/gcc-10.4.0/lib64/libgcc_s.so.1</arg>
  <arg>0x2b48b84a5000</arg>
  <arg>0x2b48b86bc447</arg>
  <arg>yes</arg>
  <severity>INFO</severity>
  <timestamp>Mon Mar  6 14:32:53 2023</timestamp>
</msg>
<msg id="14" tool="trc">
  <type>LOAD_MODULE</type>
  <arg>/lib64/libpthread.so.0</arg>
  <arg>0x2b48b86c1000</arg>
  <arg>0x2b48b88dc487</arg>
  <arg>yes</arg>
  <severity>INFO</severity>
  <timestamp>Mon Mar  6 14:32:53 2023</timestamp>
</msg>
<msg id="15" tool="trc">
  <type>LOAD_MODULE</type>
  <arg>/lib64/libc.so.6</arg>
  <arg>0x2b48b88dd000</arg>
  <arg>0x2b48b8caa1ff</arg>
  <arg>yes</arg>
  <severity>INFO</severity>
  <timestamp>Mon Mar  6 14:32:53 2023</timestamp>
</msg>
<msg id="16" tool="trc">
  <type>LOAD_MODULE</type>
  <arg>/lib64/libdl.so.2</arg>
  <arg>0x2b48b8cab000</arg>
  <arg>0x2b48b8eae12f</arg>
  <arg>yes</arg>
  <severity>INFO</severity>
  <timestamp>Mon Mar  6 14:32:53 2023</timestamp>
</msg>
<msg id="17" tool="trc">
  <type>LOAD_MODULE</type>
  <arg>/mnt/storage/software/languages/intel/intel-parallel_studio_xe_2020_u4/advisor_2020.3.0.607294/lib64/runtime/libittnotify.so</arg>
  <arg>0x2b48b9e89000</arg>
  <arg>0x2b48ba09565f</arg>
  <arg>no</arg>
  <severity>INFO</severity>
  <timestamp>Mon Mar  6 14:32:53 2023</timestamp>
</msg>
<msg id="18" tool="trc">
  <type>UNLOAD_MODULE</type>
  <arg>/user/home/rk19763/advanced-hpc-lbm/d2q9-bgk</arg>
  <severity>INFO</severity>
  <timestamp>Mon Mar  6 14:33:13 2023</timestamp>
</msg>
<msg id="19" tool="trc">
  <type>UNLOAD_MODULE</type>
  <arg>/lib64/ld-linux-x86-64.so.2</arg>
  <severity>INFO</severity>
  <timestamp>Mon Mar  6 14:33:13 2023</timestamp>
</msg>
<msg id="20" tool="trc">
  <type>UNLOAD_MODULE</type>
  <arg>[vdso]</arg>
  <severity>INFO</severity>
  <timestamp>Mon Mar  6 14:33:13 2023</timestamp>
</msg>
<msg id="21" tool="trc">
  <type>UNLOAD_MODULE</type>
  <arg>/lib64/libm.so.6</arg>
  <severity>INFO</severity>
  <timestamp>Mon Mar  6 14:33:13 2023</timestamp>
</msg>
<msg id="22" tool="trc">
  <type>UNLOAD_MODULE</type>
  <arg>/mnt/storage/software/languages/intel/intel-parallel_studio_xe_2020_u4/compilers_and_libraries_2020.4.304/linux/compiler/lib/intel64_lin/libiomp5.so</arg>
  <severity>INFO</severity>
  <timestamp>Mon Mar  6 14:33:13 2023</timestamp>
</msg>
<msg id="23" tool="trc">
  <type>UNLOAD_MODULE</type>
  <arg>/mnt/storage/software/languages/gcc-10.4.0/lib64/libgcc_s.so.1</arg>
  <severity>INFO</severity>
  <timestamp>Mon Mar  6 14:33:13 2023</timestamp>
</msg>
<msg id="24" tool="trc">
  <type>UNLOAD_MODULE</type>
  <arg>/lib64/libpthread.so.0</arg>
  <severity>INFO</severity>
  <timestamp>Mon Mar  6 14:33:13 2023</timestamp>
</msg>
<msg id="25" tool="trc">
  <type>UNLOAD_MODULE</type>
  <arg>/lib64/libc.so.6</arg>
  <severity>INFO</severity>
  <timestamp>Mon Mar  6 14:33:13 2023</timestamp>
</msg>
<msg id="26" tool="trc">
  <type>UNLOAD_MODULE</type>
  <arg>/lib64/libdl.so.2</arg>
  <severity>INFO</severity>
  <timestamp>Mon Mar  6 14:33:13 2023</timestamp>
</msg>
<msg id="27" tool="trc">
  <type>UNLOAD_MODULE</type>
  <arg>/mnt/storage/software/languages/intel/intel-parallel_studio_xe_2020_u4/advisor_2020.3.0.607294/lib64/runtime/libittnotify.so</arg>
  <severity>INFO</severity>
  <timestamp>Mon Mar  6 14:33:13 2023</timestamp>
</msg>
<msg id="28" tool="trc">
  <type>PROCESS_FINISH</type>
  <arg>/user/home/rk19763/advanced-hpc-lbm/d2q9-bgk</arg>
  <arg>29343</arg>
  <arg>0x0</arg>
  <severity>INFO</severity>
  <timestamp>Mon Mar  6 14:33:14 2023</timestamp>
</msg>
<msg id="29" tool="runtool">
  <type>app-exit-code</type>
  <arg>0</arg>
</msg>
<msg id="30" tool="runtool">
  <type>marker-file</type>
  <arg>/user/home/rk19763/advanced-hpc-lbm/advi_results/e002/trc000/trc000.advixe</arg>
</msg>
<msg id="31" tool="runtool">
  <type>collector-done</type>
</msg>
<msg id="32" tool="runtool">
  <type>log-end</type>
  <arg>2023/03/06 14:33:18</arg>
</msg>

</log>

