<?xml version="1.0" encoding="utf-8" ?>
<!-- DO NOT EDIT THIS FILE -->

<log version='2.0' source='trc'>
	<msg id='1' display='false' source='trc'>
		<type>PROCESS_START</type>
		<severity>INFO</severity>
		<timestamp>Thu May  4 19:10:48 2023</timestamp>
		<arg name='process'>/user/home/rk19763/advanced-hpc-lbm/d2q9-bgk</arg>
		<arg name='pid'>11141</arg>
	</msg>
	<msg id='2' source='ccrt'>
		<type>INTERNAL</type>
		<severity>ERROR</severity>
		<timestamp>Thu May  4 19:10:48 2023</timestamp>
		<!-- Unable to start CCRT command handler -->
	</msg>
	<!-- Frames of pintool call stack: -->
	<!-- => 0x2b956de0a79b -->
	<!-- => 0x2b956de0a79b -->
	<!-- => 0x2b956de0a97e -->
	<!-- => 0x2b956d95f5b6 -->
	<!-- => 0x2b956fff0048 -->
	<!-- => 0x2b957006a1 -->
	<msg id='3' source='ccrt'>
		<type>ABNORMAL_TERMINATE</type>
		<severity>ERROR</severity>
		<timestamp>Thu May  4 19:10:48 2023</timestamp>
	</msg>