<?xml version="1.0" encoding="utf-8" ?>
<!-- DO NOT EDIT THIS FILE -->

<log version='2.0' source='trc'>
	<msg id='1' display='false' source='trc'>
		<type>PROCESS_START</type>
		<severity>INFO</severity>
		<timestamp>Thu May  4 19:10:35 2023</timestamp>
		<arg name='process'>/user/home/rk19763/advanced-hpc-lbm/d2q9-bgk</arg>
		<arg name='pid'>10627</arg>
	</msg>
	<msg id='2' source='ccrt'>
		<type>INTERNAL</type>
		<severity>ERROR</severity>
		<timestamp>Thu May  4 19:10:35 2023</timestamp>
		<!-- Unable to start CCRT command handler -->
	</msg>
	<!-- Frames of pintool call stack: -->
	<!-- => 0x2af8c2c5079b -->
	<!-- => 0x2af8c2c5079b -->
	<!-- => 0x2af8c2c5097e -->
	<!-- => 0x2af8c27a55b6 -->
	<!-- => 0x2af8c4e36048 -->
	<!-- => 0x2af8c4ea -->
	<msg id='3' source='ccrt'>
		<type>ABNORMAL_TERMINATE</type>
		<severity>ERROR</severity>
		<timestamp>Thu May  4 19:10:35 2023</timestamp>
	</msg>