
26093 : 0x10b1171183bb10 : 1 : spill_jit_data :  Jit agent is not initialized
26093 : 0x10b1171184eec4 : 2 : ittapi_config_mask_get :  --itt-config mask to be applied: 183
26093 : 0x10b11711852cc1 : 2 : ittapi_config_apply_per_lib :  ITTAPI function instrumented: __itt_domain_create
26093 : 0x10b11711853d90 : 2 : ittapi_config_apply_per_lib :  ITTAPI function instrumented: __itt_string_handle_create
26093 : 0x10b1171185494d : 2 : ittapi_config_apply_per_lib :  ITTAPI function instrumented: __itt_counter_create
26093 : 0x10b117118552ee : 2 : ittapi_config_apply_per_lib :  ITTAPI function instrumented: __itt_counter_create_typed
26093 : 0x10b11711855db8 : 2 : ittapi_config_apply_per_lib :  ITTAPI function instrumented: __itt_pause
26093 : 0x10b117118568d3 : 2 : ittapi_config_apply_per_lib :  ITTAPI function instrumented: __itt_resume
26093 : 0x10b1171185727c : 2 : ittapi_config_apply_per_lib :  ITTAPI function instrumented: __itt_thread_set_name
26093 : 0x10b11711857c7c : 2 : ittapi_config_apply_per_lib :  ITTAPI function instrumented: __itt_thread_ignore
26093 : 0x10b1171185d98f : 2 : ittapi_config_apply_per_lib :  ITTAPI function instrumented: __itt_thr_name_set
26093 : 0x10b1171185e4b5 : 2 : ittapi_config_apply_per_lib :  ITTAPI function instrumented: __itt_thr_ignore
26093 : 0x10b1171185f7de : 2 : ittapi_config_apply_per_lib :  ITTAPI function not implemented: __itt_enable_attach
26093 : 0x10b117118604c2 : 2 : ittapi_config_apply_per_lib :  ITTAPI function instrumented: __itt_detach
26093 : 0x10b11711860ddf : 2 : ittapi_config_apply_per_lib :  ITTAPI function NOT instrumented (not matched by --itt-config option): __itt_sync_create

26093 : 0x10b1171186231c : 2 : ittapi_config_apply_per_lib :  ITTAPI function NOT instrumented (not matched by --itt-config option): __itt_sync_rename

26093 : 0x10b11711862bab : 2 : ittapi_config_apply_per_lib :  ITTAPI function NOT instrumented (not matched by --itt-config option): __itt_sync_destroy

26093 : 0x10b11711863418 : 2 : ittapi_config_apply_per_lib :  ITTAPI function NOT instrumented (not matched by --itt-config option): __itt_sync_prepare

26093 : 0x10b11711863d41 : 2 : ittapi_config_apply_per_lib :  ITTAPI function NOT instrumented (not matched by --itt-config option): __itt_sync_cancel

26093 : 0x10b117118645f7 : 2 : ittapi_config_apply_per_lib :  ITTAPI function NOT instrumented (not matched by --itt-config option): __itt_sync_acquired

26093 : 0x10b117118673ab : 2 : ittapi_config_apply_per_lib :  ITTAPI function NOT instrumented (not matched by --itt-config option): __itt_sync_releasing

26093 : 0x10b11711868102 : 2 : ittapi_config_apply_per_lib :  ITTAPI function not implemented: __itt_suppress_push
26093 : 0x10b11711868d41 : 2 : ittapi_config_apply_per_lib :  ITTAPI function not implemented: __itt_suppress_pop
26093 : 0x10b11711869967 : 2 : ittapi_config_apply_per_lib :  ITTAPI function not implemented: __itt_suppress_mark_range
26093 : 0x10b1171186a523 : 2 : ittapi_config_apply_per_lib :  ITTAPI function not implemented: __itt_suppress_clear_range
26093 : 0x10b1171186adac : 2 : ittapi_config_apply_per_lib :  ITTAPI function NOT instrumented (not matched by --itt-config option): __itt_sync_prepare

26093 : 0x10b1171186b69a : 2 : ittapi_config_apply_per_lib :  ITTAPI function NOT instrumented (not matched by --itt-config option): __itt_sync_cancel

26093 : 0x10b1171186bf45 : 2 : ittapi_config_apply_per_lib :  ITTAPI function NOT instrumented (not matched by --itt-config option): __itt_sync_acquired

26093 : 0x10b1171186c81a : 2 : ittapi_config_apply_per_lib :  ITTAPI function NOT instrumented (not matched by --itt-config option): __itt_sync_releasing

26093 : 0x10b1171186d2cb : 2 : ittapi_config_apply_per_lib :  ITTAPI function instrumented: __itt_model_site_begin
26093 : 0x10b1171186f4c9 : 2 : ittapi_config_apply_per_lib :  ITTAPI function instrumented: __itt_model_site_end
26093 : 0x10b1171186feba : 2 : ittapi_config_apply_per_lib :  ITTAPI function instrumented: __itt_model_task_begin
26093 : 0x10b11711870813 : 2 : ittapi_config_apply_per_lib :  ITTAPI function instrumented: __itt_model_task_end
26093 : 0x10b1171187122f : 2 : ittapi_config_apply_per_lib :  ITTAPI function instrumented: __itt_model_lock_acquire
26093 : 0x10b11711871bee : 2 : ittapi_config_apply_per_lib :  ITTAPI function instrumented: __itt_model_lock_release
26093 : 0x10b117118728ea : 2 : ittapi_config_apply_per_lib :  ITTAPI function not implemented: __itt_model_record_allocation
26093 : 0x10b117118734ff : 2 : ittapi_config_apply_per_lib :  ITTAPI function not implemented: __itt_model_record_deallocation
26093 : 0x10b117118740cd : 2 : ittapi_config_apply_per_lib :  ITTAPI function not implemented: __itt_model_induction_uses
26093 : 0x10b11711874b73 : 2 : ittapi_config_apply_per_lib :  ITTAPI function not implemented: __itt_model_reduction_uses
26093 : 0x10b1171187569f : 2 : ittapi_config_apply_per_lib :  ITTAPI function not implemented: __itt_model_observe_uses
26093 : 0x10b11711878701 : 2 : ittapi_config_apply_per_lib :  ITTAPI function not implemented: __itt_model_clear_uses
26093 : 0x10b11711879129 : 2 : ittapi_config_apply_per_lib :  ITTAPI function instrumented: __itt_model_site_beginA
26093 : 0x10b11711879ad9 : 2 : ittapi_config_apply_per_lib :  ITTAPI function instrumented: __itt_model_site_beginAL
26093 : 0x10b1171187a496 : 2 : ittapi_config_apply_per_lib :  ITTAPI function instrumented: __itt_model_task_beginA
26093 : 0x10b1171187ae73 : 2 : ittapi_config_apply_per_lib :  ITTAPI function instrumented: __itt_model_task_beginAL
26093 : 0x10b1171187b82d : 2 : ittapi_config_apply_per_lib :  ITTAPI function instrumented: __itt_model_iteration_taskA
26093 : 0x10b1171187c181 : 2 : ittapi_config_apply_per_lib :  ITTAPI function instrumented: __itt_model_iteration_taskAL
26093 : 0x10b1171187cb0b : 2 : ittapi_config_apply_per_lib :  ITTAPI function instrumented: __itt_model_site_end_2
26093 : 0x10b1171187d43c : 2 : ittapi_config_apply_per_lib :  ITTAPI function instrumented: __itt_model_task_end_2
26093 : 0x10b1171187dde6 : 2 : ittapi_config_apply_per_lib :  ITTAPI function instrumented: __itt_model_lock_acquire_2
26093 : 0x10b1171188035a : 2 : ittapi_config_apply_per_lib :  ITTAPI function instrumented: __itt_model_lock_release_2
26093 : 0x10b11711880cec : 2 : ittapi_config_apply_per_lib :  ITTAPI function instrumented: __itt_model_aggregate_task
26093 : 0x10b117118816c1 : 2 : ittapi_config_apply_per_lib :  ITTAPI function instrumented: __itt_model_disable_push
26093 : 0x10b11711882021 : 2 : ittapi_config_apply_per_lib :  ITTAPI function instrumented: __itt_model_disable_pop
26093 : 0x10b1171188293e : 2 : ittapi_config_apply_per_lib :  ITTAPI function instrumented: __itt_heap_function_create
26093 : 0x10b11711883327 : 2 : ittapi_config_apply_per_lib :  ITTAPI function instrumented: __itt_heap_allocate_begin
26093 : 0x10b11711883c69 : 2 : ittapi_config_apply_per_lib :  ITTAPI function instrumented: __itt_heap_allocate_end
26093 : 0x10b11711884615 : 2 : ittapi_config_apply_per_lib :  ITTAPI function instrumented: __itt_heap_free_begin
26093 : 0x10b11711884fa8 : 2 : ittapi_config_apply_per_lib :  ITTAPI function instrumented: __itt_heap_free_end
26093 : 0x10b1171188590b : 2 : ittapi_config_apply_per_lib :  ITTAPI function instrumented: __itt_heap_reallocate_begin
26093 : 0x10b11711887e5e : 2 : ittapi_config_apply_per_lib :  ITTAPI function instrumented: __itt_heap_reallocate_end
26093 : 0x10b11711888b65 : 2 : ittapi_config_apply_per_lib :  ITTAPI function not implemented: __itt_heap_internal_access_begin
26093 : 0x10b11711889724 : 2 : ittapi_config_apply_per_lib :  ITTAPI function not implemented: __itt_heap_internal_access_end
26093 : 0x10b1171188a255 : 2 : ittapi_config_apply_per_lib :  ITTAPI function not implemented: __itt_heap_record_memory_growth_begin
26093 : 0x10b1171188adfc : 2 : ittapi_config_apply_per_lib :  ITTAPI function not implemented: __itt_heap_record_memory_growth_end
26093 : 0x10b1171188b8a6 : 2 : ittapi_config_apply_per_lib :  ITTAPI function not implemented: __itt_heap_reset_detection
26093 : 0x10b1171188c418 : 2 : ittapi_config_apply_per_lib :  ITTAPI function not implemented: __itt_heap_record
26093 : 0x10b1171188cf47 : 2 : ittapi_config_apply_per_lib :  ITTAPI function not implemented: __itt_id_create
26093 : 0x10b1171188da3b : 2 : ittapi_config_apply_per_lib :  ITTAPI function not implemented: __itt_id_destroy
26093 : 0x10b1171188e432 : 2 : ittapi_config_apply_per_lib :  ITTAPI function instrumented: __itt_get_timestamp
26093 : 0x10b11711891594 : 2 : ittapi_config_apply_per_lib :  ITTAPI function not implemented: __itt_region_begin
26093 : 0x10b117118920ef : 2 : ittapi_config_apply_per_lib :  ITTAPI function not implemented: __itt_region_end
26093 : 0x10b11711892aaf : 2 : ittapi_config_apply_per_lib :  ITTAPI function instrumented: __itt_frame_begin_v3
26093 : 0x10b1171189347a : 2 : ittapi_config_apply_per_lib :  ITTAPI function instrumented: __itt_frame_end_v3
26093 : 0x10b11711893e24 : 2 : ittapi_config_apply_per_lib :  ITTAPI function instrumented: __itt_frame_submit_v3
26093 : 0x10b117118948e7 : 2 : ittapi_config_apply_per_lib :  ITTAPI function not implemented: __itt_task_group
26093 : 0x10b117118952db : 2 : ittapi_config_apply_per_lib :  ITTAPI function instrumented: __itt_task_begin
26093 : 0x10b11711895c9a : 2 : ittapi_config_apply_per_lib :  ITTAPI function instrumented: __itt_task_begin_fn
26093 : 0x10b1171189660b : 2 : ittapi_config_apply_per_lib :  ITTAPI function instrumented: __itt_task_end
26093 : 0x10b1171189719b : 2 : ittapi_config_apply_per_lib :  ITTAPI function not implemented: __itt_counter_inc_v3
26093 : 0x10b117118996a1 : 2 : ittapi_config_apply_per_lib :  ITTAPI function not implemented: __itt_counter_inc_delta_v3
26093 : 0x10b1171189a245 : 2 : ittapi_config_apply_per_lib :  ITTAPI function not implemented: __itt_counter_dec_v3
26093 : 0x10b1171189adaa : 2 : ittapi_config_apply_per_lib :  ITTAPI function not implemented: __itt_counter_dec_delta_v3
26093 : 0x10b1171189b8e8 : 2 : ittapi_config_apply_per_lib :  ITTAPI function not implemented: __itt_marker
26093 : 0x10b117118a02b4 : 2 : ittapi_config_apply_per_lib :  ITTAPI function instrumented: __itt_metadata_add
26093 : 0x10b117118a0f5f : 2 : ittapi_config_apply_per_lib :  ITTAPI function not implemented: __itt_metadata_str_add
26093 : 0x10b117118a1a43 : 2 : ittapi_config_apply_per_lib :  ITTAPI function not implemented: __itt_relation_add_to_current
26093 : 0x10b117118a2546 : 2 : ittapi_config_apply_per_lib :  ITTAPI function not implemented: __itt_relation_add
26093 : 0x10b117118a2ea2 : 2 : ittapi_config_apply_per_lib :  ITTAPI function instrumented: __itt_event_create
26093 : 0x10b117118a387f : 2 : ittapi_config_apply_per_lib :  ITTAPI function instrumented: __itt_event_start
26093 : 0x10b117118a5f77 : 2 : ittapi_config_apply_per_lib :  ITTAPI function instrumented: __itt_event_end
26093 : 0x10b117118a6801 : 2 : ittapi_config_apply_per_lib :  ITTAPI function NOT instrumented (not matched by --itt-config option): __itt_sync_set_name

26093 : 0x10b117118a70f0 : 2 : ittapi_config_apply_per_lib :  ITTAPI function NOT instrumented (not matched by --itt-config option): __itt_notify_sync_name

26093 : 0x10b117118a7a0d : 2 : ittapi_config_apply_per_lib :  ITTAPI function NOT instrumented (not matched by --itt-config option): __itt_notify_sync_prepare

26093 : 0x10b117118a828e : 2 : ittapi_config_apply_per_lib :  ITTAPI function NOT instrumented (not matched by --itt-config option): __itt_notify_sync_cancel

26093 : 0x10b117118a8b1f : 2 : ittapi_config_apply_per_lib :  ITTAPI function NOT instrumented (not matched by --itt-config option): __itt_notify_sync_acquired

26093 : 0x10b117118a9375 : 2 : ittapi_config_apply_per_lib :  ITTAPI function NOT instrumented (not matched by --itt-config option): __itt_notify_sync_releasing

26093 : 0x10b117118a9e98 : 2 : ittapi_config_apply_per_lib :  ITTAPI function not implemented: __itt_memory_read
26093 : 0x10b117118aa992 : 2 : ittapi_config_apply_per_lib :  ITTAPI function not implemented: __itt_memory_write
26093 : 0x10b117118ab473 : 2 : ittapi_config_apply_per_lib :  ITTAPI function not implemented: __itt_memory_update
26093 : 0x10b117118ad683 : 2 : ittapi_config_apply_per_lib :  ITTAPI function not implemented: __itt_state_get
26093 : 0x10b117118ae1a0 : 2 : ittapi_config_apply_per_lib :  ITTAPI function not implemented: __itt_state_set
26093 : 0x10b117118aec54 : 2 : ittapi_config_apply_per_lib :  ITTAPI function not implemented: __itt_obj_mode_set
26093 : 0x10b117118af6c6 : 2 : ittapi_config_apply_per_lib :  ITTAPI function not implemented: __itt_thr_mode_set
26093 : 0x10b117118affe5 : 2 : ittapi_config_apply_per_lib :  ITTAPI function instrumented: __itt_frame_create
26093 : 0x10b117118b097f : 2 : ittapi_config_apply_per_lib :  ITTAPI function instrumented: __itt_frame_begin
26093 : 0x10b117118b1311 : 2 : ittapi_config_apply_per_lib :  ITTAPI function instrumented: __itt_frame_end
26093 : 0x10b117118b1e2e : 2 : ittapi_config_apply_per_lib :  ITTAPI function not implemented: __itt_counter_destroy
26093 : 0x10b117118b284c : 2 : ittapi_config_apply_per_lib :  ITTAPI function instrumented: __itt_counter_inc
26093 : 0x10b117118b31ed : 2 : ittapi_config_apply_per_lib :  ITTAPI function instrumented: __itt_counter_inc_delta
26093 : 0x10b117118b5ba7 : 2 : ittapi_config_apply_per_lib :  ITTAPI function instrumented: __itt_counter_dec
26093 : 0x10b117118b655a : 2 : ittapi_config_apply_per_lib :  ITTAPI function instrumented: __itt_counter_dec_delta
26093 : 0x10b117118b6e69 : 2 : ittapi_config_apply_per_lib :  ITTAPI function instrumented: __itt_counter_set_value
26093 : 0x10b117118b78a1 : 2 : ittapi_config_apply_per_lib :  ITTAPI function not implemented: __itt_counter_set_value_ex
26093 : 0x10b117118b8311 : 2 : ittapi_config_apply_per_lib :  ITTAPI function not implemented: __itt_mark_create
26093 : 0x10b117118b8df0 : 2 : ittapi_config_apply_per_lib :  ITTAPI function not implemented: __itt_mark
26093 : 0x10b117118b993c : 2 : ittapi_config_apply_per_lib :  ITTAPI function not implemented: __itt_mark_off
26093 : 0x10b117118ba3be : 2 : ittapi_config_apply_per_lib :  ITTAPI function not implemented: __itt_mark_global
26093 : 0x10b117118baded : 2 : ittapi_config_apply_per_lib :  ITTAPI function not implemented: __itt_mark_global_off
26093 : 0x10b117118bb811 : 2 : ittapi_config_apply_per_lib :  ITTAPI function instrumented: __itt_stack_caller_create
26093 : 0x10b117118bd8be : 2 : ittapi_config_apply_per_lib :  ITTAPI function instrumented: __itt_stack_caller_destroy
26093 : 0x10b117118be304 : 2 : ittapi_config_apply_per_lib :  ITTAPI function instrumented: __itt_stack_callee_enter
26093 : 0x10b117118becfe : 2 : ittapi_config_apply_per_lib :  ITTAPI function instrumented: __itt_stack_callee_leave
26093 : 0x10b117118bf90e : 2 : ittapi_config_apply_per_lib :  ITTAPI function not implemented: __itt_clock_domain_create
26093 : 0x10b117118c04cd : 2 : ittapi_config_apply_per_lib :  ITTAPI function not implemented: __itt_clock_domain_reset
26093 : 0x10b117118c0f72 : 2 : ittapi_config_apply_per_lib :  ITTAPI function not implemented: __itt_id_create_ex
26093 : 0x10b117118c1a21 : 2 : ittapi_config_apply_per_lib :  ITTAPI function not implemented: __itt_id_destroy_ex
26093 : 0x10b117118c246f : 2 : ittapi_config_apply_per_lib :  ITTAPI function not implemented: __itt_task_begin_ex
26093 : 0x10b117118c2f9e : 2 : ittapi_config_apply_per_lib :  ITTAPI function not implemented: __itt_task_begin_fn_ex
26093 : 0x10b117118c3aa8 : 2 : ittapi_config_apply_per_lib :  ITTAPI function not implemented: __itt_task_end_ex
26093 : 0x10b117118c5b1c : 2 : ittapi_config_apply_per_lib :  ITTAPI function instrumented: __itt_task_begin_overlapped
26093 : 0x10b117118c66eb : 2 : ittapi_config_apply_per_lib :  ITTAPI function not implemented: __itt_task_begin_overlapped_ex
26093 : 0x10b117118c70be : 2 : ittapi_config_apply_per_lib :  ITTAPI function instrumented: __itt_task_end_overlapped
26093 : 0x10b117118c7c52 : 2 : ittapi_config_apply_per_lib :  ITTAPI function not implemented: __itt_task_end_overlapped_ex
26093 : 0x10b117118c86d7 : 2 : ittapi_config_apply_per_lib :  ITTAPI function not implemented: __itt_marker_ex
26093 : 0x10b117118c925b : 2 : ittapi_config_apply_per_lib :  ITTAPI function not implemented: __itt_metadata_add_with_scope
26093 : 0x10b117118c9dbb : 2 : ittapi_config_apply_per_lib :  ITTAPI function not implemented: __itt_metadata_str_add_with_scope
26093 : 0x10b117118ca8f9 : 2 : ittapi_config_apply_per_lib :  ITTAPI function not implemented: __itt_relation_add_to_current_ex
26093 : 0x10b117118cb3c1 : 2 : ittapi_config_apply_per_lib :  ITTAPI function not implemented: __itt_relation_add_ex
26093 : 0x10b117118cbe63 : 2 : ittapi_config_apply_per_lib :  ITTAPI function not implemented: __itt_track_group_create
26093 : 0x10b117118ce898 : 2 : ittapi_config_apply_per_lib :  ITTAPI function not implemented: __itt_track_create
26093 : 0x10b117118cf381 : 2 : ittapi_config_apply_per_lib :  ITTAPI function not implemented: __itt_set_track
26093 : 0x10b117118cfd27 : 2 : ittapi_config_apply_per_lib :  ITTAPI function instrumented: __itt_api_version
26093 : 0x10b117118d078d : 2 : ittapi_config_apply_per_lib :  ITTAPI function not implemented: __itt_av_save
26093 : 0x10b117118d10f0 : 2 : ittapi_config_apply_per_lib :  ITTAPI function instrumented: __itt_module_load
26093 : 0x10b117119a0555 : 2 : ittapi_config_mask_get :  --itt-config mask to be applied: 183
26093 : 0x10b117119a19ad : 2 : ittapi_config_apply_per_lib :  ITTAPI function instrumented: __itt_domain_create
26093 : 0x10b117119a24b9 : 2 : ittapi_config_apply_per_lib :  ITTAPI function instrumented: __itt_string_handle_create
26093 : 0x10b117119a2f4c : 2 : ittapi_config_apply_per_lib :  ITTAPI function instrumented: __itt_pause
26093 : 0x10b117119a3933 : 2 : ittapi_config_apply_per_lib :  ITTAPI function instrumented: __itt_resume
26093 : 0x10b117119a6fd8 : 2 : ittapi_config_apply_per_lib :  ITTAPI function instrumented: __itt_thread_set_name
26093 : 0x10b117119a7ab2 : 2 : ittapi_config_apply_per_lib :  ITTAPI function instrumented: __itt_thread_ignore
26093 : 0x10b117119a83f9 : 2 : ittapi_config_apply_per_lib :  ITTAPI function instrumented: __itt_thr_name_set
26093 : 0x10b117119a8dca : 2 : ittapi_config_apply_per_lib :  ITTAPI function instrumented: __itt_thr_ignore
26093 : 0x10b117119a9c36 : 2 : ittapi_config_apply_per_lib :  ITTAPI function not implemented: __itt_enable_attach
26093 : 0x10b117119aa75f : 2 : ittapi_config_apply_per_lib :  ITTAPI function instrumented: __itt_detach
26093 : 0x10b117119ab048 : 2 : ittapi_config_apply_per_lib :  ITTAPI function NOT instrumented (not matched by --itt-config option): __itt_sync_create

26093 : 0x10b117119ab96e : 2 : ittapi_config_apply_per_lib :  ITTAPI function NOT instrumented (not matched by --itt-config option): __itt_sync_rename

26093 : 0x10b117119ac21d : 2 : ittapi_config_apply_per_lib :  ITTAPI function NOT instrumented (not matched by --itt-config option): __itt_sync_destroy

26093 : 0x10b117119aca7e : 2 : ittapi_config_apply_per_lib :  ITTAPI function NOT instrumented (not matched by --itt-config option): __itt_sync_prepare

26093 : 0x10b117119aeb07 : 2 : ittapi_config_apply_per_lib :  ITTAPI function NOT instrumented (not matched by --itt-config option): __itt_sync_cancel

26093 : 0x10b117119af37f : 2 : ittapi_config_apply_per_lib :  ITTAPI function NOT instrumented (not matched by --itt-config option): __itt_sync_acquired

26093 : 0x10b117119afcbf : 2 : ittapi_config_apply_per_lib :  ITTAPI function NOT instrumented (not matched by --itt-config option): __itt_sync_releasing

26093 : 0x10b117119b085e : 2 : ittapi_config_apply_per_lib :  ITTAPI function not implemented: __itt_suppress_push
26093 : 0x10b117119b13ac : 2 : ittapi_config_apply_per_lib :  ITTAPI function not implemented: __itt_suppress_pop
26093 : 0x10b117119b1fc6 : 2 : ittapi_config_apply_per_lib :  ITTAPI function not implemented: __itt_suppress_mark_range
26093 : 0x10b117119b2ae5 : 2 : ittapi_config_apply_per_lib :  ITTAPI function not implemented: __itt_suppress_clear_range
26093 : 0x10b117119b3356 : 2 : ittapi_config_apply_per_lib :  ITTAPI function NOT instrumented (not matched by --itt-config option): __itt_sync_prepare

26093 : 0x10b117119b3be3 : 2 : ittapi_config_apply_per_lib :  ITTAPI function NOT instrumented (not matched by --itt-config option): __itt_sync_cancel

26093 : 0x10b117119b4437 : 2 : ittapi_config_apply_per_lib :  ITTAPI function NOT instrumented (not matched by --itt-config option): __itt_sync_acquired

26093 : 0x10b117119b6b7e : 2 : ittapi_config_apply_per_lib :  ITTAPI function NOT instrumented (not matched by --itt-config option): __itt_sync_releasing

26093 : 0x10b117119b7624 : 2 : ittapi_config_apply_per_lib :  ITTAPI function instrumented: __itt_model_site_begin
26093 : 0x10b117119b803a : 2 : ittapi_config_apply_per_lib :  ITTAPI function instrumented: __itt_model_site_end
26093 : 0x10b117119b89fb : 2 : ittapi_config_apply_per_lib :  ITTAPI function instrumented: __itt_model_task_begin
26093 : 0x10b117119b9334 : 2 : ittapi_config_apply_per_lib :  ITTAPI function instrumented: __itt_model_task_end
26093 : 0x10b117119b9cad : 2 : ittapi_config_apply_per_lib :  ITTAPI function instrumented: __itt_model_lock_acquire
26093 : 0x10b117119ba5ef : 2 : ittapi_config_apply_per_lib :  ITTAPI function instrumented: __itt_model_lock_release
26093 : 0x10b117119bb177 : 2 : ittapi_config_apply_per_lib :  ITTAPI function not implemented: __itt_model_record_allocation
26093 : 0x10b117119bbdaa : 2 : ittapi_config_apply_per_lib :  ITTAPI function not implemented: __itt_model_record_deallocation
26093 : 0x10b117119bc923 : 2 : ittapi_config_apply_per_lib :  ITTAPI function not implemented: __itt_model_induction_uses
26093 : 0x10b117119beb2c : 2 : ittapi_config_apply_per_lib :  ITTAPI function not implemented: __itt_model_reduction_uses
26093 : 0x10b117119bf707 : 2 : ittapi_config_apply_per_lib :  ITTAPI function not implemented: __itt_model_observe_uses
26093 : 0x10b117119c01ef : 2 : ittapi_config_apply_per_lib :  ITTAPI function not implemented: __itt_model_clear_uses
26093 : 0x10b117119c0b42 : 2 : ittapi_config_apply_per_lib :  ITTAPI function instrumented: __itt_model_site_beginA
26093 : 0x10b117119c1498 : 2 : ittapi_config_apply_per_lib :  ITTAPI function instrumented: __itt_model_site_beginAL
26093 : 0x10b117119c1e3c : 2 : ittapi_config_apply_per_lib :  ITTAPI function instrumented: __itt_model_task_beginA
26093 : 0x10b117119c27d2 : 2 : ittapi_config_apply_per_lib :  ITTAPI function instrumented: __itt_model_task_beginAL
26093 : 0x10b117119c30fc : 2 : ittapi_config_apply_per_lib :  ITTAPI function instrumented: __itt_model_iteration_taskA
26093 : 0x10b117119c3a66 : 2 : ittapi_config_apply_per_lib :  ITTAPI function instrumented: __itt_model_iteration_taskAL
26093 : 0x10b117119c4382 : 2 : ittapi_config_apply_per_lib :  ITTAPI function instrumented: __itt_model_site_end_2
26093 : 0x10b117119c6394 : 2 : ittapi_config_apply_per_lib :  ITTAPI function instrumented: __itt_model_task_end_2
26093 : 0x10b117119c6d24 : 2 : ittapi_config_apply_per_lib :  ITTAPI function instrumented: __itt_model_lock_acquire_2
26093 : 0x10b117119c76b3 : 2 : ittapi_config_apply_per_lib :  ITTAPI function instrumented: __itt_model_lock_release_2
26093 : 0x10b117119c7fe3 : 2 : ittapi_config_apply_per_lib :  ITTAPI function instrumented: __itt_model_aggregate_task
26093 : 0x10b117119c895c : 2 : ittapi_config_apply_per_lib :  ITTAPI function instrumented: __itt_model_disable_push
26093 : 0x10b117119c925b : 2 : ittapi_config_apply_per_lib :  ITTAPI function instrumented: __itt_model_disable_pop
26093 : 0x10b117119c9b73 : 2 : ittapi_config_apply_per_lib :  ITTAPI function instrumented: __itt_heap_function_create
26093 : 0x10b117119ca527 : 2 : ittapi_config_apply_per_lib :  ITTAPI function instrumented: __itt_heap_allocate_begin
26093 : 0x10b117119cae82 : 2 : ittapi_config_apply_per_lib :  ITTAPI function instrumented: __itt_heap_allocate_end
26093 : 0x10b117119cb7ef : 2 : ittapi_config_apply_per_lib :  ITTAPI function instrumented: __itt_heap_free_begin
26093 : 0x10b117119cd7b3 : 2 : ittapi_config_apply_per_lib :  ITTAPI function instrumented: __itt_heap_free_end
26093 : 0x10b117119ce145 : 2 : ittapi_config_apply_per_lib :  ITTAPI function instrumented: __itt_heap_reallocate_begin
26093 : 0x10b117119ceb00 : 2 : ittapi_config_apply_per_lib :  ITTAPI function instrumented: __itt_heap_reallocate_end
26093 : 0x10b117119cf644 : 2 : ittapi_config_apply_per_lib :  ITTAPI function not implemented: __itt_heap_internal_access_begin
26093 : 0x10b117119d017a : 2 : ittapi_config_apply_per_lib :  ITTAPI function not implemented: __itt_heap_internal_access_end
26093 : 0x10b117119d0cf7 : 2 : ittapi_config_apply_per_lib :  ITTAPI function not implemented: __itt_heap_record_memory_growth_begin
26093 : 0x10b117119d1860 : 2 : ittapi_config_apply_per_lib :  ITTAPI function not implemented: __itt_heap_record_memory_growth_end
26093 : 0x10b117119d22db : 2 : ittapi_config_apply_per_lib :  ITTAPI function not implemented: __itt_heap_reset_detection
26093 : 0x10b117119d2df3 : 2 : ittapi_config_apply_per_lib :  ITTAPI function not implemented: __itt_heap_record
26093 : 0x10b117119d38c7 : 2 : ittapi_config_apply_per_lib :  ITTAPI function not implemented: __itt_id_create
26093 : 0x10b117119d638b : 2 : ittapi_config_apply_per_lib :  ITTAPI function not implemented: __itt_id_destroy
26093 : 0x10b117119d6d4f : 2 : ittapi_config_apply_per_lib :  ITTAPI function instrumented: __itt_get_timestamp
26093 : 0x10b117119d7851 : 2 : ittapi_config_apply_per_lib :  ITTAPI function not implemented: __itt_region_begin
26093 : 0x10b117119d82d8 : 2 : ittapi_config_apply_per_lib :  ITTAPI function not implemented: __itt_region_end
26093 : 0x10b117119d8c42 : 2 : ittapi_config_apply_per_lib :  ITTAPI function instrumented: __itt_frame_begin_v3
26093 : 0x10b117119d95d6 : 2 : ittapi_config_apply_per_lib :  ITTAPI function instrumented: __itt_frame_end_v3
26093 : 0x10b117119d9f3e : 2 : ittapi_config_apply_per_lib :  ITTAPI function instrumented: __itt_frame_submit_v3
26093 : 0x10b117119daa2d : 2 : ittapi_config_apply_per_lib :  ITTAPI function not implemented: __itt_task_group
26093 : 0x10b117119db3d8 : 2 : ittapi_config_apply_per_lib :  ITTAPI function instrumented: __itt_task_begin
26093 : 0x10b117119dbd38 : 2 : ittapi_config_apply_per_lib :  ITTAPI function instrumented: __itt_task_begin_fn
26093 : 0x10b117119ddde5 : 2 : ittapi_config_apply_per_lib :  ITTAPI function instrumented: __itt_task_end
26093 : 0x10b117119de955 : 2 : ittapi_config_apply_per_lib :  ITTAPI function not implemented: __itt_counter_inc_v3
26093 : 0x10b117119df447 : 2 : ittapi_config_apply_per_lib :  ITTAPI function not implemented: __itt_counter_inc_delta_v3
26093 : 0x10b117119dff67 : 2 : ittapi_config_apply_per_lib :  ITTAPI function not implemented: __itt_marker
26093 : 0x10b117119e095f : 2 : ittapi_config_apply_per_lib :  ITTAPI function instrumented: __itt_metadata_add
26093 : 0x10b117119e146f : 2 : ittapi_config_apply_per_lib :  ITTAPI function not implemented: __itt_metadata_str_add
26093 : 0x10b117119e1f0f : 2 : ittapi_config_apply_per_lib :  ITTAPI function not implemented: __itt_relation_add_to_current
26093 : 0x10b117119e29dd : 2 : ittapi_config_apply_per_lib :  ITTAPI function not implemented: __itt_relation_add
26093 : 0x10b117119e332d : 2 : ittapi_config_apply_per_lib :  ITTAPI function instrumented: __itt_event_create
26093 : 0x10b117119e3cdb : 2 : ittapi_config_apply_per_lib :  ITTAPI function instrumented: __itt_event_start
26093 : 0x10b117119e5c23 : 2 : ittapi_config_apply_per_lib :  ITTAPI function instrumented: __itt_event_end
26093 : 0x10b117119e6490 : 2 : ittapi_config_apply_per_lib :  ITTAPI function NOT instrumented (not matched by --itt-config option): __itt_sync_set_name

26093 : 0x10b117119e6d0d : 2 : ittapi_config_apply_per_lib :  ITTAPI function NOT instrumented (not matched by --itt-config option): __itt_notify_sync_name

26093 : 0x10b117119e757a : 2 : ittapi_config_apply_per_lib :  ITTAPI function NOT instrumented (not matched by --itt-config option): __itt_notify_sync_prepare

26093 : 0x10b117119e7def : 2 : ittapi_config_apply_per_lib :  ITTAPI function NOT instrumented (not matched by --itt-config option): __itt_notify_sync_cancel

26093 : 0x10b117119e8620 : 2 : ittapi_config_apply_per_lib :  ITTAPI function NOT instrumented (not matched by --itt-config option): __itt_notify_sync_acquired

26093 : 0x10b117119e8e66 : 2 : ittapi_config_apply_per_lib :  ITTAPI function NOT instrumented (not matched by --itt-config option): __itt_notify_sync_releasing

26093 : 0x10b117119e98e8 : 2 : ittapi_config_apply_per_lib :  ITTAPI function not implemented: __itt_memory_read
26093 : 0x10b117119ea385 : 2 : ittapi_config_apply_per_lib :  ITTAPI function not implemented: __itt_memory_write
26093 : 0x10b117119eae4b : 2 : ittapi_config_apply_per_lib :  ITTAPI function not implemented: __itt_memory_update
26093 : 0x10b117119ed961 : 2 : ittapi_config_apply_per_lib :  ITTAPI function not implemented: __itt_state_get
26093 : 0x10b117119ee48b : 2 : ittapi_config_apply_per_lib :  ITTAPI function not implemented: __itt_state_set
26093 : 0x10b117119eef85 : 2 : ittapi_config_apply_per_lib :  ITTAPI function not implemented: __itt_obj_mode_set
26093 : 0x10b117119efa0e : 2 : ittapi_config_apply_per_lib :  ITTAPI function not implemented: __itt_thr_mode_set
26093 : 0x10b117119f0339 : 2 : ittapi_config_apply_per_lib :  ITTAPI function instrumented: __itt_frame_create
26093 : 0x10b117119f0cc3 : 2 : ittapi_config_apply_per_lib :  ITTAPI function instrumented: __itt_frame_begin
26093 : 0x10b117119f1626 : 2 : ittapi_config_apply_per_lib :  ITTAPI function instrumented: __itt_frame_end
26093 : 0x10b117119f1f7c : 2 : ittapi_config_apply_per_lib :  ITTAPI function instrumented: __itt_counter_create
26093 : 0x10b117119f2a1f : 2 : ittapi_config_apply_per_lib :  ITTAPI function not implemented: __itt_counter_destroy
26093 : 0x10b117119f335c : 2 : ittapi_config_apply_per_lib :  ITTAPI function instrumented: __itt_counter_inc
26093 : 0x10b117119f53f9 : 2 : ittapi_config_apply_per_lib :  ITTAPI function instrumented: __itt_counter_inc_delta
26093 : 0x10b117119f5f2f : 2 : ittapi_config_apply_per_lib :  ITTAPI function not implemented: __itt_mark_create
26093 : 0x10b117119f6991 : 2 : ittapi_config_apply_per_lib :  ITTAPI function not implemented: __itt_mark
26093 : 0x10b117119f7486 : 2 : ittapi_config_apply_per_lib :  ITTAPI function not implemented: __itt_mark_off
26093 : 0x10b117119f7ee5 : 2 : ittapi_config_apply_per_lib :  ITTAPI function not implemented: __itt_mark_global
26093 : 0x10b117119f894c : 2 : ittapi_config_apply_per_lib :  ITTAPI function not implemented: __itt_mark_global_off
26093 : 0x10b117119f935d : 2 : ittapi_config_apply_per_lib :  ITTAPI function instrumented: __itt_stack_caller_create
26093 : 0x10b117119f9d51 : 2 : ittapi_config_apply_per_lib :  ITTAPI function instrumented: __itt_stack_caller_destroy
26093 : 0x10b117119fa6cc : 2 : ittapi_config_apply_per_lib :  ITTAPI function instrumented: __itt_stack_callee_enter
26093 : 0x10b117119fb025 : 2 : ittapi_config_apply_per_lib :  ITTAPI function instrumented: __itt_stack_callee_leave
26093 : 0x10b117119fd127 : 2 : ittapi_config_apply_per_lib :  ITTAPI function not implemented: __itt_clock_domain_create
26093 : 0x10b117119fdcd4 : 2 : ittapi_config_apply_per_lib :  ITTAPI function not implemented: __itt_clock_domain_reset
26093 : 0x10b117119fe6fc : 2 : ittapi_config_apply_per_lib :  ITTAPI function not implemented: __itt_id_create_ex
26093 : 0x10b117119ff172 : 2 : ittapi_config_apply_per_lib :  ITTAPI function not implemented: __itt_id_destroy_ex
26093 : 0x10b117119ffc50 : 2 : ittapi_config_apply_per_lib :  ITTAPI function not implemented: __itt_task_begin_ex
26093 : 0x10b11711a0072a : 2 : ittapi_config_apply_per_lib :  ITTAPI function not implemented: __itt_task_begin_fn_ex
26093 : 0x10b11711a011ec : 2 : ittapi_config_apply_per_lib :  ITTAPI function not implemented: __itt_task_end_ex
26093 : 0x10b11711a01b81 : 2 : ittapi_config_apply_per_lib :  ITTAPI function instrumented: __itt_task_begin_overlapped
26093 : 0x10b11711a02682 : 2 : ittapi_config_apply_per_lib :  ITTAPI function not implemented: __itt_task_begin_overlapped_ex
26093 : 0x10b11711a03049 : 2 : ittapi_config_apply_per_lib :  ITTAPI function instrumented: __itt_task_end_overlapped
26093 : 0x10b11711a0528e : 2 : ittapi_config_apply_per_lib :  ITTAPI function not implemented: __itt_task_end_overlapped_ex
26093 : 0x10b11711a05d47 : 2 : ittapi_config_apply_per_lib :  ITTAPI function not implemented: __itt_marker_ex
26093 : 0x10b11711a06818 : 2 : ittapi_config_apply_per_lib :  ITTAPI function not implemented: __itt_metadata_add_with_scope
26093 : 0x10b11711a0732b : 2 : ittapi_config_apply_per_lib :  ITTAPI function not implemented: __itt_metadata_str_add_with_scope
26093 : 0x10b11711a07e61 : 2 : ittapi_config_apply_per_lib :  ITTAPI function not implemented: __itt_relation_add_to_current_ex
26093 : 0x10b11711a088d4 : 2 : ittapi_config_apply_per_lib :  ITTAPI function not implemented: __itt_relation_add_ex
26093 : 0x10b11711a093a1 : 2 : ittapi_config_apply_per_lib :  ITTAPI function not implemented: __itt_track_group_create
26093 : 0x10b11711a09e33 : 2 : ittapi_config_apply_per_lib :  ITTAPI function not implemented: __itt_track_create
26093 : 0x10b11711a0a82e : 2 : ittapi_config_apply_per_lib :  ITTAPI function not implemented: __itt_set_track
26093 : 0x10b11711a0b19f : 2 : ittapi_config_apply_per_lib :  ITTAPI function instrumented: __itt_api_version
26093 : 0x10b11711a0d9cc : 2 : ittapi_config_apply_per_lib :  ITTAPI function not implemented: __itt_av_save